<?xml version="1.0" encoding="UTF-8"?>
<robot generator="Robot 7.1 (Python 3.10.12 on darwin)" generated="2024-09-25T20:28:42.561530" rpa="false" schemaversion="5">
<suite id="s1" name="Test Categories" source="/Users/dandev947366/Desktop/HAMK-8-2024/Software-Testing/SWT-Team4/SWT-Team4/Jimms-SWT/categories/test_categories.robot">
<test id="s1-t1" name="Verify All Product Categories Have Landing Pages" line="20">
<kw name="Create Session" owner="RequestsLibrary">
<msg time="2024-09-25T20:28:42.846098" level="INFO">Creating Session using : alias=jimms, url=https://www.jimms.fi/fi/Product/, headers={},                     cookies={}, auth=None, timeout=None, proxies=None, verify=False,                     debug=0 </msg>
<arg>jimms</arg>
<arg>${BASE_URL}</arg>
<doc>Create Session: create a HTTP session to a server</doc>
<status status="PASS" start="2024-09-25T20:28:42.845981" elapsed="0.000251"/>
</kw>
<kw name="Open Browser" owner="SeleniumLibrary">
<msg time="2024-09-25T20:28:42.846481" level="INFO">Opening browser 'Chrome' to base url 'https://www.jimms.fi/fi/Product/'.</msg>
<arg>${BASE_URL}</arg>
<arg>${BROWSER}</arg>
<doc>Opens a new browser instance to the optional ``url``.</doc>
<status status="PASS" start="2024-09-25T20:28:42.846359" elapsed="2.797940"/>
</kw>
<for flavor="IN">
<iter>
<kw name="Set Variable" owner="BuiltIn">
<msg time="2024-09-25T20:28:45.645163" level="INFO">${category_url} = https://www.jimms.fi/fi/Product/Tietokoneet</msg>
<var>${category_url}</var>
<arg>${BASE_URL}${category}</arg>
<doc>Returns the given values which can then be assigned to a variables.</doc>
<status status="PASS" start="2024-09-25T20:28:45.644995" elapsed="0.000186"/>
</kw>
<kw name="Go To" owner="SeleniumLibrary">
<msg time="2024-09-25T20:28:45.645343" level="INFO">Opening url 'https://www.jimms.fi/fi/Product/Tietokoneet'</msg>
<arg>${category_url}</arg>
<doc>Navigates the current browser window to the provided ``url``.</doc>
<status status="PASS" start="2024-09-25T20:28:45.645257" elapsed="0.293802"/>
</kw>
<kw name="GET On Session" owner="RequestsLibrary">
<msg time="2024-09-25T20:28:46.055940" level="INFO">GET Request : url=https://www.jimms.fi/fi/Product/Tietokoneet 
 path_url=/fi/Product/Tietokoneet 
 headers={'User-Agent': 'python-requests/2.32.3', 'Accept-Encoding': 'gzip, deflate', 'Accept': '*/*', 'Connection': 'keep-alive'} 
 body=None 
 </msg>
<msg time="2024-09-25T20:28:46.056411" level="INFO">GET Response : url=https://www.jimms.fi/fi/Product/Tietokoneet 
 status=200, reason=OK 
 headers={'Date': 'Wed, 25 Sep 2024 17:28:46 GMT', 'Content-Type': 'text/html; charset=utf-8', 'Transfer-Encoding': 'chunked', 'Connection': 'keep-alive', 'Cache-Control': 'private,private', 'set-cookie': 'JW.CurrentUICulture=fi; expires=Mon, 25-Sep-2034 17:28:46 GMT; path=/; HttpOnly', 'access-control-allow-origin': 'https://www.jimms.fi', 'CF-Cache-Status': 'DYNAMIC', 'Report-To': '{"endpoints":[{"url":"https:\\/\\/a.nel.cloudflare.com\\/report\\/v4?s=Dkuna13OBQ%2FVbq08vPAZLS6Yo9no6SzzzmH0%2BHMF1lEnNcwqDITgNPJvsktm%2FtAdyGebMRDU13xtuVcbZLhBM8sX5%2FgEVTuodeplh8%2FGws0rb0hagDHleIj8by24LA%3D%3D"}],"group":"cf-nel","max_age":604800}', 'NEL': '{"success_fraction":0,"report_to":"cf-nel","max_age":604800}', 'Server': 'cloudflare', 'CF-RAY': '8c8cbb87ac9dd916-HEL', 'Content-Encoding': 'gzip'} 
 body=
&lt;!DOCTYPE html&gt;
&lt;html lang="fi"&gt;
&lt;head&gt;
    &lt;meta charset="utf-8" /&gt;
    &lt;meta http-equiv="Content-Type" content="text/html; utf-8" /&gt;
    &lt;meta http-equiv="Content-language" content="fi" /&gt;

    &lt;meta name="viewport" content="width=device-width, initial-scale=1.0, minimum-scale=1.0, maximum-scale=2, user-scalable=yes, viewport-fit=auto"&gt;
    &lt;meta http-equiv="X-UA-Compatible" content="IE=edge,chrome=1" /&gt;
    &lt;meta name="format-detection" content="telephone=no" /&gt;
    &lt;meta http-equiv="cache-control" content="max-age=0" /&gt;
    &lt;meta http-equiv="cache-control" content="no-cache" /&gt;
    &lt;meta http-equiv="expires" content="0" /&gt;
    &lt;meta http-equiv="expires" content="Tue, 01 Jan 1980 1:00:00 GMT" /&gt;
    &lt;meta http-equiv="pragma" content="no-cache" /&gt;

    &lt;meta property="og:title" content="Tietokoneet - Jimms.fi"&gt;
&lt;meta property="og:url" content="https://www.jimms.fi/fi/Product/Tietokoneet"&gt;
&lt;meta property="og:image" content="http://www.jimms.fi/Content/Images/site/jimmsog.jpg"&gt;
&lt;meta property="og:image:secure_url" content="https://www.jimms.fi/Content/Images/site/jimmsog.jpg"&gt;
&lt;meta property="og:image:type" content="image/jpeg"&gt;
&lt;meta property="og:image:width" content="1200"&gt;
&lt;meta property="og:image:height" content="630"&gt;
&lt;meta property="og:description" content="Valikoimastamme l&amp;#246;yd&amp;#228;t pelikoneet, p&amp;#246;yt&amp;#228;koneet, kannettavat sek&amp;#228; tabletit jokaiseen makuun. Ja nettitilauksiin ilmaiset postikulut!"&gt;
&lt;meta property="og:site_name" content="Jimms.fi"&gt;
&lt;meta property="fb:app_id" content="297181540295864"&gt;
&lt;meta name="description" content="Valikoimastamme l&amp;#246;yd&amp;#228;t pelikoneet, p&amp;#246;yt&amp;#228;koneet, kannettavat sek&amp;#228; tabletit jokaiseen makuun. Ja nettitilauksiin ilmaiset postikulut!" /&gt;

    

	&lt;meta name="application-name" content="Jimms.fi"&gt;
	&lt;meta name="msapplication-TileColor" content="#333333"/&gt;
	&lt;meta name="msapplication-TileImage" content="/Content/SiteIcons/mstile-144x144.png"/&gt;
	&lt;meta name="theme-color" content="#bb3300"/&gt;

	&lt;link rel="apple-touch-icon" sizes="57x57" href="/Content/SiteIcons/apple-touch-icon-57x57.png"/&gt;
	&lt;link rel="apple-touch-icon" sizes="60x60" href="/Content/SiteIcons/apple-touch-icon-60x60.png"/&gt;
	&lt;link rel="apple-touch-icon" sizes="72x72" href="/Content/SiteIcons/apple-touch-icon-72x72.png"/&gt;
	&lt;link rel="apple-touch-icon" sizes="76x76" href="/Content/SiteIcons/apple-touch-icon-76x76.png"/&gt;
	&lt;link rel="apple-touch-icon" sizes="114x114" href="/Content/SiteIcons/apple-touch-icon-114x114.png"/&gt;
	&lt;link rel="apple-touch-icon" sizes="120x120" href="/Content/SiteIcons/apple-touch-icon-120x120.png"/&gt;
	&lt;link rel="apple-touch-icon" sizes="144x144" href="/Content/SiteIcons/apple-touch-icon-144x144.png"/&gt;
	&lt;link rel="apple-touch-icon" sizes="152x152" href="/Content/SiteIcons/apple-touch-icon-152x152.png"/&gt;
	&lt;link rel="apple-touch-icon" sizes="180x180" href="/Content/SiteIcons/apple-touch-icon-180x180.png"/&gt;
	
	&lt;link rel="icon" type="image/png" href="/Content/SiteIcons/favicon-32x32.png" sizes="32x32"/&gt;
	&lt;link rel="icon" type="image/png" href="/Content/SiteIcons/android-chrome-192x192.png" sizes="192x192"/&gt;
	&lt;link rel="icon" type="image/png" href="/Content/SiteIcons/favicon-96x96.png" sizes="96x96"/&gt;
	&lt;link rel="icon" type="image/png" href="/Content/SiteIcons/favicon-16x16.png" sizes="16x16"/&gt;
	
	&lt;link rel="manifest" href="/manifest.json?v4"/&gt;

	

    &lt;title&gt;Tietokoneet - Jimms.fi&lt;/title&gt;

    
    &lt;link rel="preload" href="/Content/fonts/opensans.woff2" as="font" type="font/woff2" crossorigin&gt;
    &lt;link rel="preload" href="/Content/fonts/material-icons-round.woff2" as="font" type="font/woff2" crossorigin&gt;
    
    &lt;link async rel="stylesheet" type="text/css" href="/Content/libs.min.css?v=fl_8" /&gt;
    &lt;link defer rel="stylesheet" type="text/css" href="/Content/jimms.min.css?v=fl_45" /&gt;

    
    &lt;script type="text/javascript"&gt;
        var languageCode = "fi";

        window.defaultTheme = 'auto';
        

    &lt;/script&gt;
    &lt;script type="text/javascript" src="/Scripts/app.bundle.js?v=fl_6"&gt;&lt;/script&gt;
    &lt;script type="text/javascript" src="/Scripts/jimmsfi.min.js?v=fl_45"&gt;&lt;/script&gt;

    
    &lt;script type="text/javascript"&gt;
        viewModel.ShoppingCart = new jimmsfi.ShoppingCartViewModel(true, 0, 0);
        

        window.DY = window.DY || {};
        DY.userActiveConsent = { accepted: false }
        DY.recommendationContext = {
            type: 'CATEGORY', 
            data: ['Tietokoneet'],
            lng: 'fi_FI'
        };
    &lt;/script&gt;

    
    &lt;script type="text/javascript"&gt;
        
        window.dataLayer = window.dataLayer || [];
        function gtag() { dataLayer.push(arguments); }

        gtag('consent', 'default', {'functionality_storage':'granted','security_storage':'granted','analytics_storage':'denied','personalization_storage':'denied','ad_storage':'denied','ad_user_data': 'denied','ad_personalization':'denied',wait_for_update: 100}); 

        dataLayer.push({'event': 'page_information', 'pageType': 'category'});
        dataLayer.push({'event': 'page_Theme','pageTheme': window.currentTheme});

        window.gtm_consent = {'analytics_storage':'denied','personalization_storage':'denied','ad_storage':'denied','ad_user_data': 'denied','ad_personalization':'denied'};
        gtag('set', 'ads_data_redaction', true);
    &lt;/script&gt;

    &lt;script type="text/javascript" src="/Scripts/ui.bundle.js?v=fl_8"&gt;&lt;/script&gt;
    &lt;script type="text/javascript" src="/Scripts/elements.min.js?v=fl_25"&gt;&lt;/script&gt;

    
    
 

	&lt;!-- Google Tag Manager --&gt;
&lt;script&gt;(function(w,d,s,l,i){w[l]=w[l]||[];w[l].push({'gtm.start':
new Date().getTime(),event:'gtm.js'});var f=d.getElementsByTagName(s)[0],
j=d.createElement(s),dl=l!='dataLayer'?'&amp;l='+l:'';j.async=true;j.src=
'https://www.googletagmanager.com/gtm.js?id='+i+dl;f.parentNode.insertBefore(j,f);
})(window,document,'script','dataLayer','GTM-MTKJJ5');&lt;/script&gt;
&lt;!-- End Google Tag Manager --&gt;


    






 
    



    &lt;link rel="preconnect" href="//cdn-eu.dynamicyield.com"&gt;
    &lt;link rel="preconnect" href="//st-eu.dynamicyield.com"&gt;
    &lt;link rel="preconnect" href="//rcom-eu.dynamicyield.com"&gt;
    &lt;link rel="dns-prefetch" href="//cdn-eu.dynamicyield.com"&gt;
    &lt;link rel="dns-prefetch" href="//st-eu.dynamicyield.com"&gt;
    &lt;link rel="dns-prefetch" href="//rcom-eu.dynamicyield.com"&gt;


    &lt;script type="text/plain" data-category="analytics_cookies" src="//cdn-eu.dynamicyield.com/api/9879196/api_dynamic.js"&gt;&lt;/script&gt;
    &lt;script type="text/plain" data-category="analytics_cookies" src="//cdn-eu.dynamicyield.com/api/9879196/api_static.js"&gt;&lt;/script&gt; 


    
&lt;/head&gt;

&lt;body&gt;

    &lt;!-- Google Tag Manager (noscript) --&gt;
&lt;noscript&gt;&lt;iframe src="https://www.googletagmanager.com/ns.html?id=GTM-MTKJJ5"
height="0" width="0" style="display:none;visibility:hidden"&gt;&lt;/iframe&gt;&lt;/noscript&gt;
&lt;!-- End Google Tag Manager (noscript) --&gt;

    

    &lt;div class="jim-toplinkbar"&gt;
    &lt;div class="container"&gt;

        &lt;a href="https://blog.jimms.fi" target=_blank&gt;Blogi&lt;/a&gt;
        &lt;a href="/fi/Info/Faq"&gt;UKK&lt;/a&gt;
        &lt;a href="/fi/Pages/B2B"&gt;Yritysmyynti&lt;/a&gt;
        &lt;a href="/fi/Info/Contact"&gt;Yhteystiedot&lt;/a&gt;

        &lt;div class="separator-line"&gt;

            &lt;span role="button" class="dropdown-toggle btn-icon" data-bs-toggle="dropdown" aria-haspopup="true" aria-expanded="false"&gt;
                &lt;i class="material-icon theme-icon-active"&gt;dark_mode&lt;/i&gt;
            &lt;/span&gt;

            &lt;ul class="dropdown-menu dropdown-menu-end" role="menu" style="z-index: 1100; --bs-dropdown-min-width: 12rem;"&gt;
                &lt;li&gt;&lt;button class="dropdown-item d-flex align-items-center gap-2" data-bs-theme-value="light"&gt;&lt;i class="material-icon theme-icon"&gt;light_mode&lt;/i&gt; Vaalea &lt;i class="material-icon ms-auto theme-active-check d-none"&gt;check&lt;/i&gt;&lt;/button&gt;&lt;/li&gt;
                &lt;li&gt;&lt;button class="dropdown-item d-flex align-items-center gap-2" data-bs-theme-value="dark"&gt;&lt;i class="material-icon"&gt;dark_mode&lt;/i&gt; Tumma &lt;i class="material-icon ms-auto theme-active-check d-none"&gt;check&lt;/i&gt;&lt;/button&gt;&lt;/li&gt;
                &lt;li&gt;&lt;button class="dropdown-item d-flex align-items-center gap-2" data-bs-theme-value="auto"&gt;&lt;i class="material-icon"&gt;brightness_medium&lt;/i&gt; Automaattinen &lt;i class="material-icon ms-auto theme-active-check d-none"&gt;check&lt;/i&gt;&lt;/button&gt;&lt;/li&gt;
            &lt;/ul&gt;
        &lt;/div&gt;

        &lt;jim-store-language class="jim-store-language separator-line"&gt;

            &lt;span role="button" class="dropdown-toggle text-uppercase" data-bs-toggle="dropdown" aria-haspopup="true" aria-expanded="false"&gt;
                fi
            &lt;/span&gt;

            &lt;ul class="dropdown-menu dropdown-menu-end" role="menu" style="z-index: 1100"&gt;
                &lt;li&gt;&lt;a class="dropdown-item" href="/fi/Home/ChangeCurrentCulture?newlang=fi"&gt;&lt;div class="flag-fi img-fluid border-radius-circle d-inline-block me-2" style="width: 1rem; height: 1rem"&gt;&lt;/div&gt; Suomi&lt;/a&gt;&lt;/li&gt;
                
            &lt;/ul&gt;
        &lt;/jim-store-language&gt;
    &lt;/div&gt;
&lt;/div&gt;

&lt;script&gt;
    const showActiveTheme = theme =&gt; {
        const activeThemeIcon = document.querySelector('i.theme-icon-active');
        const btnToActive = document.querySelector(`[data-bs-theme-value="${theme}"]`);
        document.querySelectorAll('[data-bs-theme-value] &gt; i.theme-active-check').forEach(element =&gt; {
            if (element.parentNode == btnToActive) {
                element.classList.remove('d-none');
                activeThemeIcon.innerHTML = btnToActive.childNodes[0].innerHTML;
            }
            else {
                element.classList.add('d-none');
            }
        });
    }
    showActiveTheme(getPreferredTheme());
   
    window.addEventListener('DOMContentLoaded', () =&gt; {
        document.querySelectorAll('[data-bs-theme-value]').forEach(toggle =&gt; {
            toggle.addEventListener('click', () =&gt; {
                const... (set the log level to DEBUG or TRACE to see the full content) 
 </msg>
<msg time="2024-09-25T20:28:46.056623" level="INFO">/Users/dandev947366/Desktop/HAMK-8-2024/Software-Testing/SWT-Team4/SWT-Team4/Jimms-SWT/categories/venv/lib/python3.10/site-packages/urllib3/connectionpool.py:1099: InsecureRequestWarning: Unverified HTTPS request is being made to host 'www.jimms.fi'. Adding certificate verification is strongly advised. See: https://urllib3.readthedocs.io/en/latest/advanced-usage.html#tls-warnings
  warnings.warn(</msg>
<msg time="2024-09-25T20:28:46.056724" level="INFO">${response} = &lt;Response [200]&gt;</msg>
<var>${response}</var>
<arg>jimms</arg>
<arg>${category}</arg>
<doc>Sends a GET request on a previously created HTTP Session.</doc>
<status status="PASS" start="2024-09-25T20:28:45.939406" elapsed="0.117337"/>
</kw>
<kw name="Run Keyword And Ignore Error" owner="BuiltIn">
<kw name="Should Be Equal As Numbers" owner="BuiltIn">
<msg time="2024-09-25T20:28:46.057430" level="INFO">Argument types are:
&lt;class 'int'&gt;
&lt;class 'str'&gt;</msg>
<arg>${response.status_code}</arg>
<arg>200</arg>
<arg>msg=Landing page for ${category} did not return a 200 status.</arg>
<doc>Fails if objects are unequal after converting them to real numbers.</doc>
<status status="PASS" start="2024-09-25T20:28:46.057008" elapsed="0.000458"/>
</kw>
<arg>Should Be Equal As Numbers</arg>
<arg>${response.status_code}</arg>
<arg>200</arg>
<arg>msg=Landing page for ${category} did not return a 200 status.</arg>
<doc>Runs the given keyword with the given arguments and ignores possible error.</doc>
<status status="PASS" start="2024-09-25T20:28:46.056887" elapsed="0.000621"/>
</kw>
<kw name="Wait Until Element Is Visible" owner="SeleniumLibrary">
<arg>${PRODUCT_LINK_SELECTOR}</arg>
<arg>timeout=10s</arg>
<doc>Waits until the element ``locator`` is visible.</doc>
<status status="PASS" start="2024-09-25T20:28:46.057586" elapsed="0.015955"/>
</kw>
<kw name="Get WebElement" owner="SeleniumLibrary">
<msg time="2024-09-25T20:28:46.078591" level="INFO">${product_link} = &lt;selenium.webdriver.remote.webelement.WebElement (session="8b78dd0755cc3ced413e8e029752f655", element="f.7AB0B496DAF215641575FFFD12DC36C2.d.141A4232C134EBC8CC8BD8E65086990F.e.56")&gt;</msg>
<var>${product_link}</var>
<arg>${PRODUCT_LINK_SELECTOR}</arg>
<doc>Returns the first WebElement matching the given ``locator``.</doc>
<status status="PASS" start="2024-09-25T20:28:46.073731" elapsed="0.004895"/>
</kw>
<kw name="Get Text" owner="SeleniumLibrary">
<msg time="2024-09-25T20:28:46.086973" level="INFO">${link_text} = Asus 15,6" TUF Gaming A15 FA507NU, kannettava pelitietokone, Mecha Gray (Tarjous! Norm. 1129,90€)</msg>
<var>${link_text}</var>
<arg>${product_link}</arg>
<doc>Returns the text value of the element identified by ``locator``.</doc>
<status status="PASS" start="2024-09-25T20:28:46.078770" elapsed="0.008235"/>
</kw>
<kw name="Log" owner="BuiltIn">
<msg time="2024-09-25T20:28:46.087278" level="INFO">Product link text is: Asus 15,6" TUF Gaming A15 FA507NU, kannettava pelitietokone, Mecha Gray (Tarjous! Norm. 1129,90€)</msg>
<arg>Product link text is: ${link_text}</arg>
<doc>Logs the given message with the given level.</doc>
<status status="PASS" start="2024-09-25T20:28:46.087145" elapsed="0.000168"/>
</kw>
<kw name="Get WebElement" owner="SeleniumLibrary">
<msg time="2024-09-25T20:28:46.094005" level="INFO">${add_to_cart} = &lt;selenium.webdriver.remote.webelement.WebElement (session="8b78dd0755cc3ced413e8e029752f655", element="f.7AB0B496DAF215641575FFFD12DC36C2.d.141A4232C134EBC8CC8BD8E65086990F.e.57")&gt;</msg>
<var>${add_to_cart}</var>
<arg>${ADD_TO_CART_BUTTON_SELECTOR}</arg>
<doc>Returns the first WebElement matching the given ``locator``.</doc>
<status status="PASS" start="2024-09-25T20:28:46.087443" elapsed="0.006597"/>
</kw>
<kw name="Element Should Be Visible" owner="SeleniumLibrary">
<msg time="2024-09-25T20:28:46.098304" level="INFO">Element '&lt;selenium.webdriver.remote.webelement.WebElement (session="8b78dd0755cc3ced413e8e029752f655", element="f.7AB0B496DAF215641575FFFD12DC36C2.d.141A4232C134EBC8CC8BD8E65086990F.e.57")&gt;' is displayed.</msg>
<arg>${add_to_cart}</arg>
<doc>Verifies that the element identified by ``locator`` is visible.</doc>
<status status="PASS" start="2024-09-25T20:28:46.094178" elapsed="0.004189"/>
</kw>
<kw name="Sleep" owner="BuiltIn">
<msg time="2024-09-25T20:28:48.099334" level="INFO">Slept 2 seconds.</msg>
<arg>2s</arg>
<doc>Pauses the test executed for the given time.</doc>
<status status="PASS" start="2024-09-25T20:28:46.098470" elapsed="2.000979"/>
</kw>
<kw name="Get WebElement" owner="SeleniumLibrary">
<msg time="2024-09-25T20:28:48.105873" level="INFO">${price} = &lt;selenium.webdriver.remote.webelement.WebElement (session="8b78dd0755cc3ced413e8e029752f655", element="f.7AB0B496DAF215641575FFFD12DC36C2.d.141A4232C134EBC8CC8BD8E65086990F.e.69")&gt;</msg>
<var>${price}</var>
<arg>${PRODUCT_PRICE_SELECTOR}</arg>
<doc>Returns the first WebElement matching the given ``locator``.</doc>
<status status="PASS" start="2024-09-25T20:28:48.099639" elapsed="0.006272"/>
</kw>
<kw name="Should Not Be Empty" owner="BuiltIn">
<msg time="2024-09-25T20:28:48.110785" level="INFO">Length is 10.</msg>
<arg>${price.text}</arg>
<arg>msg=Product price is missing in ${category}</arg>
<doc>Verifies that the given item is not empty.</doc>
<status status="PASS" start="2024-09-25T20:28:48.106087" elapsed="0.004744"/>
</kw>
<kw name="Sleep" owner="BuiltIn">
<msg time="2024-09-25T20:28:50.111872" level="INFO">Slept 2 seconds.</msg>
<arg>2s</arg>
<doc>Pauses the test executed for the given time.</doc>
<status status="PASS" start="2024-09-25T20:28:48.110942" elapsed="2.001077"/>
</kw>
<kw name="Capture Page Screenshot" owner="SeleniumLibrary">
<msg time="2024-09-25T20:28:50.200730" level="INFO" html="true">&lt;/td&gt;&lt;/tr&gt;&lt;tr&gt;&lt;td colspan="3"&gt;&lt;a href="Tietokoneet_landing_page.png"&gt;&lt;img src="Tietokoneet_landing_page.png" width="800px"&gt;&lt;/a&gt;</msg>
<arg>${category}_landing_page.png</arg>
<doc>Takes a screenshot of the current page and embeds it into a log file.</doc>
<status status="PASS" start="2024-09-25T20:28:50.112176" elapsed="0.088641"/>
</kw>
<kw name="Sleep" owner="BuiltIn">
<msg time="2024-09-25T20:28:52.201323" level="INFO">Slept 2 seconds.</msg>
<arg>2s</arg>
<doc>Pauses the test executed for the given time.</doc>
<status status="PASS" start="2024-09-25T20:28:50.200953" elapsed="2.000462"/>
</kw>
<var name="${category}">Tietokoneet</var>
<status status="PASS" start="2024-09-25T20:28:45.644859" elapsed="6.556614"/>
</iter>
<iter>
<kw name="Set Variable" owner="BuiltIn">
<msg time="2024-09-25T20:28:52.201988" level="INFO">${category_url} = https://www.jimms.fi/fi/Product/Komponentit</msg>
<var>${category_url}</var>
<arg>${BASE_URL}${category}</arg>
<doc>Returns the given values which can then be assigned to a variables.</doc>
<status status="PASS" start="2024-09-25T20:28:52.201761" elapsed="0.000271"/>
</kw>
<kw name="Go To" owner="SeleniumLibrary">
<msg time="2024-09-25T20:28:52.202209" level="INFO">Opening url 'https://www.jimms.fi/fi/Product/Komponentit'</msg>
<arg>${category_url}</arg>
<doc>Navigates the current browser window to the provided ``url``.</doc>
<status status="PASS" start="2024-09-25T20:28:52.202114" elapsed="0.290717"/>
</kw>
<kw name="GET On Session" owner="RequestsLibrary">
<msg time="2024-09-25T20:28:52.593929" level="INFO">GET Request : url=https://www.jimms.fi/fi/Product/Komponentit 
 path_url=/fi/Product/Komponentit 
 headers={'User-Agent': 'python-requests/2.32.3', 'Accept-Encoding': 'gzip, deflate', 'Accept': '*/*', 'Connection': 'keep-alive', 'Cookie': 'JW.CurrentUICulture=fi'} 
 body=None 
 </msg>
<msg time="2024-09-25T20:28:52.594408" level="INFO">GET Response : url=https://www.jimms.fi/fi/Product/Komponentit 
 status=200, reason=OK 
 headers={'Date': 'Wed, 25 Sep 2024 17:28:52 GMT', 'Content-Type': 'text/html; charset=utf-8', 'Transfer-Encoding': 'chunked', 'Connection': 'keep-alive', 'Cache-Control': 'private,private', 'access-control-allow-origin': 'https://www.jimms.fi', 'CF-Cache-Status': 'DYNAMIC', 'Report-To': '{"endpoints":[{"url":"https:\\/\\/a.nel.cloudflare.com\\/report\\/v4?s=I%2F4gqaNxOTxCWWKwlgPfbwojaMcR3bG9%2FSBCaxkZJAabUiH3sgeeTAqiR1W%2BvZpZTKgNBx%2Bm3mdGBK5Nhv1JE31XQ1v9o7j3lOS177YTaxyuQq%2BeoqC2savG%2FGoq5Q%3D%3D"}],"group":"cf-nel","max_age":604800}', 'NEL': '{"success_fraction":0,"report_to":"cf-nel","max_age":604800}', 'Server': 'cloudflare', 'CF-RAY': '8c8cbbb03becd916-HEL', 'Content-Encoding': 'gzip'} 
 body=
&lt;!DOCTYPE html&gt;
&lt;html lang="fi"&gt;
&lt;head&gt;
    &lt;meta charset="utf-8" /&gt;
    &lt;meta http-equiv="Content-Type" content="text/html; utf-8" /&gt;
    &lt;meta http-equiv="Content-language" content="fi" /&gt;

    &lt;meta name="viewport" content="width=device-width, initial-scale=1.0, minimum-scale=1.0, maximum-scale=2, user-scalable=yes, viewport-fit=auto"&gt;
    &lt;meta http-equiv="X-UA-Compatible" content="IE=edge,chrome=1" /&gt;
    &lt;meta name="format-detection" content="telephone=no" /&gt;
    &lt;meta http-equiv="cache-control" content="max-age=0" /&gt;
    &lt;meta http-equiv="cache-control" content="no-cache" /&gt;
    &lt;meta http-equiv="expires" content="0" /&gt;
    &lt;meta http-equiv="expires" content="Tue, 01 Jan 1980 1:00:00 GMT" /&gt;
    &lt;meta http-equiv="pragma" content="no-cache" /&gt;

    &lt;meta property="og:title" content="Komponentit - Jimms.fi"&gt;
&lt;meta property="og:url" content="https://www.jimms.fi/fi/Product/Komponentit"&gt;
&lt;meta property="og:image" content="http://www.jimms.fi/Content/Images/site/jimmsog.jpg"&gt;
&lt;meta property="og:image:secure_url" content="https://www.jimms.fi/Content/Images/site/jimmsog.jpg"&gt;
&lt;meta property="og:image:type" content="image/jpeg"&gt;
&lt;meta property="og:image:width" content="1200"&gt;
&lt;meta property="og:image:height" content="630"&gt;
&lt;meta property="og:description" content="Suomen kattavin valikoima komponentteja peruskoneen tai tehokkaan peli- ja ty&amp;#246;tietokoneen rakentamoiseen. Ja nettitilauksiin ilmaiset postikulut!"&gt;
&lt;meta property="og:site_name" content="Jimms.fi"&gt;
&lt;meta property="fb:app_id" content="297181540295864"&gt;
&lt;meta name="description" content="Suomen kattavin valikoima komponentteja peruskoneen tai tehokkaan peli- ja ty&amp;#246;tietokoneen rakentamoiseen. Ja nettitilauksiin ilmaiset postikulut!" /&gt;

    

	&lt;meta name="application-name" content="Jimms.fi"&gt;
	&lt;meta name="msapplication-TileColor" content="#333333"/&gt;
	&lt;meta name="msapplication-TileImage" content="/Content/SiteIcons/mstile-144x144.png"/&gt;
	&lt;meta name="theme-color" content="#bb3300"/&gt;

	&lt;link rel="apple-touch-icon" sizes="57x57" href="/Content/SiteIcons/apple-touch-icon-57x57.png"/&gt;
	&lt;link rel="apple-touch-icon" sizes="60x60" href="/Content/SiteIcons/apple-touch-icon-60x60.png"/&gt;
	&lt;link rel="apple-touch-icon" sizes="72x72" href="/Content/SiteIcons/apple-touch-icon-72x72.png"/&gt;
	&lt;link rel="apple-touch-icon" sizes="76x76" href="/Content/SiteIcons/apple-touch-icon-76x76.png"/&gt;
	&lt;link rel="apple-touch-icon" sizes="114x114" href="/Content/SiteIcons/apple-touch-icon-114x114.png"/&gt;
	&lt;link rel="apple-touch-icon" sizes="120x120" href="/Content/SiteIcons/apple-touch-icon-120x120.png"/&gt;
	&lt;link rel="apple-touch-icon" sizes="144x144" href="/Content/SiteIcons/apple-touch-icon-144x144.png"/&gt;
	&lt;link rel="apple-touch-icon" sizes="152x152" href="/Content/SiteIcons/apple-touch-icon-152x152.png"/&gt;
	&lt;link rel="apple-touch-icon" sizes="180x180" href="/Content/SiteIcons/apple-touch-icon-180x180.png"/&gt;
	
	&lt;link rel="icon" type="image/png" href="/Content/SiteIcons/favicon-32x32.png" sizes="32x32"/&gt;
	&lt;link rel="icon" type="image/png" href="/Content/SiteIcons/android-chrome-192x192.png" sizes="192x192"/&gt;
	&lt;link rel="icon" type="image/png" href="/Content/SiteIcons/favicon-96x96.png" sizes="96x96"/&gt;
	&lt;link rel="icon" type="image/png" href="/Content/SiteIcons/favicon-16x16.png" sizes="16x16"/&gt;
	
	&lt;link rel="manifest" href="/manifest.json?v4"/&gt;

	

    &lt;title&gt;Komponentit - Jimms.fi&lt;/title&gt;

    
    &lt;link rel="preload" href="/Content/fonts/opensans.woff2" as="font" type="font/woff2" crossorigin&gt;
    &lt;link rel="preload" href="/Content/fonts/material-icons-round.woff2" as="font" type="font/woff2" crossorigin&gt;
    
    &lt;link async rel="stylesheet" type="text/css" href="/Content/libs.min.css?v=fl_8" /&gt;
    &lt;link defer rel="stylesheet" type="text/css" href="/Content/jimms.min.css?v=fl_45" /&gt;

    
    &lt;script type="text/javascript"&gt;
        var languageCode = "fi";

        window.defaultTheme = 'auto';
        

    &lt;/script&gt;
    &lt;script type="text/javascript" src="/Scripts/app.bundle.js?v=fl_6"&gt;&lt;/script&gt;
    &lt;script type="text/javascript" src="/Scripts/jimmsfi.min.js?v=fl_45"&gt;&lt;/script&gt;

    
    &lt;script type="text/javascript"&gt;
        viewModel.ShoppingCart = new jimmsfi.ShoppingCartViewModel(true, 0, 0);
        

        window.DY = window.DY || {};
        DY.userActiveConsent = { accepted: false }
        DY.recommendationContext = {
            type: 'CATEGORY', 
            data: ['Komponentit'],
            lng: 'fi_FI'
        };
    &lt;/script&gt;

    
    &lt;script type="text/javascript"&gt;
        
        window.dataLayer = window.dataLayer || [];
        function gtag() { dataLayer.push(arguments); }

        gtag('consent', 'default', {'functionality_storage':'granted','security_storage':'granted','analytics_storage':'denied','personalization_storage':'denied','ad_storage':'denied','ad_user_data': 'denied','ad_personalization':'denied',wait_for_update: 100}); 

        dataLayer.push({'event': 'page_information', 'pageType': 'category'});
        dataLayer.push({'event': 'page_Theme','pageTheme': window.currentTheme});

        window.gtm_consent = {'analytics_storage':'denied','personalization_storage':'denied','ad_storage':'denied','ad_user_data': 'denied','ad_personalization':'denied'};
        gtag('set', 'ads_data_redaction', true);
    &lt;/script&gt;

    &lt;script type="text/javascript" src="/Scripts/ui.bundle.js?v=fl_8"&gt;&lt;/script&gt;
    &lt;script type="text/javascript" src="/Scripts/elements.min.js?v=fl_25"&gt;&lt;/script&gt;

    
    
 

	&lt;!-- Google Tag Manager --&gt;
&lt;script&gt;(function(w,d,s,l,i){w[l]=w[l]||[];w[l].push({'gtm.start':
new Date().getTime(),event:'gtm.js'});var f=d.getElementsByTagName(s)[0],
j=d.createElement(s),dl=l!='dataLayer'?'&amp;l='+l:'';j.async=true;j.src=
'https://www.googletagmanager.com/gtm.js?id='+i+dl;f.parentNode.insertBefore(j,f);
})(window,document,'script','dataLayer','GTM-MTKJJ5');&lt;/script&gt;
&lt;!-- End Google Tag Manager --&gt;


    






 
    



    &lt;link rel="preconnect" href="//cdn-eu.dynamicyield.com"&gt;
    &lt;link rel="preconnect" href="//st-eu.dynamicyield.com"&gt;
    &lt;link rel="preconnect" href="//rcom-eu.dynamicyield.com"&gt;
    &lt;link rel="dns-prefetch" href="//cdn-eu.dynamicyield.com"&gt;
    &lt;link rel="dns-prefetch" href="//st-eu.dynamicyield.com"&gt;
    &lt;link rel="dns-prefetch" href="//rcom-eu.dynamicyield.com"&gt;


    &lt;script type="text/plain" data-category="analytics_cookies" src="//cdn-eu.dynamicyield.com/api/9879196/api_dynamic.js"&gt;&lt;/script&gt;
    &lt;script type="text/plain" data-category="analytics_cookies" src="//cdn-eu.dynamicyield.com/api/9879196/api_static.js"&gt;&lt;/script&gt; 


    
&lt;/head&gt;

&lt;body&gt;

    &lt;!-- Google Tag Manager (noscript) --&gt;
&lt;noscript&gt;&lt;iframe src="https://www.googletagmanager.com/ns.html?id=GTM-MTKJJ5"
height="0" width="0" style="display:none;visibility:hidden"&gt;&lt;/iframe&gt;&lt;/noscript&gt;
&lt;!-- End Google Tag Manager (noscript) --&gt;

    

    &lt;div class="jim-toplinkbar"&gt;
    &lt;div class="container"&gt;

        &lt;a href="https://blog.jimms.fi" target=_blank&gt;Blogi&lt;/a&gt;
        &lt;a href="/fi/Info/Faq"&gt;UKK&lt;/a&gt;
        &lt;a href="/fi/Pages/B2B"&gt;Yritysmyynti&lt;/a&gt;
        &lt;a href="/fi/Info/Contact"&gt;Yhteystiedot&lt;/a&gt;

        &lt;div class="separator-line"&gt;

            &lt;span role="button" class="dropdown-toggle btn-icon" data-bs-toggle="dropdown" aria-haspopup="true" aria-expanded="false"&gt;
                &lt;i class="material-icon theme-icon-active"&gt;dark_mode&lt;/i&gt;
            &lt;/span&gt;

            &lt;ul class="dropdown-menu dropdown-menu-end" role="menu" style="z-index: 1100; --bs-dropdown-min-width: 12rem;"&gt;
                &lt;li&gt;&lt;button class="dropdown-item d-flex align-items-center gap-2" data-bs-theme-value="light"&gt;&lt;i class="material-icon theme-icon"&gt;light_mode&lt;/i&gt; Vaalea &lt;i class="material-icon ms-auto theme-active-check d-none"&gt;check&lt;/i&gt;&lt;/button&gt;&lt;/li&gt;
                &lt;li&gt;&lt;button class="dropdown-item d-flex align-items-center gap-2" data-bs-theme-value="dark"&gt;&lt;i class="material-icon"&gt;dark_mode&lt;/i&gt; Tumma &lt;i class="material-icon ms-auto theme-active-check d-none"&gt;check&lt;/i&gt;&lt;/button&gt;&lt;/li&gt;
                &lt;li&gt;&lt;button class="dropdown-item d-flex align-items-center gap-2" data-bs-theme-value="auto"&gt;&lt;i class="material-icon"&gt;brightness_medium&lt;/i&gt; Automaattinen &lt;i class="material-icon ms-auto theme-active-check d-none"&gt;check&lt;/i&gt;&lt;/button&gt;&lt;/li&gt;
            &lt;/ul&gt;
        &lt;/div&gt;

        &lt;jim-store-language class="jim-store-language separator-line"&gt;

            &lt;span role="button" class="dropdown-toggle text-uppercase" data-bs-toggle="dropdown" aria-haspopup="true" aria-expanded="false"&gt;
                fi
            &lt;/span&gt;

            &lt;ul class="dropdown-menu dropdown-menu-end" role="menu" style="z-index: 1100"&gt;
                &lt;li&gt;&lt;a class="dropdown-item" href="/fi/Home/ChangeCurrentCulture?newlang=fi"&gt;&lt;div class="flag-fi img-fluid border-radius-circle d-inline-block me-2" style="width: 1rem; height: 1rem"&gt;&lt;/div&gt; Suomi&lt;/a&gt;&lt;/li&gt;
                
            &lt;/ul&gt;
        &lt;/jim-store-language&gt;
    &lt;/div&gt;
&lt;/div&gt;

&lt;script&gt;
    const showActiveTheme = theme =&gt; {
        const activeThemeIcon = document.querySelector('i.theme-icon-active');
        const btnToActive = document.querySelector(`[data-bs-theme-value="${theme}"]`);
        document.querySelectorAll('[data-bs-theme-value] &gt; i.theme-active-check').forEach(element =&gt; {
            if (element.parentNode == btnToActive) {
                element.classList.remove('d-none');
                activeThemeIcon.innerHTML = btnToActive.childNodes[0].innerHTML;
            }
            else {
                element.classList.add('d-none');
            }
        });
    }
    showActiveTheme(getPreferredTheme());
   
    window.addEventListener('DOMContentLoaded', () =&gt; {
        document.querySelectorAll('[data-bs-theme-value]').forEach(toggle =&gt; {
            toggle.addEventListener('click', () =&gt; {
                const theme = tog... (set the log level to DEBUG or TRACE to see the full content) 
 </msg>
<msg time="2024-09-25T20:28:52.594663" level="INFO">/Users/dandev947366/Desktop/HAMK-8-2024/Software-Testing/SWT-Team4/SWT-Team4/Jimms-SWT/categories/venv/lib/python3.10/site-packages/urllib3/connectionpool.py:1099: InsecureRequestWarning: Unverified HTTPS request is being made to host 'www.jimms.fi'. Adding certificate verification is strongly advised. See: https://urllib3.readthedocs.io/en/latest/advanced-usage.html#tls-warnings
  warnings.warn(</msg>
<msg time="2024-09-25T20:28:52.594887" level="INFO">${response} = &lt;Response [200]&gt;</msg>
<var>${response}</var>
<arg>jimms</arg>
<arg>${category}</arg>
<doc>Sends a GET request on a previously created HTTP Session.</doc>
<status status="PASS" start="2024-09-25T20:28:52.493000" elapsed="0.101922"/>
</kw>
<kw name="Run Keyword And Ignore Error" owner="BuiltIn">
<kw name="Should Be Equal As Numbers" owner="BuiltIn">
<msg time="2024-09-25T20:28:52.595910" level="INFO">Argument types are:
&lt;class 'int'&gt;
&lt;class 'str'&gt;</msg>
<arg>${response.status_code}</arg>
<arg>200</arg>
<arg>msg=Landing page for ${category} did not return a 200 status.</arg>
<doc>Fails if objects are unequal after converting them to real numbers.</doc>
<status status="PASS" start="2024-09-25T20:28:52.595283" elapsed="0.000691"/>
</kw>
<arg>Should Be Equal As Numbers</arg>
<arg>${response.status_code}</arg>
<arg>200</arg>
<arg>msg=Landing page for ${category} did not return a 200 status.</arg>
<doc>Runs the given keyword with the given arguments and ignores possible error.</doc>
<status status="PASS" start="2024-09-25T20:28:52.595110" elapsed="0.000924"/>
</kw>
<kw name="Wait Until Element Is Visible" owner="SeleniumLibrary">
<arg>${PRODUCT_LINK_SELECTOR}</arg>
<arg>timeout=10s</arg>
<doc>Waits until the element ``locator`` is visible.</doc>
<status status="PASS" start="2024-09-25T20:28:52.596154" elapsed="0.009966"/>
</kw>
<kw name="Get WebElement" owner="SeleniumLibrary">
<msg time="2024-09-25T20:28:52.611856" level="INFO">${product_link} = &lt;selenium.webdriver.remote.webelement.WebElement (session="8b78dd0755cc3ced413e8e029752f655", element="f.7AB0B496DAF215641575FFFD12DC36C2.d.772B5FBC9E40EBA01AFB12CC09AC499D.e.100")&gt;</msg>
<var>${product_link}</var>
<arg>${PRODUCT_LINK_SELECTOR}</arg>
<doc>Returns the first WebElement matching the given ``locator``.</doc>
<status status="PASS" start="2024-09-25T20:28:52.606288" elapsed="0.005602"/>
</kw>
<kw name="Get Text" owner="SeleniumLibrary">
<msg time="2024-09-25T20:28:52.617345" level="INFO">${link_text} = Asus GeForce RTX 4070 Ti SUPER TUF Gaming - OC Edition -näytönohjain 16GB GDDR6X (Tarjous! Norm. 969,90€)</msg>
<var>${link_text}</var>
<arg>${product_link}</arg>
<doc>Returns the text value of the element identified by ``locator``.</doc>
<status status="PASS" start="2024-09-25T20:28:52.612037" elapsed="0.005338"/>
</kw>
<kw name="Log" owner="BuiltIn">
<msg time="2024-09-25T20:28:52.617630" level="INFO">Product link text is: Asus GeForce RTX 4070 Ti SUPER TUF Gaming - OC Edition -näytönohjain 16GB GDDR6X (Tarjous! Norm. 969,90€)</msg>
<arg>Product link text is: ${link_text}</arg>
<doc>Logs the given message with the given level.</doc>
<status status="PASS" start="2024-09-25T20:28:52.617503" elapsed="0.000158"/>
</kw>
<kw name="Get WebElement" owner="SeleniumLibrary">
<msg time="2024-09-25T20:28:52.622221" level="INFO">${add_to_cart} = &lt;selenium.webdriver.remote.webelement.WebElement (session="8b78dd0755cc3ced413e8e029752f655", element="f.7AB0B496DAF215641575FFFD12DC36C2.d.772B5FBC9E40EBA01AFB12CC09AC499D.e.101")&gt;</msg>
<var>${add_to_cart}</var>
<arg>${ADD_TO_CART_BUTTON_SELECTOR}</arg>
<doc>Returns the first WebElement matching the given ``locator``.</doc>
<status status="PASS" start="2024-09-25T20:28:52.617735" elapsed="0.004517"/>
</kw>
<kw name="Element Should Be Visible" owner="SeleniumLibrary">
<msg time="2024-09-25T20:28:52.626353" level="INFO">Element '&lt;selenium.webdriver.remote.webelement.WebElement (session="8b78dd0755cc3ced413e8e029752f655", element="f.7AB0B496DAF215641575FFFD12DC36C2.d.772B5FBC9E40EBA01AFB12CC09AC499D.e.101")&gt;' is displayed.</msg>
<arg>${add_to_cart}</arg>
<doc>Verifies that the element identified by ``locator`` is visible.</doc>
<status status="PASS" start="2024-09-25T20:28:52.622374" elapsed="0.004049"/>
</kw>
<kw name="Sleep" owner="BuiltIn">
<msg time="2024-09-25T20:28:54.627301" level="INFO">Slept 2 seconds.</msg>
<arg>2s</arg>
<doc>Pauses the test executed for the given time.</doc>
<status status="PASS" start="2024-09-25T20:28:52.626547" elapsed="2.000851"/>
</kw>
<kw name="Get WebElement" owner="SeleniumLibrary">
<msg time="2024-09-25T20:28:54.632113" level="INFO">${price} = &lt;selenium.webdriver.remote.webelement.WebElement (session="8b78dd0755cc3ced413e8e029752f655", element="f.7AB0B496DAF215641575FFFD12DC36C2.d.772B5FBC9E40EBA01AFB12CC09AC499D.e.116")&gt;</msg>
<var>${price}</var>
<arg>${PRODUCT_PRICE_SELECTOR}</arg>
<doc>Returns the first WebElement matching the given ``locator``.</doc>
<status status="PASS" start="2024-09-25T20:28:54.627548" elapsed="0.004598"/>
</kw>
<kw name="Should Not Be Empty" owner="BuiltIn">
<msg time="2024-09-25T20:28:54.636713" level="INFO">Length is 8.</msg>
<arg>${price.text}</arg>
<arg>msg=Product price is missing in ${category}</arg>
<doc>Verifies that the given item is not empty.</doc>
<status status="PASS" start="2024-09-25T20:28:54.632275" elapsed="0.004484"/>
</kw>
<kw name="Sleep" owner="BuiltIn">
<msg time="2024-09-25T20:28:56.637294" level="INFO">Slept 2 seconds.</msg>
<arg>2s</arg>
<doc>Pauses the test executed for the given time.</doc>
<status status="PASS" start="2024-09-25T20:28:54.636863" elapsed="2.000779"/>
</kw>
<kw name="Capture Page Screenshot" owner="SeleniumLibrary">
<msg time="2024-09-25T20:28:56.710219" level="INFO" html="true">&lt;/td&gt;&lt;/tr&gt;&lt;tr&gt;&lt;td colspan="3"&gt;&lt;a href="Komponentit_landing_page.png"&gt;&lt;img src="Komponentit_landing_page.png" width="800px"&gt;&lt;/a&gt;</msg>
<arg>${category}_landing_page.png</arg>
<doc>Takes a screenshot of the current page and embeds it into a log file.</doc>
<status status="PASS" start="2024-09-25T20:28:56.638084" elapsed="0.072234"/>
</kw>
<kw name="Sleep" owner="BuiltIn">
<msg time="2024-09-25T20:28:58.710875" level="INFO">Slept 2 seconds.</msg>
<arg>2s</arg>
<doc>Pauses the test executed for the given time.</doc>
<status status="PASS" start="2024-09-25T20:28:56.710484" elapsed="2.000485"/>
</kw>
<var name="${category}">Komponentit</var>
<status status="PASS" start="2024-09-25T20:28:52.201661" elapsed="6.509396"/>
</iter>
<iter>
<kw name="Set Variable" owner="BuiltIn">
<msg time="2024-09-25T20:28:58.711553" level="INFO">${category_url} = https://www.jimms.fi/fi/Product/Oheislaitteet</msg>
<var>${category_url}</var>
<arg>${BASE_URL}${category}</arg>
<doc>Returns the given values which can then be assigned to a variables.</doc>
<status status="PASS" start="2024-09-25T20:28:58.711360" elapsed="0.000226"/>
</kw>
<kw name="Go To" owner="SeleniumLibrary">
<msg time="2024-09-25T20:28:58.711795" level="INFO">Opening url 'https://www.jimms.fi/fi/Product/Oheislaitteet'</msg>
<arg>${category_url}</arg>
<doc>Navigates the current browser window to the provided ``url``.</doc>
<status status="PASS" start="2024-09-25T20:28:58.711689" elapsed="0.277658"/>
</kw>
<kw name="GET On Session" owner="RequestsLibrary">
<msg time="2024-09-25T20:28:59.074484" level="INFO">GET Request : url=https://www.jimms.fi/fi/Product/Oheislaitteet 
 path_url=/fi/Product/Oheislaitteet 
 headers={'User-Agent': 'python-requests/2.32.3', 'Accept-Encoding': 'gzip, deflate', 'Accept': '*/*', 'Connection': 'keep-alive', 'Cookie': 'JW.CurrentUICulture=fi'} 
 body=None 
 </msg>
<msg time="2024-09-25T20:28:59.074861" level="INFO">GET Response : url=https://www.jimms.fi/fi/Product/Oheislaitteet 
 status=200, reason=OK 
 headers={'Date': 'Wed, 25 Sep 2024 17:28:59 GMT', 'Content-Type': 'text/html; charset=utf-8', 'Transfer-Encoding': 'chunked', 'Connection': 'keep-alive', 'Cache-Control': 'private,private', 'access-control-allow-origin': 'https://www.jimms.fi', 'CF-Cache-Status': 'DYNAMIC', 'Report-To': '{"endpoints":[{"url":"https:\\/\\/a.nel.cloudflare.com\\/report\\/v4?s=S9SsCq8SUpmARgKD41o1b6oSSGDysU2xbTRMLTS8Q7jxQLyvDrmC61f8RTzMKp4GmSj0H2mislWz5nHBfDiIx0knpj%2BUEXVg2p3gJthn5OZDd8BKXjSMH%2B90lz3D5Q%3D%3D"}],"group":"cf-nel","max_age":604800}', 'NEL': '{"success_fraction":0,"report_to":"cf-nel","max_age":604800}', 'Server': 'cloudflare', 'CF-RAY': '8c8cbbd8dc7ed916-HEL', 'Content-Encoding': 'gzip', 'alt-svc': 'h3=":443"; ma=86400'} 
 body=
&lt;!DOCTYPE html&gt;
&lt;html lang="fi"&gt;
&lt;head&gt;
    &lt;meta charset="utf-8" /&gt;
    &lt;meta http-equiv="Content-Type" content="text/html; utf-8" /&gt;
    &lt;meta http-equiv="Content-language" content="fi" /&gt;

    &lt;meta name="viewport" content="width=device-width, initial-scale=1.0, minimum-scale=1.0, maximum-scale=2, user-scalable=yes, viewport-fit=auto"&gt;
    &lt;meta http-equiv="X-UA-Compatible" content="IE=edge,chrome=1" /&gt;
    &lt;meta name="format-detection" content="telephone=no" /&gt;
    &lt;meta http-equiv="cache-control" content="max-age=0" /&gt;
    &lt;meta http-equiv="cache-control" content="no-cache" /&gt;
    &lt;meta http-equiv="expires" content="0" /&gt;
    &lt;meta http-equiv="expires" content="Tue, 01 Jan 1980 1:00:00 GMT" /&gt;
    &lt;meta http-equiv="pragma" content="no-cache" /&gt;

    &lt;meta property="og:title" content="Oheislaitteet - Jimms.fi"&gt;
&lt;meta property="og:url" content="https://www.jimms.fi/fi/Product/Oheislaitteet"&gt;
&lt;meta property="og:image" content="http://www.jimms.fi/Content/Images/site/jimmsog.jpg"&gt;
&lt;meta property="og:image:secure_url" content="https://www.jimms.fi/Content/Images/site/jimmsog.jpg"&gt;
&lt;meta property="og:image:type" content="image/jpeg"&gt;
&lt;meta property="og:image:width" content="1200"&gt;
&lt;meta property="og:image:height" content="630"&gt;
&lt;meta property="og:description" content="L&amp;#246;yd&amp;#228;t meilt&amp;#228; n&amp;#228;pp&amp;#228;imist&amp;#246;t, hiiret, kuulokkeet, tulostimet, ylij&amp;#228;nnitesuojat sek&amp;#228; paljon muuta! Ja nettitilauksiin ilmaiset postikulut!"&gt;
&lt;meta property="og:site_name" content="Jimms.fi"&gt;
&lt;meta property="fb:app_id" content="297181540295864"&gt;
&lt;meta name="description" content="L&amp;#246;yd&amp;#228;t meilt&amp;#228; n&amp;#228;pp&amp;#228;imist&amp;#246;t, hiiret, kuulokkeet, tulostimet, ylij&amp;#228;nnitesuojat sek&amp;#228; paljon muuta! Ja nettitilauksiin ilmaiset postikulut!" /&gt;

    

	&lt;meta name="application-name" content="Jimms.fi"&gt;
	&lt;meta name="msapplication-TileColor" content="#333333"/&gt;
	&lt;meta name="msapplication-TileImage" content="/Content/SiteIcons/mstile-144x144.png"/&gt;
	&lt;meta name="theme-color" content="#bb3300"/&gt;

	&lt;link rel="apple-touch-icon" sizes="57x57" href="/Content/SiteIcons/apple-touch-icon-57x57.png"/&gt;
	&lt;link rel="apple-touch-icon" sizes="60x60" href="/Content/SiteIcons/apple-touch-icon-60x60.png"/&gt;
	&lt;link rel="apple-touch-icon" sizes="72x72" href="/Content/SiteIcons/apple-touch-icon-72x72.png"/&gt;
	&lt;link rel="apple-touch-icon" sizes="76x76" href="/Content/SiteIcons/apple-touch-icon-76x76.png"/&gt;
	&lt;link rel="apple-touch-icon" sizes="114x114" href="/Content/SiteIcons/apple-touch-icon-114x114.png"/&gt;
	&lt;link rel="apple-touch-icon" sizes="120x120" href="/Content/SiteIcons/apple-touch-icon-120x120.png"/&gt;
	&lt;link rel="apple-touch-icon" sizes="144x144" href="/Content/SiteIcons/apple-touch-icon-144x144.png"/&gt;
	&lt;link rel="apple-touch-icon" sizes="152x152" href="/Content/SiteIcons/apple-touch-icon-152x152.png"/&gt;
	&lt;link rel="apple-touch-icon" sizes="180x180" href="/Content/SiteIcons/apple-touch-icon-180x180.png"/&gt;
	
	&lt;link rel="icon" type="image/png" href="/Content/SiteIcons/favicon-32x32.png" sizes="32x32"/&gt;
	&lt;link rel="icon" type="image/png" href="/Content/SiteIcons/android-chrome-192x192.png" sizes="192x192"/&gt;
	&lt;link rel="icon" type="image/png" href="/Content/SiteIcons/favicon-96x96.png" sizes="96x96"/&gt;
	&lt;link rel="icon" type="image/png" href="/Content/SiteIcons/favicon-16x16.png" sizes="16x16"/&gt;
	
	&lt;link rel="manifest" href="/manifest.json?v4"/&gt;

	

    &lt;title&gt;Oheislaitteet - Jimms.fi&lt;/title&gt;

    
    &lt;link rel="preload" href="/Content/fonts/opensans.woff2" as="font" type="font/woff2" crossorigin&gt;
    &lt;link rel="preload" href="/Content/fonts/material-icons-round.woff2" as="font" type="font/woff2" crossorigin&gt;
    
    &lt;link async rel="stylesheet" type="text/css" href="/Content/libs.min.css?v=fl_8" /&gt;
    &lt;link defer rel="stylesheet" type="text/css" href="/Content/jimms.min.css?v=fl_45" /&gt;

    
    &lt;script type="text/javascript"&gt;
        var languageCode = "fi";

        window.defaultTheme = 'auto';
        

    &lt;/script&gt;
    &lt;script type="text/javascript" src="/Scripts/app.bundle.js?v=fl_6"&gt;&lt;/script&gt;
    &lt;script type="text/javascript" src="/Scripts/jimmsfi.min.js?v=fl_45"&gt;&lt;/script&gt;

    
    &lt;script type="text/javascript"&gt;
        viewModel.ShoppingCart = new jimmsfi.ShoppingCartViewModel(true, 0, 0);
        

        window.DY = window.DY || {};
        DY.userActiveConsent = { accepted: false }
        DY.recommendationContext = {
            type: 'CATEGORY', 
            data: ['Oheislaitteet'],
            lng: 'fi_FI'
        };
    &lt;/script&gt;

    
    &lt;script type="text/javascript"&gt;
        
        window.dataLayer = window.dataLayer || [];
        function gtag() { dataLayer.push(arguments); }

        gtag('consent', 'default', {'functionality_storage':'granted','security_storage':'granted','analytics_storage':'denied','personalization_storage':'denied','ad_storage':'denied','ad_user_data': 'denied','ad_personalization':'denied',wait_for_update: 100}); 

        dataLayer.push({'event': 'page_information', 'pageType': 'category'});
        dataLayer.push({'event': 'page_Theme','pageTheme': window.currentTheme});

        window.gtm_consent = {'analytics_storage':'denied','personalization_storage':'denied','ad_storage':'denied','ad_user_data': 'denied','ad_personalization':'denied'};
        gtag('set', 'ads_data_redaction', true);
    &lt;/script&gt;

    &lt;script type="text/javascript" src="/Scripts/ui.bundle.js?v=fl_8"&gt;&lt;/script&gt;
    &lt;script type="text/javascript" src="/Scripts/elements.min.js?v=fl_25"&gt;&lt;/script&gt;

    
    
 

	&lt;!-- Google Tag Manager --&gt;
&lt;script&gt;(function(w,d,s,l,i){w[l]=w[l]||[];w[l].push({'gtm.start':
new Date().getTime(),event:'gtm.js'});var f=d.getElementsByTagName(s)[0],
j=d.createElement(s),dl=l!='dataLayer'?'&amp;l='+l:'';j.async=true;j.src=
'https://www.googletagmanager.com/gtm.js?id='+i+dl;f.parentNode.insertBefore(j,f);
})(window,document,'script','dataLayer','GTM-MTKJJ5');&lt;/script&gt;
&lt;!-- End Google Tag Manager --&gt;


    






 
    



    &lt;link rel="preconnect" href="//cdn-eu.dynamicyield.com"&gt;
    &lt;link rel="preconnect" href="//st-eu.dynamicyield.com"&gt;
    &lt;link rel="preconnect" href="//rcom-eu.dynamicyield.com"&gt;
    &lt;link rel="dns-prefetch" href="//cdn-eu.dynamicyield.com"&gt;
    &lt;link rel="dns-prefetch" href="//st-eu.dynamicyield.com"&gt;
    &lt;link rel="dns-prefetch" href="//rcom-eu.dynamicyield.com"&gt;


    &lt;script type="text/plain" data-category="analytics_cookies" src="//cdn-eu.dynamicyield.com/api/9879196/api_dynamic.js"&gt;&lt;/script&gt;
    &lt;script type="text/plain" data-category="analytics_cookies" src="//cdn-eu.dynamicyield.com/api/9879196/api_static.js"&gt;&lt;/script&gt; 


    
&lt;/head&gt;

&lt;body&gt;

    &lt;!-- Google Tag Manager (noscript) --&gt;
&lt;noscript&gt;&lt;iframe src="https://www.googletagmanager.com/ns.html?id=GTM-MTKJJ5"
height="0" width="0" style="display:none;visibility:hidden"&gt;&lt;/iframe&gt;&lt;/noscript&gt;
&lt;!-- End Google Tag Manager (noscript) --&gt;

    

    &lt;div class="jim-toplinkbar"&gt;
    &lt;div class="container"&gt;

        &lt;a href="https://blog.jimms.fi" target=_blank&gt;Blogi&lt;/a&gt;
        &lt;a href="/fi/Info/Faq"&gt;UKK&lt;/a&gt;
        &lt;a href="/fi/Pages/B2B"&gt;Yritysmyynti&lt;/a&gt;
        &lt;a href="/fi/Info/Contact"&gt;Yhteystiedot&lt;/a&gt;

        &lt;div class="separator-line"&gt;

            &lt;span role="button" class="dropdown-toggle btn-icon" data-bs-toggle="dropdown" aria-haspopup="true" aria-expanded="false"&gt;
                &lt;i class="material-icon theme-icon-active"&gt;dark_mode&lt;/i&gt;
            &lt;/span&gt;

            &lt;ul class="dropdown-menu dropdown-menu-end" role="menu" style="z-index: 1100; --bs-dropdown-min-width: 12rem;"&gt;
                &lt;li&gt;&lt;button class="dropdown-item d-flex align-items-center gap-2" data-bs-theme-value="light"&gt;&lt;i class="material-icon theme-icon"&gt;light_mode&lt;/i&gt; Vaalea &lt;i class="material-icon ms-auto theme-active-check d-none"&gt;check&lt;/i&gt;&lt;/button&gt;&lt;/li&gt;
                &lt;li&gt;&lt;button class="dropdown-item d-flex align-items-center gap-2" data-bs-theme-value="dark"&gt;&lt;i class="material-icon"&gt;dark_mode&lt;/i&gt; Tumma &lt;i class="material-icon ms-auto theme-active-check d-none"&gt;check&lt;/i&gt;&lt;/button&gt;&lt;/li&gt;
                &lt;li&gt;&lt;button class="dropdown-item d-flex align-items-center gap-2" data-bs-theme-value="auto"&gt;&lt;i class="material-icon"&gt;brightness_medium&lt;/i&gt; Automaattinen &lt;i class="material-icon ms-auto theme-active-check d-none"&gt;check&lt;/i&gt;&lt;/button&gt;&lt;/li&gt;
            &lt;/ul&gt;
        &lt;/div&gt;

        &lt;jim-store-language class="jim-store-language separator-line"&gt;

            &lt;span role="button" class="dropdown-toggle text-uppercase" data-bs-toggle="dropdown" aria-haspopup="true" aria-expanded="false"&gt;
                fi
            &lt;/span&gt;

            &lt;ul class="dropdown-menu dropdown-menu-end" role="menu" style="z-index: 1100"&gt;
                &lt;li&gt;&lt;a class="dropdown-item" href="/fi/Home/ChangeCurrentCulture?newlang=fi"&gt;&lt;div class="flag-fi img-fluid border-radius-circle d-inline-block me-2" style="width: 1rem; height: 1rem"&gt;&lt;/div&gt; Suomi&lt;/a&gt;&lt;/li&gt;
                
            &lt;/ul&gt;
        &lt;/jim-store-language&gt;
    &lt;/div&gt;
&lt;/div&gt;

&lt;script&gt;
    const showActiveTheme = theme =&gt; {
        const activeThemeIcon = document.querySelector('i.theme-icon-active');
        const btnToActive = document.querySelector(`[data-bs-theme-value="${theme}"]`);
        document.querySelectorAll('[data-bs-theme-value] &gt; i.theme-active-check').forEach(element =&gt; {
            if (element.parentNode == btnToActive) {
                element.classList.remove('d-none');
                activeThemeIcon.innerHTML = btnToActive.childNodes[0].innerHTML;
            }
            else {
                element.classList.add('d-none');
            }
        });
    }
    showActiveTheme(getPreferredTheme());
   
    window.addEventListener('DOMContentLoaded', () =&gt; {
        document.querySelectorAll('[data-bs-theme-value]').forEach(toggle =&gt; {
            toggle.addEventLi... (set the log level to DEBUG or TRACE to see the full content) 
 </msg>
<msg time="2024-09-25T20:28:59.075085" level="INFO">/Users/dandev947366/Desktop/HAMK-8-2024/Software-Testing/SWT-Team4/SWT-Team4/Jimms-SWT/categories/venv/lib/python3.10/site-packages/urllib3/connectionpool.py:1099: InsecureRequestWarning: Unverified HTTPS request is being made to host 'www.jimms.fi'. Adding certificate verification is strongly advised. See: https://urllib3.readthedocs.io/en/latest/advanced-usage.html#tls-warnings
  warnings.warn(</msg>
<msg time="2024-09-25T20:28:59.075259" level="INFO">${response} = &lt;Response [200]&gt;</msg>
<var>${response}</var>
<arg>jimms</arg>
<arg>${category}</arg>
<doc>Sends a GET request on a previously created HTTP Session.</doc>
<status status="PASS" start="2024-09-25T20:28:58.989531" elapsed="0.085762"/>
</kw>
<kw name="Run Keyword And Ignore Error" owner="BuiltIn">
<kw name="Should Be Equal As Numbers" owner="BuiltIn">
<msg time="2024-09-25T20:28:59.076000" level="INFO">Argument types are:
&lt;class 'int'&gt;
&lt;class 'str'&gt;</msg>
<arg>${response.status_code}</arg>
<arg>200</arg>
<arg>msg=Landing page for ${category} did not return a 200 status.</arg>
<doc>Fails if objects are unequal after converting them to real numbers.</doc>
<status status="PASS" start="2024-09-25T20:28:59.075576" elapsed="0.000467"/>
</kw>
<arg>Should Be Equal As Numbers</arg>
<arg>${response.status_code}</arg>
<arg>200</arg>
<arg>msg=Landing page for ${category} did not return a 200 status.</arg>
<doc>Runs the given keyword with the given arguments and ignores possible error.</doc>
<status status="PASS" start="2024-09-25T20:28:59.075446" elapsed="0.000643"/>
</kw>
<kw name="Wait Until Element Is Visible" owner="SeleniumLibrary">
<arg>${PRODUCT_LINK_SELECTOR}</arg>
<arg>timeout=10s</arg>
<doc>Waits until the element ``locator`` is visible.</doc>
<status status="PASS" start="2024-09-25T20:28:59.076167" elapsed="0.009790"/>
</kw>
<kw name="Get WebElement" owner="SeleniumLibrary">
<msg time="2024-09-25T20:28:59.091444" level="INFO">${product_link} = &lt;selenium.webdriver.remote.webelement.WebElement (session="8b78dd0755cc3ced413e8e029752f655", element="f.7AB0B496DAF215641575FFFD12DC36C2.d.D0D7D040F6E1E8EDB228348C4075028D.e.147")&gt;</msg>
<var>${product_link}</var>
<arg>${PRODUCT_LINK_SELECTOR}</arg>
<doc>Returns the first WebElement matching the given ``locator``.</doc>
<status status="PASS" start="2024-09-25T20:28:59.086150" elapsed="0.005341"/>
</kw>
<kw name="Get Text" owner="SeleniumLibrary">
<msg time="2024-09-25T20:28:59.096871" level="INFO">${link_text} = Samsung 55" Odyssey Ark 2nd Gen. G97NC, 165Hz kaareva 4K UHD -pelimonitori, musta (Tarjous! Norm. 3037,90€)</msg>
<var>${link_text}</var>
<arg>${product_link}</arg>
<doc>Returns the text value of the element identified by ``locator``.</doc>
<status status="PASS" start="2024-09-25T20:28:59.091735" elapsed="0.005172"/>
</kw>
<kw name="Log" owner="BuiltIn">
<msg time="2024-09-25T20:28:59.097193" level="INFO">Product link text is: Samsung 55" Odyssey Ark 2nd Gen. G97NC, 165Hz kaareva 4K UHD -pelimonitori, musta (Tarjous! Norm. 3037,90€)</msg>
<arg>Product link text is: ${link_text}</arg>
<doc>Logs the given message with the given level.</doc>
<status status="PASS" start="2024-09-25T20:28:59.097052" elapsed="0.000179"/>
</kw>
<kw name="Get WebElement" owner="SeleniumLibrary">
<msg time="2024-09-25T20:28:59.101861" level="INFO">${add_to_cart} = &lt;selenium.webdriver.remote.webelement.WebElement (session="8b78dd0755cc3ced413e8e029752f655", element="f.7AB0B496DAF215641575FFFD12DC36C2.d.D0D7D040F6E1E8EDB228348C4075028D.e.148")&gt;</msg>
<var>${add_to_cart}</var>
<arg>${ADD_TO_CART_BUTTON_SELECTOR}</arg>
<doc>Returns the first WebElement matching the given ``locator``.</doc>
<status status="PASS" start="2024-09-25T20:28:59.097313" elapsed="0.004578"/>
</kw>
<kw name="Element Should Be Visible" owner="SeleniumLibrary">
<msg time="2024-09-25T20:28:59.106320" level="INFO">Element '&lt;selenium.webdriver.remote.webelement.WebElement (session="8b78dd0755cc3ced413e8e029752f655", element="f.7AB0B496DAF215641575FFFD12DC36C2.d.D0D7D040F6E1E8EDB228348C4075028D.e.148")&gt;' is displayed.</msg>
<arg>${add_to_cart}</arg>
<doc>Verifies that the element identified by ``locator`` is visible.</doc>
<status status="PASS" start="2024-09-25T20:28:59.102019" elapsed="0.004388"/>
</kw>
<kw name="Sleep" owner="BuiltIn">
<msg time="2024-09-25T20:29:01.107516" level="INFO">Slept 2 seconds.</msg>
<arg>2s</arg>
<doc>Pauses the test executed for the given time.</doc>
<status status="PASS" start="2024-09-25T20:28:59.106533" elapsed="2.001089"/>
</kw>
<kw name="Get WebElement" owner="SeleniumLibrary">
<msg time="2024-09-25T20:29:01.112411" level="INFO">${price} = &lt;selenium.webdriver.remote.webelement.WebElement (session="8b78dd0755cc3ced413e8e029752f655", element="f.7AB0B496DAF215641575FFFD12DC36C2.d.D0D7D040F6E1E8EDB228348C4075028D.e.162")&gt;</msg>
<var>${price}</var>
<arg>${PRODUCT_PRICE_SELECTOR}</arg>
<doc>Returns the first WebElement matching the given ``locator``.</doc>
<status status="PASS" start="2024-09-25T20:29:01.107771" elapsed="0.004673"/>
</kw>
<kw name="Should Not Be Empty" owner="BuiltIn">
<msg time="2024-09-25T20:29:01.117275" level="INFO">Length is 8.</msg>
<arg>${price.text}</arg>
<arg>msg=Product price is missing in ${category}</arg>
<doc>Verifies that the given item is not empty.</doc>
<status status="PASS" start="2024-09-25T20:29:01.112582" elapsed="0.004742"/>
</kw>
<kw name="Sleep" owner="BuiltIn">
<msg time="2024-09-25T20:29:03.118038" level="INFO">Slept 2 seconds.</msg>
<arg>2s</arg>
<doc>Pauses the test executed for the given time.</doc>
<status status="PASS" start="2024-09-25T20:29:01.117449" elapsed="2.000723"/>
</kw>
<kw name="Capture Page Screenshot" owner="SeleniumLibrary">
<msg time="2024-09-25T20:29:03.202572" level="INFO" html="true">&lt;/td&gt;&lt;/tr&gt;&lt;tr&gt;&lt;td colspan="3"&gt;&lt;a href="Oheislaitteet_landing_page.png"&gt;&lt;img src="Oheislaitteet_landing_page.png" width="800px"&gt;&lt;/a&gt;</msg>
<arg>${category}_landing_page.png</arg>
<doc>Takes a screenshot of the current page and embeds it into a log file.</doc>
<status status="PASS" start="2024-09-25T20:29:03.118340" elapsed="0.084322"/>
</kw>
<kw name="Sleep" owner="BuiltIn">
<msg time="2024-09-25T20:29:05.203561" level="INFO">Slept 2 seconds.</msg>
<arg>2s</arg>
<doc>Pauses the test executed for the given time.</doc>
<status status="PASS" start="2024-09-25T20:29:03.202822" elapsed="2.000831"/>
</kw>
<var name="${category}">Oheislaitteet</var>
<status status="PASS" start="2024-09-25T20:28:58.711235" elapsed="6.492478"/>
</iter>
<iter>
<kw name="Set Variable" owner="BuiltIn">
<msg time="2024-09-25T20:29:05.204112" level="INFO">${category_url} = https://www.jimms.fi/fi/Product/SimRacing</msg>
<var>${category_url}</var>
<arg>${BASE_URL}${category}</arg>
<doc>Returns the given values which can then be assigned to a variables.</doc>
<status status="PASS" start="2024-09-25T20:29:05.203955" elapsed="0.000174"/>
</kw>
<kw name="Go To" owner="SeleniumLibrary">
<msg time="2024-09-25T20:29:05.204506" level="INFO">Opening url 'https://www.jimms.fi/fi/Product/SimRacing'</msg>
<arg>${category_url}</arg>
<doc>Navigates the current browser window to the provided ``url``.</doc>
<status status="PASS" start="2024-09-25T20:29:05.204231" elapsed="0.292827"/>
</kw>
<kw name="GET On Session" owner="RequestsLibrary">
<msg time="2024-09-25T20:29:05.556580" level="INFO">GET Request : url=https://www.jimms.fi/fi/Product/SimRacing 
 path_url=/fi/Product/SimRacing 
 headers={'User-Agent': 'python-requests/2.32.3', 'Accept-Encoding': 'gzip, deflate', 'Accept': '*/*', 'Connection': 'keep-alive', 'Cookie': 'JW.CurrentUICulture=fi'} 
 body=None 
 </msg>
<msg time="2024-09-25T20:29:05.557048" level="INFO">GET Response : url=https://www.jimms.fi/fi/Product/SimRacing 
 status=200, reason=OK 
 headers={'Date': 'Wed, 25 Sep 2024 17:29:05 GMT', 'Content-Type': 'text/html; charset=utf-8', 'Transfer-Encoding': 'chunked', 'Connection': 'keep-alive', 'Cache-Control': 'private,private', 'access-control-allow-origin': 'https://www.jimms.fi', 'CF-Cache-Status': 'DYNAMIC', 'Report-To': '{"endpoints":[{"url":"https:\\/\\/a.nel.cloudflare.com\\/report\\/v4?s=5UWMep0FSPbvJqn8cxiDHzcnKY7Nokk%2F0YTpFcGQHCw2uwqlwOFxKsM4o7%2FjWT%2BZrFmrwQGtlXZCzNYZrWNNOXXx37gzJsdkkRSrbQ1rt%2BVNwV5YHgnv3hJtMuDukA%3D%3D"}],"group":"cf-nel","max_age":604800}', 'NEL': '{"success_fraction":0,"report_to":"cf-nel","max_age":604800}', 'Server': 'cloudflare', 'CF-RAY': '8c8cbc018dd3d916-HEL', 'Content-Encoding': 'gzip'} 
 body=
&lt;!DOCTYPE html&gt;
&lt;html lang="fi"&gt;
&lt;head&gt;
    &lt;meta charset="utf-8" /&gt;
    &lt;meta http-equiv="Content-Type" content="text/html; utf-8" /&gt;
    &lt;meta http-equiv="Content-language" content="fi" /&gt;

    &lt;meta name="viewport" content="width=device-width, initial-scale=1.0, minimum-scale=1.0, maximum-scale=2, user-scalable=yes, viewport-fit=auto"&gt;
    &lt;meta http-equiv="X-UA-Compatible" content="IE=edge,chrome=1" /&gt;
    &lt;meta name="format-detection" content="telephone=no" /&gt;
    &lt;meta http-equiv="cache-control" content="max-age=0" /&gt;
    &lt;meta http-equiv="cache-control" content="no-cache" /&gt;
    &lt;meta http-equiv="expires" content="0" /&gt;
    &lt;meta http-equiv="expires" content="Tue, 01 Jan 1980 1:00:00 GMT" /&gt;
    &lt;meta http-equiv="pragma" content="no-cache" /&gt;

    &lt;meta property="og:title" content="Sim Racing - Jimms.fi"&gt;
&lt;meta property="og:url" content="https://www.jimms.fi/fi/Product/SimRacing"&gt;
&lt;meta property="og:image" content="http://www.jimms.fi/Content/Images/site/jimmsog.jpg"&gt;
&lt;meta property="og:image:secure_url" content="https://www.jimms.fi/Content/Images/site/jimmsog.jpg"&gt;
&lt;meta property="og:image:type" content="image/jpeg"&gt;
&lt;meta property="og:image:width" content="1200"&gt;
&lt;meta property="og:image:height" content="630"&gt;
&lt;meta property="og:description" content="Jimms.fi on asiantunteva tietotekniikan, komponenttien ja viihde-elektroniikan verkkokauppa. Tilauksiin aina saatavilla ilmainen toimitusvaihtoehto!"&gt;
&lt;meta property="og:site_name" content="Jimms.fi"&gt;
&lt;meta property="fb:app_id" content="297181540295864"&gt;
&lt;meta name="description" content="Jimms.fi on asiantunteva tietotekniikan, komponenttien ja viihde-elektroniikan verkkokauppa. Tilauksiin aina saatavilla ilmainen toimitusvaihtoehto!" /&gt;

    

	&lt;meta name="application-name" content="Jimms.fi"&gt;
	&lt;meta name="msapplication-TileColor" content="#333333"/&gt;
	&lt;meta name="msapplication-TileImage" content="/Content/SiteIcons/mstile-144x144.png"/&gt;
	&lt;meta name="theme-color" content="#bb3300"/&gt;

	&lt;link rel="apple-touch-icon" sizes="57x57" href="/Content/SiteIcons/apple-touch-icon-57x57.png"/&gt;
	&lt;link rel="apple-touch-icon" sizes="60x60" href="/Content/SiteIcons/apple-touch-icon-60x60.png"/&gt;
	&lt;link rel="apple-touch-icon" sizes="72x72" href="/Content/SiteIcons/apple-touch-icon-72x72.png"/&gt;
	&lt;link rel="apple-touch-icon" sizes="76x76" href="/Content/SiteIcons/apple-touch-icon-76x76.png"/&gt;
	&lt;link rel="apple-touch-icon" sizes="114x114" href="/Content/SiteIcons/apple-touch-icon-114x114.png"/&gt;
	&lt;link rel="apple-touch-icon" sizes="120x120" href="/Content/SiteIcons/apple-touch-icon-120x120.png"/&gt;
	&lt;link rel="apple-touch-icon" sizes="144x144" href="/Content/SiteIcons/apple-touch-icon-144x144.png"/&gt;
	&lt;link rel="apple-touch-icon" sizes="152x152" href="/Content/SiteIcons/apple-touch-icon-152x152.png"/&gt;
	&lt;link rel="apple-touch-icon" sizes="180x180" href="/Content/SiteIcons/apple-touch-icon-180x180.png"/&gt;
	
	&lt;link rel="icon" type="image/png" href="/Content/SiteIcons/favicon-32x32.png" sizes="32x32"/&gt;
	&lt;link rel="icon" type="image/png" href="/Content/SiteIcons/android-chrome-192x192.png" sizes="192x192"/&gt;
	&lt;link rel="icon" type="image/png" href="/Content/SiteIcons/favicon-96x96.png" sizes="96x96"/&gt;
	&lt;link rel="icon" type="image/png" href="/Content/SiteIcons/favicon-16x16.png" sizes="16x16"/&gt;
	
	&lt;link rel="manifest" href="/manifest.json?v4"/&gt;

	

    &lt;title&gt;Sim Racing - Jimms.fi&lt;/title&gt;

    
    &lt;link rel="preload" href="/Content/fonts/opensans.woff2" as="font" type="font/woff2" crossorigin&gt;
    &lt;link rel="preload" href="/Content/fonts/material-icons-round.woff2" as="font" type="font/woff2" crossorigin&gt;
    
    &lt;link async rel="stylesheet" type="text/css" href="/Content/libs.min.css?v=fl_8" /&gt;
    &lt;link defer rel="stylesheet" type="text/css" href="/Content/jimms.min.css?v=fl_45" /&gt;

    
    &lt;script type="text/javascript"&gt;
        var languageCode = "fi";

        window.defaultTheme = 'auto';
        

    &lt;/script&gt;
    &lt;script type="text/javascript" src="/Scripts/app.bundle.js?v=fl_6"&gt;&lt;/script&gt;
    &lt;script type="text/javascript" src="/Scripts/jimmsfi.min.js?v=fl_45"&gt;&lt;/script&gt;

    
    &lt;script type="text/javascript"&gt;
        viewModel.ShoppingCart = new jimmsfi.ShoppingCartViewModel(true, 0, 0);
        

        window.DY = window.DY || {};
        DY.userActiveConsent = { accepted: false }
        DY.recommendationContext = {
            type: 'CATEGORY', 
            data: ['Sim Racing'],
            lng: 'fi_FI'
        };
    &lt;/script&gt;

    
    &lt;script type="text/javascript"&gt;
        
        window.dataLayer = window.dataLayer || [];
        function gtag() { dataLayer.push(arguments); }

        gtag('consent', 'default', {'functionality_storage':'granted','security_storage':'granted','analytics_storage':'denied','personalization_storage':'denied','ad_storage':'denied','ad_user_data': 'denied','ad_personalization':'denied',wait_for_update: 100}); 

        dataLayer.push({'event': 'page_information', 'pageType': 'category'});
        dataLayer.push({'event': 'page_Theme','pageTheme': window.currentTheme});

        window.gtm_consent = {'analytics_storage':'denied','personalization_storage':'denied','ad_storage':'denied','ad_user_data': 'denied','ad_personalization':'denied'};
        gtag('set', 'ads_data_redaction', true);
    &lt;/script&gt;

    &lt;script type="text/javascript" src="/Scripts/ui.bundle.js?v=fl_8"&gt;&lt;/script&gt;
    &lt;script type="text/javascript" src="/Scripts/elements.min.js?v=fl_25"&gt;&lt;/script&gt;

    
    
 

	&lt;!-- Google Tag Manager --&gt;
&lt;script&gt;(function(w,d,s,l,i){w[l]=w[l]||[];w[l].push({'gtm.start':
new Date().getTime(),event:'gtm.js'});var f=d.getElementsByTagName(s)[0],
j=d.createElement(s),dl=l!='dataLayer'?'&amp;l='+l:'';j.async=true;j.src=
'https://www.googletagmanager.com/gtm.js?id='+i+dl;f.parentNode.insertBefore(j,f);
})(window,document,'script','dataLayer','GTM-MTKJJ5');&lt;/script&gt;
&lt;!-- End Google Tag Manager --&gt;


    






 
    



    &lt;link rel="preconnect" href="//cdn-eu.dynamicyield.com"&gt;
    &lt;link rel="preconnect" href="//st-eu.dynamicyield.com"&gt;
    &lt;link rel="preconnect" href="//rcom-eu.dynamicyield.com"&gt;
    &lt;link rel="dns-prefetch" href="//cdn-eu.dynamicyield.com"&gt;
    &lt;link rel="dns-prefetch" href="//st-eu.dynamicyield.com"&gt;
    &lt;link rel="dns-prefetch" href="//rcom-eu.dynamicyield.com"&gt;


    &lt;script type="text/plain" data-category="analytics_cookies" src="//cdn-eu.dynamicyield.com/api/9879196/api_dynamic.js"&gt;&lt;/script&gt;
    &lt;script type="text/plain" data-category="analytics_cookies" src="//cdn-eu.dynamicyield.com/api/9879196/api_static.js"&gt;&lt;/script&gt; 


    
&lt;/head&gt;

&lt;body&gt;

    &lt;!-- Google Tag Manager (noscript) --&gt;
&lt;noscript&gt;&lt;iframe src="https://www.googletagmanager.com/ns.html?id=GTM-MTKJJ5"
height="0" width="0" style="display:none;visibility:hidden"&gt;&lt;/iframe&gt;&lt;/noscript&gt;
&lt;!-- End Google Tag Manager (noscript) --&gt;

    

    &lt;div class="jim-toplinkbar"&gt;
    &lt;div class="container"&gt;

        &lt;a href="https://blog.jimms.fi" target=_blank&gt;Blogi&lt;/a&gt;
        &lt;a href="/fi/Info/Faq"&gt;UKK&lt;/a&gt;
        &lt;a href="/fi/Pages/B2B"&gt;Yritysmyynti&lt;/a&gt;
        &lt;a href="/fi/Info/Contact"&gt;Yhteystiedot&lt;/a&gt;

        &lt;div class="separator-line"&gt;

            &lt;span role="button" class="dropdown-toggle btn-icon" data-bs-toggle="dropdown" aria-haspopup="true" aria-expanded="false"&gt;
                &lt;i class="material-icon theme-icon-active"&gt;dark_mode&lt;/i&gt;
            &lt;/span&gt;

            &lt;ul class="dropdown-menu dropdown-menu-end" role="menu" style="z-index: 1100; --bs-dropdown-min-width: 12rem;"&gt;
                &lt;li&gt;&lt;button class="dropdown-item d-flex align-items-center gap-2" data-bs-theme-value="light"&gt;&lt;i class="material-icon theme-icon"&gt;light_mode&lt;/i&gt; Vaalea &lt;i class="material-icon ms-auto theme-active-check d-none"&gt;check&lt;/i&gt;&lt;/button&gt;&lt;/li&gt;
                &lt;li&gt;&lt;button class="dropdown-item d-flex align-items-center gap-2" data-bs-theme-value="dark"&gt;&lt;i class="material-icon"&gt;dark_mode&lt;/i&gt; Tumma &lt;i class="material-icon ms-auto theme-active-check d-none"&gt;check&lt;/i&gt;&lt;/button&gt;&lt;/li&gt;
                &lt;li&gt;&lt;button class="dropdown-item d-flex align-items-center gap-2" data-bs-theme-value="auto"&gt;&lt;i class="material-icon"&gt;brightness_medium&lt;/i&gt; Automaattinen &lt;i class="material-icon ms-auto theme-active-check d-none"&gt;check&lt;/i&gt;&lt;/button&gt;&lt;/li&gt;
            &lt;/ul&gt;
        &lt;/div&gt;

        &lt;jim-store-language class="jim-store-language separator-line"&gt;

            &lt;span role="button" class="dropdown-toggle text-uppercase" data-bs-toggle="dropdown" aria-haspopup="true" aria-expanded="false"&gt;
                fi
            &lt;/span&gt;

            &lt;ul class="dropdown-menu dropdown-menu-end" role="menu" style="z-index: 1100"&gt;
                &lt;li&gt;&lt;a class="dropdown-item" href="/fi/Home/ChangeCurrentCulture?newlang=fi"&gt;&lt;div class="flag-fi img-fluid border-radius-circle d-inline-block me-2" style="width: 1rem; height: 1rem"&gt;&lt;/div&gt; Suomi&lt;/a&gt;&lt;/li&gt;
                
            &lt;/ul&gt;
        &lt;/jim-store-language&gt;
    &lt;/div&gt;
&lt;/div&gt;

&lt;script&gt;
    const showActiveTheme = theme =&gt; {
        const activeThemeIcon = document.querySelector('i.theme-icon-active');
        const btnToActive = document.querySelector(`[data-bs-theme-value="${theme}"]`);
        document.querySelectorAll('[data-bs-theme-value] &gt; i.theme-active-check').forEach(element =&gt; {
            if (element.parentNode == btnToActive) {
                element.classList.remove('d-none');
                activeThemeIcon.innerHTML = btnToActive.childNodes[0].innerHTML;
            }
            else {
                element.classList.add('d-none');
            }
        });
    }
    showActiveTheme(getPreferredTheme());
   
    window.addEventListener('DOMContentLoaded', () =&gt; {
        document.querySelectorAll('[data-bs-theme-value]').forEach(toggle =&gt; {
            toggle.addEventListener('click', () =&gt; {
                const theme = toggle.getAt... (set the log level to DEBUG or TRACE to see the full content) 
 </msg>
<msg time="2024-09-25T20:29:05.557337" level="INFO">/Users/dandev947366/Desktop/HAMK-8-2024/Software-Testing/SWT-Team4/SWT-Team4/Jimms-SWT/categories/venv/lib/python3.10/site-packages/urllib3/connectionpool.py:1099: InsecureRequestWarning: Unverified HTTPS request is being made to host 'www.jimms.fi'. Adding certificate verification is strongly advised. See: https://urllib3.readthedocs.io/en/latest/advanced-usage.html#tls-warnings
  warnings.warn(</msg>
<msg time="2024-09-25T20:29:05.557526" level="INFO">${response} = &lt;Response [200]&gt;</msg>
<var>${response}</var>
<arg>jimms</arg>
<arg>${category}</arg>
<doc>Sends a GET request on a previously created HTTP Session.</doc>
<status status="PASS" start="2024-09-25T20:29:05.497243" elapsed="0.060306"/>
</kw>
<kw name="Run Keyword And Ignore Error" owner="BuiltIn">
<kw name="Should Be Equal As Numbers" owner="BuiltIn">
<msg time="2024-09-25T20:29:05.558356" level="INFO">Argument types are:
&lt;class 'int'&gt;
&lt;class 'str'&gt;</msg>
<arg>${response.status_code}</arg>
<arg>200</arg>
<arg>msg=Landing page for ${category} did not return a 200 status.</arg>
<doc>Fails if objects are unequal after converting them to real numbers.</doc>
<status status="PASS" start="2024-09-25T20:29:05.557898" elapsed="0.000504"/>
</kw>
<arg>Should Be Equal As Numbers</arg>
<arg>${response.status_code}</arg>
<arg>200</arg>
<arg>msg=Landing page for ${category} did not return a 200 status.</arg>
<doc>Runs the given keyword with the given arguments and ignores possible error.</doc>
<status status="PASS" start="2024-09-25T20:29:05.557749" elapsed="0.000703"/>
</kw>
<kw name="Wait Until Element Is Visible" owner="SeleniumLibrary">
<arg>${PRODUCT_LINK_SELECTOR}</arg>
<arg>timeout=10s</arg>
<doc>Waits until the element ``locator`` is visible.</doc>
<status status="PASS" start="2024-09-25T20:29:05.558532" elapsed="0.009454"/>
</kw>
<kw name="Get WebElement" owner="SeleniumLibrary">
<msg time="2024-09-25T20:29:05.587406" level="INFO">${product_link} = &lt;selenium.webdriver.remote.webelement.WebElement (session="8b78dd0755cc3ced413e8e029752f655", element="f.7AB0B496DAF215641575FFFD12DC36C2.d.FA6BE19511A597BFDD7415508E2969E7.e.193")&gt;</msg>
<var>${product_link}</var>
<arg>${PRODUCT_LINK_SELECTOR}</arg>
<doc>Returns the first WebElement matching the given ``locator``.</doc>
<status status="PASS" start="2024-09-25T20:29:05.568184" elapsed="0.019262"/>
</kw>
<kw name="Get Text" owner="SeleniumLibrary">
<msg time="2024-09-25T20:29:05.599884" level="INFO">${link_text} = MOZA Racing 12" Round Wheel Mod for ES, musta/keltainen</msg>
<var>${link_text}</var>
<arg>${product_link}</arg>
<doc>Returns the text value of the element identified by ``locator``.</doc>
<status status="PASS" start="2024-09-25T20:29:05.587670" elapsed="0.012246"/>
</kw>
<kw name="Log" owner="BuiltIn">
<msg time="2024-09-25T20:29:05.600190" level="INFO">Product link text is: MOZA Racing 12" Round Wheel Mod for ES, musta/keltainen</msg>
<arg>Product link text is: ${link_text}</arg>
<doc>Logs the given message with the given level.</doc>
<status status="PASS" start="2024-09-25T20:29:05.600057" elapsed="0.000163"/>
</kw>
<kw name="Get WebElement" owner="SeleniumLibrary">
<msg time="2024-09-25T20:29:05.604810" level="INFO">${add_to_cart} = &lt;selenium.webdriver.remote.webelement.WebElement (session="8b78dd0755cc3ced413e8e029752f655", element="f.7AB0B496DAF215641575FFFD12DC36C2.d.FA6BE19511A597BFDD7415508E2969E7.e.194")&gt;</msg>
<var>${add_to_cart}</var>
<arg>${ADD_TO_CART_BUTTON_SELECTOR}</arg>
<doc>Returns the first WebElement matching the given ``locator``.</doc>
<status status="PASS" start="2024-09-25T20:29:05.600295" elapsed="0.004546"/>
</kw>
<kw name="Element Should Be Visible" owner="SeleniumLibrary">
<msg time="2024-09-25T20:29:05.608957" level="INFO">Element '&lt;selenium.webdriver.remote.webelement.WebElement (session="8b78dd0755cc3ced413e8e029752f655", element="f.7AB0B496DAF215641575FFFD12DC36C2.d.FA6BE19511A597BFDD7415508E2969E7.e.194")&gt;' is displayed.</msg>
<arg>${add_to_cart}</arg>
<doc>Verifies that the element identified by ``locator`` is visible.</doc>
<status status="PASS" start="2024-09-25T20:29:05.604966" elapsed="0.004076"/>
</kw>
<kw name="Sleep" owner="BuiltIn">
<msg time="2024-09-25T20:29:07.611252" level="INFO">Slept 2 seconds.</msg>
<arg>2s</arg>
<doc>Pauses the test executed for the given time.</doc>
<status status="PASS" start="2024-09-25T20:29:05.609184" elapsed="2.002193"/>
</kw>
<kw name="Get WebElement" owner="SeleniumLibrary">
<msg time="2024-09-25T20:29:07.615917" level="INFO">${price} = &lt;selenium.webdriver.remote.webelement.WebElement (session="8b78dd0755cc3ced413e8e029752f655", element="f.7AB0B496DAF215641575FFFD12DC36C2.d.FA6BE19511A597BFDD7415508E2969E7.e.208")&gt;</msg>
<var>${price}</var>
<arg>${PRODUCT_PRICE_SELECTOR}</arg>
<doc>Returns the first WebElement matching the given ``locator``.</doc>
<status status="PASS" start="2024-09-25T20:29:07.611529" elapsed="0.004418"/>
</kw>
<kw name="Should Not Be Empty" owner="BuiltIn">
<msg time="2024-09-25T20:29:07.620313" level="INFO">Length is 8.</msg>
<arg>${price.text}</arg>
<arg>msg=Product price is missing in ${category}</arg>
<doc>Verifies that the given item is not empty.</doc>
<status status="PASS" start="2024-09-25T20:29:07.616058" elapsed="0.004300"/>
</kw>
<kw name="Sleep" owner="BuiltIn">
<msg time="2024-09-25T20:29:09.621789" level="INFO">Slept 2 seconds.</msg>
<arg>2s</arg>
<doc>Pauses the test executed for the given time.</doc>
<status status="PASS" start="2024-09-25T20:29:07.620472" elapsed="2.001443"/>
</kw>
<kw name="Capture Page Screenshot" owner="SeleniumLibrary">
<msg time="2024-09-25T20:29:09.703862" level="INFO" html="true">&lt;/td&gt;&lt;/tr&gt;&lt;tr&gt;&lt;td colspan="3"&gt;&lt;a href="SimRacing_landing_page.png"&gt;&lt;img src="SimRacing_landing_page.png" width="800px"&gt;&lt;/a&gt;</msg>
<arg>${category}_landing_page.png</arg>
<doc>Takes a screenshot of the current page and embeds it into a log file.</doc>
<status status="PASS" start="2024-09-25T20:29:09.622074" elapsed="0.081871"/>
</kw>
<kw name="Sleep" owner="BuiltIn">
<msg time="2024-09-25T20:29:11.706284" level="INFO">Slept 2 seconds.</msg>
<arg>2s</arg>
<doc>Pauses the test executed for the given time.</doc>
<status status="PASS" start="2024-09-25T20:29:09.704123" elapsed="2.002264"/>
</kw>
<var name="${category}">SimRacing</var>
<status status="PASS" start="2024-09-25T20:29:05.203864" elapsed="6.502593"/>
</iter>
<iter>
<kw name="Set Variable" owner="BuiltIn">
<msg time="2024-09-25T20:29:11.707004" level="INFO">${category_url} = https://www.jimms.fi/fi/Product/Verkkotuotteet</msg>
<var>${category_url}</var>
<arg>${BASE_URL}${category}</arg>
<doc>Returns the given values which can then be assigned to a variables.</doc>
<status status="PASS" start="2024-09-25T20:29:11.706750" elapsed="0.000273"/>
</kw>
<kw name="Go To" owner="SeleniumLibrary">
<msg time="2024-09-25T20:29:11.707215" level="INFO">Opening url 'https://www.jimms.fi/fi/Product/Verkkotuotteet'</msg>
<arg>${category_url}</arg>
<doc>Navigates the current browser window to the provided ``url``.</doc>
<status status="PASS" start="2024-09-25T20:29:11.707100" elapsed="0.327510"/>
</kw>
<kw name="GET On Session" owner="RequestsLibrary">
<msg time="2024-09-25T20:29:12.088814" level="INFO">GET Request : url=https://www.jimms.fi/fi/Product/Verkkotuotteet 
 path_url=/fi/Product/Verkkotuotteet 
 headers={'User-Agent': 'python-requests/2.32.3', 'Accept-Encoding': 'gzip, deflate', 'Accept': '*/*', 'Connection': 'keep-alive', 'Cookie': 'JW.CurrentUICulture=fi'} 
 body=None 
 </msg>
<msg time="2024-09-25T20:29:12.089278" level="INFO">GET Response : url=https://www.jimms.fi/fi/Product/Verkkotuotteet 
 status=200, reason=OK 
[...]
<var>${category_url}</var>
<arg>${BASE_URL}${category}</arg>
<doc>Returns the given values which can then be assigned to a variables.</doc>
<status status="PASS" start="2024-09-25T20:29:31.367925" elapsed="0.000180"/>
</kw>
<kw name="Go To" owner="SeleniumLibrary">
<msg time="2024-09-25T20:29:31.368266" level="INFO">Opening url 'https://www.jimms.fi/fi/Product/Ohjelmistot'</msg>
<arg>${category_url}</arg>
<doc>Navigates the current browser window to the provided ``url``.</doc>
<status status="PASS" start="2024-09-25T20:29:31.368179" elapsed="0.252268"/>
</kw>
<kw name="GET On Session" owner="RequestsLibrary">
<msg time="2024-09-25T20:29:31.759882" level="INFO">GET Request : url=https://www.jimms.fi/fi/Product/Ohjelmistot 
 path_url=/fi/Product/Ohjelmistot 
 headers={'User-Agent': 'python-requests/2.32.3', 'Accept-Encoding': 'gzip, deflate', 'Accept': '*/*', 'Connection': 'keep-alive', 'Cookie': 'JW.CurrentUICulture=fi'} 
 body=None 
 </msg>
<msg time="2024-09-25T20:29:31.760251" level="INFO">GET Response : url=https://www.jimms.fi/fi/Product/Ohjelmistot 
 status=200, reason=OK 
 headers={'Date': 'Wed, 25 Sep 2024 17:29:31 GMT', 'Content-Type': 'text/html; charset=utf-8', 'Transfer-Encoding': 'chunked', 'Connection': 'keep-alive', 'Cache-Control': 'private,private', 'access-control-allow-origin': 'https://www.jimms.fi', 'CF-Cache-Status': 'DYNAMIC', 'Report-To': '{"endpoints":[{"url":"https:\\/\\/a.nel.cloudflare.com\\/report\\/v4?s=HpGbQZDs5QvJRTSAZ0unmXOmyY09Zq%2Bol4HUln46t%2BgDbMQ0i8eaUS08t%2F4JbiLPZFO1WmMbh6FlNXr18Jcwmy046pEROtSbmTov8E975BTPw9utQ7qDkAsk5tpmqA%3D%3D"}],"group":"cf-nel","max_age":604800}', 'NEL': '{"success_fraction":0,"report_to":"cf-nel","max_age":604800}', 'Server': 'cloudflare', 'CF-RAY': '8c8cbca4ca40d916-HEL', 'Content-Encoding': 'gzip'} 
 body=
&lt;!DOCTYPE html&gt;
&lt;html lang="fi"&gt;
&lt;head&gt;
    &lt;meta charset="utf-8" /&gt;
    &lt;meta http-equiv="Content-Type" content="text/html; utf-8" /&gt;
    &lt;meta http-equiv="Content-language" content="fi" /&gt;

    &lt;meta name="viewport" content="width=device-width, initial-scale=1.0, minimum-scale=1.0, maximum-scale=2, user-scalable=yes, viewport-fit=auto"&gt;
    &lt;meta http-equiv="X-UA-Compatible" content="IE=edge,chrome=1" /&gt;
    &lt;meta name="format-detection" content="telephone=no" /&gt;
    &lt;meta http-equiv="cache-control" content="max-age=0" /&gt;
    &lt;meta http-equiv="cache-control" content="no-cache" /&gt;
    &lt;meta http-equiv="expires" content="0" /&gt;
    &lt;meta http-equiv="expires" content="Tue, 01 Jan 1980 1:00:00 GMT" /&gt;
    &lt;meta http-equiv="pragma" content="no-cache" /&gt;

    &lt;meta property="og:title" content="Ohjelmistot ja pelit - Jimms.fi"&gt;
&lt;meta property="og:url" content="https://www.jimms.fi/fi/Product/Ohjelmistot"&gt;
&lt;meta property="og:image" content="http://www.jimms.fi/Content/Images/site/jimmsog.jpg"&gt;
&lt;meta property="og:image:secure_url" content="https://www.jimms.fi/Content/Images/site/jimmsog.jpg"&gt;
&lt;meta property="og:image:type" content="image/jpeg"&gt;
&lt;meta property="og:image:width" content="1200"&gt;
&lt;meta property="og:image:height" content="630"&gt;
&lt;meta property="og:description" content="L&amp;#246;yd&amp;#228;t meilt&amp;#228; k&amp;#228;ytt&amp;#246;j&amp;#228;rjestelm&amp;#228;t, tietoturvaohjelmistot sek&amp;#228; sovellusohjelmistot. Ja nettitilauksiin ilmaiset postikulut!"&gt;
&lt;meta property="og:site_name" content="Jimms.fi"&gt;
&lt;meta property="fb:app_id" content="297181540295864"&gt;
&lt;meta name="description" content="L&amp;#246;yd&amp;#228;t meilt&amp;#228; k&amp;#228;ytt&amp;#246;j&amp;#228;rjestelm&amp;#228;t, tietoturvaohjelmistot sek&amp;#228; sovellusohjelmistot. Ja nettitilauksiin ilmaiset postikulut!" /&gt;

    

	&lt;meta name="application-name" content="Jimms.fi"&gt;
	&lt;meta name="msapplication-TileColor" content="#333333"/&gt;
	&lt;meta name="msapplication-TileImage" content="/Content/SiteIcons/mstile-144x144.png"/&gt;
	&lt;meta name="theme-color" content="#bb3300"/&gt;

	&lt;link rel="apple-touch-icon" sizes="57x57" href="/Content/SiteIcons/apple-touch-icon-57x57.png"/&gt;
	&lt;link rel="apple-touch-icon" sizes="60x60" href="/Content/SiteIcons/apple-touch-icon-60x60.png"/&gt;
	&lt;link rel="apple-touch-icon" sizes="72x72" href="/Content/SiteIcons/apple-touch-icon-72x72.png"/&gt;
	&lt;link rel="apple-touch-icon" sizes="76x76" href="/Content/SiteIcons/apple-touch-icon-76x76.png"/&gt;
	&lt;link rel="apple-touch-icon" sizes="114x114" href="/Content/SiteIcons/apple-touch-icon-114x114.png"/&gt;
	&lt;link rel="apple-touch-icon" sizes="120x120" href="/Content/SiteIcons/apple-touch-icon-120x120.png"/&gt;
	&lt;link rel="apple-touch-icon" sizes="144x144" href="/Content/SiteIcons/apple-touch-icon-144x144.png"/&gt;
	&lt;link rel="apple-touch-icon" sizes="152x152" href="/Content/SiteIcons/apple-touch-icon-152x152.png"/&gt;
	&lt;link rel="apple-touch-icon" sizes="180x180" href="/Content/SiteIcons/apple-touch-icon-180x180.png"/&gt;
	
	&lt;link rel="icon" type="image/png" href="/Content/SiteIcons/favicon-32x32.png" sizes="32x32"/&gt;
	&lt;link rel="icon" type="image/png" href="/Content/SiteIcons/android-chrome-192x192.png" sizes="192x192"/&gt;
	&lt;link rel="icon" type="image/png" href="/Content/SiteIcons/favicon-96x96.png" sizes="96x96"/&gt;
	&lt;link rel="icon" type="image/png" href="/Content/SiteIcons/favicon-16x16.png" sizes="16x16"/&gt;
	
	&lt;link rel="manifest" href="/manifest.json?v4"/&gt;

	

    &lt;title&gt;Ohjelmistot ja pelit - Jimms.fi&lt;/title&gt;

    
    &lt;link rel="preload" href="/Content/fonts/opensans.woff2" as="font" type="font/woff2" crossorigin&gt;
    &lt;link rel="preload" href="/Content/fonts/material-icons-round.woff2" as="font" type="font/woff2" crossorigin&gt;
    
    &lt;link async rel="stylesheet" type="text/css" href="/Content/libs.min.css?v=fl_8" /&gt;
    &lt;link defer rel="stylesheet" type="text/css" href="/Content/jimms.min.css?v=fl_45" /&gt;

    
    &lt;script type="text/javascript"&gt;
        var languageCode = "fi";

        window.defaultTheme = 'auto';
        

    &lt;/script&gt;
    &lt;script type="text/javascript" src="/Scripts/app.bundle.js?v=fl_6"&gt;&lt;/script&gt;
    &lt;script type="text/javascript" src="/Scripts/jimmsfi.min.js?v=fl_45"&gt;&lt;/script&gt;

    
    &lt;script type="text/javascript"&gt;
        viewModel.ShoppingCart = new jimmsfi.ShoppingCartViewModel(true, 0, 0);
        

        window.DY = window.DY || {};
        DY.userActiveConsent = { accepted: false }
        DY.recommendationContext = {
            type: 'CATEGORY', 
            data: ['Ohjelmistot ja pelit'],
            lng: 'fi_FI'
        };
    &lt;/script&gt;

    
    &lt;script type="text/javascript"&gt;
        
        window.dataLayer = window.dataLayer || [];
        function gtag() { dataLayer.push(arguments); }

        gtag('consent', 'default', {'functionality_storage':'granted','security_storage':'granted','analytics_storage':'denied','personalization_storage':'denied','ad_storage':'denied','ad_user_data': 'denied','ad_personalization':'denied',wait_for_update: 100}); 

        dataLayer.push({'event': 'page_information', 'pageType': 'category'});
        dataLayer.push({'event': 'page_Theme','pageTheme': window.currentTheme});

        window.gtm_consent = {'analytics_storage':'denied','personalization_storage':'denied','ad_storage':'denied','ad_user_data': 'denied','ad_personalization':'denied'};
        gtag('set', 'ads_data_redaction', true);
    &lt;/script&gt;

    &lt;script type="text/javascript" src="/Scripts/ui.bundle.js?v=fl_8"&gt;&lt;/script&gt;
    &lt;script type="text/javascript" src="/Scripts/elements.min.js?v=fl_25"&gt;&lt;/script&gt;

    
    
 

	&lt;!-- Google Tag Manager --&gt;
&lt;script&gt;(function(w,d,s,l,i){w[l]=w[l]||[];w[l].push({'gtm.start':
new Date().getTime(),event:'gtm.js'});var f=d.getElementsByTagName(s)[0],
j=d.createElement(s),dl=l!='dataLayer'?'&amp;l='+l:'';j.async=true;j.src=
'https://www.googletagmanager.com/gtm.js?id='+i+dl;f.parentNode.insertBefore(j,f);
})(window,document,'script','dataLayer','GTM-MTKJJ5');&lt;/script&gt;
&lt;!-- End Google Tag Manager --&gt;


    






 
    



    &lt;link rel="preconnect" href="//cdn-eu.dynamicyield.com"&gt;
    &lt;link rel="preconnect" href="//st-eu.dynamicyield.com"&gt;
    &lt;link rel="preconnect" href="//rcom-eu.dynamicyield.com"&gt;
    &lt;link rel="dns-prefetch" href="//cdn-eu.dynamicyield.com"&gt;
    &lt;link rel="dns-prefetch" href="//st-eu.dynamicyield.com"&gt;
    &lt;link rel="dns-prefetch" href="//rcom-eu.dynamicyield.com"&gt;


    &lt;script type="text/plain" data-category="analytics_cookies" src="//cdn-eu.dynamicyield.com/api/9879196/api_dynamic.js"&gt;&lt;/script&gt;
    &lt;script type="text/plain" data-category="analytics_cookies" src="//cdn-eu.dynamicyield.com/api/9879196/api_static.js"&gt;&lt;/script&gt; 


    
&lt;/head&gt;

&lt;body&gt;

    &lt;!-- Google Tag Manager (noscript) --&gt;
&lt;noscript&gt;&lt;iframe src="https://www.googletagmanager.com/ns.html?id=GTM-MTKJJ5"
height="0" width="0" style="display:none;visibility:hidden"&gt;&lt;/iframe&gt;&lt;/noscript&gt;
&lt;!-- End Google Tag Manager (noscript) --&gt;

    

    &lt;div class="jim-toplinkbar"&gt;
    &lt;div class="container"&gt;

        &lt;a href="https://blog.jimms.fi" target=_blank&gt;Blogi&lt;/a&gt;
        &lt;a href="/fi/Info/Faq"&gt;UKK&lt;/a&gt;
        &lt;a href="/fi/Pages/B2B"&gt;Yritysmyynti&lt;/a&gt;
        &lt;a href="/fi/Info/Contact"&gt;Yhteystiedot&lt;/a&gt;

        &lt;div class="separator-line"&gt;

            &lt;span role="button" class="dropdown-toggle btn-icon" data-bs-toggle="dropdown" aria-haspopup="true" aria-expanded="false"&gt;
                &lt;i class="material-icon theme-icon-active"&gt;dark_mode&lt;/i&gt;
            &lt;/span&gt;

            &lt;ul class="dropdown-menu dropdown-menu-end" role="menu" style="z-index: 1100; --bs-dropdown-min-width: 12rem;"&gt;
                &lt;li&gt;&lt;button class="dropdown-item d-flex align-items-center gap-2" data-bs-theme-value="light"&gt;&lt;i class="material-icon theme-icon"&gt;light_mode&lt;/i&gt; Vaalea &lt;i class="material-icon ms-auto theme-active-check d-none"&gt;check&lt;/i&gt;&lt;/button&gt;&lt;/li&gt;
                &lt;li&gt;&lt;button class="dropdown-item d-flex align-items-center gap-2" data-bs-theme-value="dark"&gt;&lt;i class="material-icon"&gt;dark_mode&lt;/i&gt; Tumma &lt;i class="material-icon ms-auto theme-active-check d-none"&gt;check&lt;/i&gt;&lt;/button&gt;&lt;/li&gt;
                &lt;li&gt;&lt;button class="dropdown-item d-flex align-items-center gap-2" data-bs-theme-value="auto"&gt;&lt;i class="material-icon"&gt;brightness_medium&lt;/i&gt; Automaattinen &lt;i class="material-icon ms-auto theme-active-check d-none"&gt;check&lt;/i&gt;&lt;/button&gt;&lt;/li&gt;
            &lt;/ul&gt;
        &lt;/div&gt;

        &lt;jim-store-language class="jim-store-language separator-line"&gt;

            &lt;span role="button" class="dropdown-toggle text-uppercase" data-bs-toggle="dropdown" aria-haspopup="true" aria-expanded="false"&gt;
                fi
            &lt;/span&gt;

            &lt;ul class="dropdown-menu dropdown-menu-end" role="menu" style="z-index: 1100"&gt;
                &lt;li&gt;&lt;a class="dropdown-item" href="/fi/Home/ChangeCurrentCulture?newlang=fi"&gt;&lt;div class="flag-fi img-fluid border-radius-circle d-inline-block me-2" style="width: 1rem; height: 1rem"&gt;&lt;/div&gt; Suomi&lt;/a&gt;&lt;/li&gt;
                
            &lt;/ul&gt;
        &lt;/jim-store-language&gt;
    &lt;/div&gt;
&lt;/div&gt;

&lt;script&gt;
    const showActiveTheme = theme =&gt; {
        const activeThemeIcon = document.querySelector('i.theme-icon-active');
        const btnToActive = document.querySelector(`[data-bs-theme-value="${theme}"]`);
        document.querySelectorAll('[data-bs-theme-value] &gt; i.theme-active-check').forEach(element =&gt; {
            if (element.parentNode == btnToActive) {
                element.classList.remove('d-none');
                activeThemeIcon.innerHTML = btnToActive.childNodes[0].innerHTML;
            }
            else {
                element.classList.add('d-none');
            }
        });
    }
    showActiveTheme(getPreferredTheme());
   
    window.addEventListener('DOMContentLoaded', () =&gt; {
        document.querySelectorAll('[data-bs-theme-value]').forEach(toggle =&gt; {
            toggle.addEventListener('c... (set the log level to DEBUG or TRACE to see the full content) 
 </msg>
<msg time="2024-09-25T20:29:31.760490" level="INFO">/Users/dandev947366/Desktop/HAMK-8-2024/Software-Testing/SWT-Team4/SWT-Team4/Jimms-SWT/categories/venv/lib/python3.10/site-packages/urllib3/connectionpool.py:1099: InsecureRequestWarning: Unverified HTTPS request is being made to host 'www.jimms.fi'. Adding certificate verification is strongly advised. See: https://urllib3.readthedocs.io/en/latest/advanced-usage.html#tls-warnings
  warnings.warn(</msg>
<msg time="2024-09-25T20:29:31.760606" level="INFO">${response} = &lt;Response [200]&gt;</msg>
<var>${response}</var>
<arg>jimms</arg>
<arg>${category}</arg>
<doc>Sends a GET request on a previously created HTTP Session.</doc>
<status status="PASS" start="2024-09-25T20:29:31.620754" elapsed="0.139873"/>
</kw>
<kw name="Run Keyword And Ignore Error" owner="BuiltIn">
<kw name="Should Be Equal As Numbers" owner="BuiltIn">
<msg time="2024-09-25T20:29:31.761453" level="INFO">Argument types are:
&lt;class 'int'&gt;
&lt;class 'str'&gt;</msg>
<arg>${response.status_code}</arg>
<arg>200</arg>
<arg>msg=Landing page for ${category} did not return a 200 status.</arg>
<doc>Fails if objects are unequal after converting them to real numbers.</doc>
<status status="PASS" start="2024-09-25T20:29:31.760977" elapsed="0.000522"/>
</kw>
<arg>Should Be Equal As Numbers</arg>
<arg>${response.status_code}</arg>
<arg>200</arg>
<arg>msg=Landing page for ${category} did not return a 200 status.</arg>
<doc>Runs the given keyword with the given arguments and ignores possible error.</doc>
<status status="PASS" start="2024-09-25T20:29:31.760825" elapsed="0.000724"/>
</kw>
<kw name="Wait Until Element Is Visible" owner="SeleniumLibrary">
<arg>${PRODUCT_LINK_SELECTOR}</arg>
<arg>timeout=10s</arg>
<doc>Waits until the element ``locator`` is visible.</doc>
<status status="PASS" start="2024-09-25T20:29:31.761633" elapsed="0.009190"/>
</kw>
<kw name="Get WebElement" owner="SeleniumLibrary">
<msg time="2024-09-25T20:29:31.775908" level="INFO">${product_link} = &lt;selenium.webdriver.remote.webelement.WebElement (session="8b78dd0755cc3ced413e8e029752f655", element="f.7AB0B496DAF215641575FFFD12DC36C2.d.85C0B5D2D6039B3AF33451ACD643C656.e.361")&gt;</msg>
<var>${product_link}</var>
<arg>${PRODUCT_LINK_SELECTOR}</arg>
<doc>Returns the first WebElement matching the given ``locator``.</doc>
<status status="PASS" start="2024-09-25T20:29:31.770982" elapsed="0.004957"/>
</kw>
<kw name="Get Text" owner="SeleniumLibrary">
<msg time="2024-09-25T20:29:31.780459" level="INFO">${link_text} = PlayStation Studios Astro Bot (PS5)</msg>
<var>${link_text}</var>
<arg>${product_link}</arg>
<doc>Returns the text value of the element identified by ``locator``.</doc>
<status status="PASS" start="2024-09-25T20:29:31.776077" elapsed="0.004420"/>
</kw>
<kw name="Log" owner="BuiltIn">
<msg time="2024-09-25T20:29:31.780789" level="INFO">Product link text is: PlayStation Studios Astro Bot (PS5)</msg>
<arg>Product link text is: ${link_text}</arg>
<doc>Logs the given message with the given level.</doc>
<status status="PASS" start="2024-09-25T20:29:31.780646" elapsed="0.000174"/>
</kw>
<kw name="Get WebElement" owner="SeleniumLibrary">
<msg time="2024-09-25T20:29:31.785683" level="INFO">${add_to_cart} = &lt;selenium.webdriver.remote.webelement.WebElement (session="8b78dd0755cc3ced413e8e029752f655", element="f.7AB0B496DAF215641575FFFD12DC36C2.d.85C0B5D2D6039B3AF33451ACD643C656.e.362")&gt;</msg>
<var>${add_to_cart}</var>
<arg>${ADD_TO_CART_BUTTON_SELECTOR}</arg>
<doc>Returns the first WebElement matching the given ``locator``.</doc>
<status status="PASS" start="2024-09-25T20:29:31.780898" elapsed="0.004821"/>
</kw>
<kw name="Element Should Be Visible" owner="SeleniumLibrary">
<msg time="2024-09-25T20:29:31.789507" level="INFO">Element '&lt;selenium.webdriver.remote.webelement.WebElement (session="8b78dd0755cc3ced413e8e029752f655", element="f.7AB0B496DAF215641575FFFD12DC36C2.d.85C0B5D2D6039B3AF33451ACD643C656.e.362")&gt;' is displayed.</msg>
<arg>${add_to_cart}</arg>
<doc>Verifies that the element identified by ``locator`` is visible.</doc>
<status status="PASS" start="2024-09-25T20:29:31.785918" elapsed="0.003654"/>
</kw>
<kw name="Sleep" owner="BuiltIn">
<msg time="2024-09-25T20:29:33.790364" level="INFO">Slept 2 seconds.</msg>
<arg>2s</arg>
<doc>Pauses the test executed for the given time.</doc>
<status status="PASS" start="2024-09-25T20:29:31.789684" elapsed="2.000771"/>
</kw>
<kw name="Get WebElement" owner="SeleniumLibrary">
<msg time="2024-09-25T20:29:33.795070" level="INFO">${price} = &lt;selenium.webdriver.remote.webelement.WebElement (session="8b78dd0755cc3ced413e8e029752f655", element="f.7AB0B496DAF215641575FFFD12DC36C2.d.85C0B5D2D6039B3AF33451ACD643C656.e.372")&gt;</msg>
<var>${price}</var>
<arg>${PRODUCT_PRICE_SELECTOR}</arg>
<doc>Returns the first WebElement matching the given ``locator``.</doc>
<status status="PASS" start="2024-09-25T20:29:33.790597" elapsed="0.004499"/>
</kw>
<kw name="Should Not Be Empty" owner="BuiltIn">
<msg time="2024-09-25T20:29:33.799689" level="INFO">Length is 7.</msg>
<arg>${price.text}</arg>
<arg>msg=Product price is missing in ${category}</arg>
<doc>Verifies that the given item is not empty.</doc>
<status status="PASS" start="2024-09-25T20:29:33.795201" elapsed="0.004536"/>
</kw>
<kw name="Sleep" owner="BuiltIn">
<msg time="2024-09-25T20:29:35.801620" level="INFO">Slept 2 seconds.</msg>
<arg>2s</arg>
<doc>Pauses the test executed for the given time.</doc>
<status status="PASS" start="2024-09-25T20:29:33.799889" elapsed="2.001838"/>
</kw>
<kw name="Capture Page Screenshot" owner="SeleniumLibrary">
<msg time="2024-09-25T20:29:35.874084" level="INFO" html="true">&lt;/td&gt;&lt;/tr&gt;&lt;tr&gt;&lt;td colspan="3"&gt;&lt;a href="Ohjelmistot_landing_page.png"&gt;&lt;img src="Ohjelmistot_landing_page.png" width="800px"&gt;&lt;/a&gt;</msg>
<arg>${category}_landing_page.png</arg>
<doc>Takes a screenshot of the current page and embeds it into a log file.</doc>
<status status="PASS" start="2024-09-25T20:29:35.801878" elapsed="0.072301"/>
</kw>
<kw name="Sleep" owner="BuiltIn">
<msg time="2024-09-25T20:29:37.875411" level="INFO">Slept 2 seconds.</msg>
<arg>2s</arg>
<doc>Pauses the test executed for the given time.</doc>
<status status="PASS" start="2024-09-25T20:29:35.874325" elapsed="2.001182"/>
</kw>
<var name="${category}">Ohjelmistot</var>
<status status="PASS" start="2024-09-25T20:29:31.367833" elapsed="6.507734"/>
</iter>
<var>${category}</var>
<value>@{CATEGORIES}</value>
<status status="PASS" start="2024-09-25T20:28:45.644570" elapsed="52.231033"/>
</for>
<kw name="Close Browser" owner="SeleniumLibrary">
<doc>Closes the current browser.</doc>
<status status="PASS" start="2024-09-25T20:29:37.875799" elapsed="0.119506"/>
</kw>
<doc>This test case verifies that all product categories return a valid landing page, opens the browser to display each page, and takes a screenshot.</doc>
<status status="PASS" start="2024-09-25T20:28:42.845229" elapsed="55.150261"/>
</test>
<status status="PASS" start="2024-09-25T20:28:42.562762" elapsed="55.433036"/>
</suite>
<statistics>
<total>
<stat pass="1" fail="0" skip="0">All Tests</stat>
</total>
<tag>
</tag>
<suite>
<stat pass="1" fail="0" skip="0" id="s1" name="Test Categories">Test Categories</stat>
</suite>
</statistics>
<errors>
</errors>
</robot>
