<?xml version="1.0" encoding="UTF-8"?>
<robot generator="Robot 7.1 (Python 3.10.12 on darwin)" generated="2024-09-21T13:33:42.901324" rpa="false" schemaversion="5">
<suite id="s1" name="Test Categories" source="/Users/dandev947366/Desktop/HAMK-8-2024/Software-Testing/SWT-Team4/SWT-Team4/Jimms-SWT/categories/test_categories.robot">
<test id="s1-t1" name="Verify All Product Categories Have Landing Pages" line="16">
<kw name="Create Session" owner="RequestsLibrary">
<msg time="2024-09-21T13:33:43.101768" level="INFO">Creating Session using : alias=jimms, url=https://www.jimms.fi/fi/Product/, headers={},                     cookies={}, auth=None, timeout=None, proxies=None, verify=False,                     debug=0 </msg>
<arg>jimms</arg>
<arg>${BASE_URL}</arg>
<doc>Create Session: create a HTTP session to a server</doc>
<status status="PASS" start="2024-09-21T13:33:43.101637" elapsed="0.000270"/>
</kw>
<kw name="Open Browser" owner="SeleniumLibrary">
<msg time="2024-09-21T13:33:43.102161" level="INFO">Opening browser 'Chrome' to base url 'https://www.jimms.fi/fi/Product/'.</msg>
<arg>${BASE_URL}</arg>
<arg>${BROWSER}</arg>
<doc>Opens a new browser instance to the optional ``url``.</doc>
<status status="PASS" start="2024-09-21T13:33:43.102038" elapsed="4.716005"/>
</kw>
<for flavor="IN">
<iter>
<kw name="Set Variable" owner="BuiltIn">
<msg time="2024-09-21T13:33:47.818964" level="INFO">${category_url} = https://www.jimms.fi/fi/Product/Tietokoneet</msg>
<var>${category_url}</var>
<arg>${BASE_URL}${category}</arg>
<doc>Returns the given values which can then be assigned to a variables.</doc>
<status status="PASS" start="2024-09-21T13:33:47.818777" elapsed="0.000208"/>
</kw>
<kw name="Go To" owner="SeleniumLibrary">
<msg time="2024-09-21T13:33:47.819176" level="INFO">Opening url 'https://www.jimms.fi/fi/Product/Tietokoneet'</msg>
<arg>${category_url}</arg>
<doc>Navigates the current browser window to the provided ``url``.</doc>
<status status="PASS" start="2024-09-21T13:33:47.819075" elapsed="1.214671"/>
</kw>
<kw name="GET On Session" owner="RequestsLibrary">
<msg time="2024-09-21T13:33:49.278490" level="INFO">GET Request : url=https://www.jimms.fi/fi/Product/Tietokoneet 
 path_url=/fi/Product/Tietokoneet 
 headers={'User-Agent': 'python-requests/2.32.3', 'Accept-Encoding': 'gzip, deflate', 'Accept': '*/*', 'Connection': 'keep-alive'} 
 body=None 
 </msg>
<msg time="2024-09-21T13:33:49.278942" level="INFO">GET Response : url=https://www.jimms.fi/fi/Product/Tietokoneet 
 status=200, reason=OK 
 headers={'Date': 'Sat, 21 Sep 2024 10:33:49 GMT', 'Content-Type': 'text/html; charset=utf-8', 'Transfer-Encoding': 'chunked', 'Connection': 'keep-alive', 'Cache-Control': 'private,private', 'set-cookie': 'JW.CurrentUICulture=fi; expires=Thu, 21-Sep-2034 10:33:49 GMT; path=/; HttpOnly', 'access-control-allow-origin': 'https://www.jimms.fi', 'CF-Cache-Status': 'DYNAMIC', 'Report-To': '{"endpoints":[{"url":"https:\\/\\/a.nel.cloudflare.com\\/report\\/v4?s=cdaY5ygGVUEVVTZlp5F8vBLUgvjhDe5D1PoRlFkrU2Zvq8kFEX9lh50is3%2BzJ72d%2B6O%2FkEvmCKZ69bzggRz2cmIw%2FgPjieMZeLsy2lqy%2Ff7FLeL5tg3IAHxXiXTZGg%3D%3D"}],"group":"cf-nel","max_age":604800}', 'NEL': '{"success_fraction":0,"report_to":"cf-nel","max_age":604800}', 'Server': 'cloudflare', 'CF-RAY': '8c6966323e918d59-HEL', 'Content-Encoding': 'gzip'} 
 body=
&lt;!DOCTYPE html&gt;
&lt;html lang="fi"&gt;
&lt;head&gt;
    &lt;meta charset="utf-8" /&gt;
    &lt;meta http-equiv="Content-Type" content="text/html; utf-8" /&gt;
    &lt;meta http-equiv="Content-language" content="fi" /&gt;

    &lt;meta name="viewport" content="width=device-width, initial-scale=1.0, minimum-scale=1.0, maximum-scale=2, user-scalable=yes, viewport-fit=auto"&gt;
    &lt;meta http-equiv="X-UA-Compatible" content="IE=edge,chrome=1" /&gt;
    &lt;meta name="format-detection" content="telephone=no" /&gt;
    &lt;meta http-equiv="cache-control" content="max-age=0" /&gt;
    &lt;meta http-equiv="cache-control" content="no-cache" /&gt;
    &lt;meta http-equiv="expires" content="0" /&gt;
    &lt;meta http-equiv="expires" content="Tue, 01 Jan 1980 1:00:00 GMT" /&gt;
    &lt;meta http-equiv="pragma" content="no-cache" /&gt;

    &lt;meta property="og:title" content="Tietokoneet - Jimms.fi"&gt;
&lt;meta property="og:url" content="https://www.jimms.fi/fi/Product/Tietokoneet"&gt;
&lt;meta property="og:image" content="http://www.jimms.fi/Content/Images/site/jimmsog.jpg"&gt;
&lt;meta property="og:image:secure_url" content="https://www.jimms.fi/Content/Images/site/jimmsog.jpg"&gt;
&lt;meta property="og:image:type" content="image/jpeg"&gt;
&lt;meta property="og:image:width" content="1200"&gt;
&lt;meta property="og:image:height" content="630"&gt;
&lt;meta property="og:description" content="Valikoimastamme l&amp;#246;yd&amp;#228;t pelikoneet, p&amp;#246;yt&amp;#228;koneet, kannettavat sek&amp;#228; tabletit jokaiseen makuun. Ja nettitilauksiin ilmaiset postikulut!"&gt;
&lt;meta property="og:site_name" content="Jimms.fi"&gt;
&lt;meta property="fb:app_id" content="297181540295864"&gt;
&lt;meta name="description" content="Valikoimastamme l&amp;#246;yd&amp;#228;t pelikoneet, p&amp;#246;yt&amp;#228;koneet, kannettavat sek&amp;#228; tabletit jokaiseen makuun. Ja nettitilauksiin ilmaiset postikulut!" /&gt;

    

	&lt;meta name="application-name" content="Jimms.fi"&gt;
	&lt;meta name="msapplication-TileColor" content="#333333"/&gt;
	&lt;meta name="msapplication-TileImage" content="/Content/SiteIcons/mstile-144x144.png"/&gt;
	&lt;meta name="theme-color" content="#bb3300"/&gt;

	&lt;link rel="apple-touch-icon" sizes="57x57" href="/Content/SiteIcons/apple-touch-icon-57x57.png"/&gt;
	&lt;link rel="apple-touch-icon" sizes="60x60" href="/Content/SiteIcons/apple-touch-icon-60x60.png"/&gt;
	&lt;link rel="apple-touch-icon" sizes="72x72" href="/Content/SiteIcons/apple-touch-icon-72x72.png"/&gt;
	&lt;link rel="apple-touch-icon" sizes="76x76" href="/Content/SiteIcons/apple-touch-icon-76x76.png"/&gt;
	&lt;link rel="apple-touch-icon" sizes="114x114" href="/Content/SiteIcons/apple-touch-icon-114x114.png"/&gt;
	&lt;link rel="apple-touch-icon" sizes="120x120" href="/Content/SiteIcons/apple-touch-icon-120x120.png"/&gt;
	&lt;link rel="apple-touch-icon" sizes="144x144" href="/Content/SiteIcons/apple-touch-icon-144x144.png"/&gt;
	&lt;link rel="apple-touch-icon" sizes="152x152" href="/Content/SiteIcons/apple-touch-icon-152x152.png"/&gt;
	&lt;link rel="apple-touch-icon" sizes="180x180" href="/Content/SiteIcons/apple-touch-icon-180x180.png"/&gt;
	
	&lt;link rel="icon" type="image/png" href="/Content/SiteIcons/favicon-32x32.png" sizes="32x32"/&gt;
	&lt;link rel="icon" type="image/png" href="/Content/SiteIcons/android-chrome-192x192.png" sizes="192x192"/&gt;
	&lt;link rel="icon" type="image/png" href="/Content/SiteIcons/favicon-96x96.png" sizes="96x96"/&gt;
	&lt;link rel="icon" type="image/png" href="/Content/SiteIcons/favicon-16x16.png" sizes="16x16"/&gt;
	
	&lt;link rel="manifest" href="/manifest.json?v4"/&gt;

	

    &lt;title&gt;Tietokoneet - Jimms.fi&lt;/title&gt;

    
    &lt;link rel="preload" href="/Content/fonts/opensans.woff2" as="font" type="font/woff2" crossorigin&gt;
    &lt;link rel="preload" href="/Content/fonts/material-icons-round.woff2" as="font" type="font/woff2" crossorigin&gt;
    
    &lt;link async rel="stylesheet" type="text/css" href="/Content/libs.min.css?v=fl_8" /&gt;
    &lt;link defer rel="stylesheet" type="text/css" href="/Content/jimms.min.css?v=fl_45" /&gt;

    
    &lt;script type="text/javascript"&gt;
        var languageCode = "fi";

        window.defaultTheme = 'auto';
        

    &lt;/script&gt;
    &lt;script type="text/javascript" src="/Scripts/app.bundle.js?v=fl_6"&gt;&lt;/script&gt;
    &lt;script type="text/javascript" src="/Scripts/jimmsfi.min.js?v=fl_45"&gt;&lt;/script&gt;

    
    &lt;script type="text/javascript"&gt;
        viewModel.ShoppingCart = new jimmsfi.ShoppingCartViewModel(true, 0, 0);
        

        window.DY = window.DY || {};
        DY.userActiveConsent = { accepted: false }
        DY.recommendationContext = {
            type: 'CATEGORY', 
            data: ['Tietokoneet'],
            lng: 'fi_FI'
        };
    &lt;/script&gt;

    
    &lt;script type="text/javascript"&gt;
        
        window.dataLayer = window.dataLayer || [];
        function gtag() { dataLayer.push(arguments); }

        gtag('consent', 'default', {'functionality_storage':'granted','security_storage':'granted','analytics_storage':'denied','personalization_storage':'denied','ad_storage':'denied','ad_user_data': 'denied','ad_personalization':'denied',wait_for_update: 100}); 

        dataLayer.push({'event': 'page_information', 'pageType': 'category'});
        dataLayer.push({'event': 'page_Theme','pageTheme': window.currentTheme});

        window.gtm_consent = {'analytics_storage':'denied','personalization_storage':'denied','ad_storage':'denied','ad_user_data': 'denied','ad_personalization':'denied'};
        gtag('set', 'ads_data_redaction', true);
    &lt;/script&gt;

    &lt;script type="text/javascript" src="/Scripts/ui.bundle.js?v=fl_8"&gt;&lt;/script&gt;
    &lt;script type="text/javascript" src="/Scripts/elements.min.js?v=fl_25"&gt;&lt;/script&gt;

    
    
 

	&lt;!-- Google Tag Manager --&gt;
&lt;script&gt;(function(w,d,s,l,i){w[l]=w[l]||[];w[l].push({'gtm.start':
new Date().getTime(),event:'gtm.js'});var f=d.getElementsByTagName(s)[0],
j=d.createElement(s),dl=l!='dataLayer'?'&amp;l='+l:'';j.async=true;j.src=
'https://www.googletagmanager.com/gtm.js?id='+i+dl;f.parentNode.insertBefore(j,f);
})(window,document,'script','dataLayer','GTM-MTKJJ5');&lt;/script&gt;
&lt;!-- End Google Tag Manager --&gt;


    






 
    



    &lt;link rel="preconnect" href="//cdn-eu.dynamicyield.com"&gt;
    &lt;link rel="preconnect" href="//st-eu.dynamicyield.com"&gt;
    &lt;link rel="preconnect" href="//rcom-eu.dynamicyield.com"&gt;
    &lt;link rel="dns-prefetch" href="//cdn-eu.dynamicyield.com"&gt;
    &lt;link rel="dns-prefetch" href="//st-eu.dynamicyield.com"&gt;
    &lt;link rel="dns-prefetch" href="//rcom-eu.dynamicyield.com"&gt;


    &lt;script type="text/plain" data-category="analytics_cookies" src="//cdn-eu.dynamicyield.com/api/9879196/api_dynamic.js"&gt;&lt;/script&gt;
    &lt;script type="text/plain" data-category="analytics_cookies" src="//cdn-eu.dynamicyield.com/api/9879196/api_static.js"&gt;&lt;/script&gt; 


    
&lt;/head&gt;

&lt;body&gt;

    &lt;!-- Google Tag Manager (noscript) --&gt;
&lt;noscript&gt;&lt;iframe src="https://www.googletagmanager.com/ns.html?id=GTM-MTKJJ5"
height="0" width="0" style="display:none;visibility:hidden"&gt;&lt;/iframe&gt;&lt;/noscript&gt;
&lt;!-- End Google Tag Manager (noscript) --&gt;

    

    &lt;div class="jim-toplinkbar"&gt;
    &lt;div class="container"&gt;

        &lt;a href="https://blog.jimms.fi" target=_blank&gt;Blogi&lt;/a&gt;
        &lt;a href="/fi/Info/Faq"&gt;UKK&lt;/a&gt;
        &lt;a href="/fi/Pages/B2B"&gt;Yritysmyynti&lt;/a&gt;
        &lt;a href="/fi/Info/Contact"&gt;Yhteystiedot&lt;/a&gt;

        &lt;div class="separator-line"&gt;

            &lt;span role="button" class="dropdown-toggle btn-icon" data-bs-toggle="dropdown" aria-haspopup="true" aria-expanded="false"&gt;
                &lt;i class="material-icon theme-icon-active"&gt;dark_mode&lt;/i&gt;
            &lt;/span&gt;

            &lt;ul class="dropdown-menu dropdown-menu-end" role="menu" style="z-index: 1100; --bs-dropdown-min-width: 12rem;"&gt;
                &lt;li&gt;&lt;button class="dropdown-item d-flex align-items-center gap-2" data-bs-theme-value="light"&gt;&lt;i class="material-icon theme-icon"&gt;light_mode&lt;/i&gt; Vaalea &lt;i class="material-icon ms-auto theme-active-check d-none"&gt;check&lt;/i&gt;&lt;/button&gt;&lt;/li&gt;
                &lt;li&gt;&lt;button class="dropdown-item d-flex align-items-center gap-2" data-bs-theme-value="dark"&gt;&lt;i class="material-icon"&gt;dark_mode&lt;/i&gt; Tumma &lt;i class="material-icon ms-auto theme-active-check d-none"&gt;check&lt;/i&gt;&lt;/button&gt;&lt;/li&gt;
                &lt;li&gt;&lt;button class="dropdown-item d-flex align-items-center gap-2" data-bs-theme-value="auto"&gt;&lt;i class="material-icon"&gt;brightness_medium&lt;/i&gt; Automaattinen &lt;i class="material-icon ms-auto theme-active-check d-none"&gt;check&lt;/i&gt;&lt;/button&gt;&lt;/li&gt;
            &lt;/ul&gt;
        &lt;/div&gt;

        &lt;jim-store-language class="jim-store-language separator-line"&gt;

            &lt;span role="button" class="dropdown-toggle text-uppercase" data-bs-toggle="dropdown" aria-haspopup="true" aria-expanded="false"&gt;
                fi
            &lt;/span&gt;

            &lt;ul class="dropdown-menu dropdown-menu-end" role="menu" style="z-index: 1100"&gt;
                &lt;li&gt;&lt;a class="dropdown-item" href="/fi/Home/ChangeCurrentCulture?newlang=fi"&gt;&lt;div class="flag-fi img-fluid border-radius-circle d-inline-block me-2" style="width: 1rem; height: 1rem"&gt;&lt;/div&gt; Suomi&lt;/a&gt;&lt;/li&gt;
                
            &lt;/ul&gt;
        &lt;/jim-store-language&gt;
    &lt;/div&gt;
&lt;/div&gt;

&lt;script&gt;
    const showActiveTheme = theme =&gt; {
        const activeThemeIcon = document.querySelector('i.theme-icon-active');
        const btnToActive = document.querySelector(`[data-bs-theme-value="${theme}"]`);
        document.querySelectorAll('[data-bs-theme-value] &gt; i.theme-active-check').forEach(element =&gt; {
            if (element.parentNode == btnToActive) {
                element.classList.remove('d-none');
                activeThemeIcon.innerHTML = btnToActive.childNodes[0].innerHTML;
            }
            else {
                element.classList.add('d-none');
            }
        });
    }
    showActiveTheme(getPreferredTheme());
   
    window.addEventListener('DOMContentLoaded', () =&gt; {
        document.querySelectorAll('[data-bs-theme-value]').forEach(toggle =&gt; {
            toggle.addEventListener('click', () =&gt; {
                const... (set the log level to DEBUG or TRACE to see the full content) 
 </msg>
<msg time="2024-09-21T13:33:49.279262" level="INFO">/Users/dandev947366/Desktop/HAMK-8-2024/Software-Testing/SWT-Team4/SWT-Team4/Jimms-SWT/categories/venv/lib/python3.10/site-packages/urllib3/connectionpool.py:1099: InsecureRequestWarning: Unverified HTTPS request is being made to host 'www.jimms.fi'. Adding certificate verification is strongly advised. See: https://urllib3.readthedocs.io/en/latest/advanced-usage.html#tls-warnings
  warnings.warn(</msg>
<msg time="2024-09-21T13:33:49.279420" level="INFO">${response} = &lt;Response [200]&gt;</msg>
<var>${response}</var>
<arg>jimms</arg>
<arg>${category}</arg>
<doc>Sends a GET request on a previously created HTTP Session.</doc>
<status status="PASS" start="2024-09-21T13:33:49.033960" elapsed="0.245490"/>
</kw>
<kw name="Run Keyword And Ignore Error" owner="BuiltIn">
<kw name="Should Be Equal As Numbers" owner="BuiltIn">
<msg time="2024-09-21T13:33:49.280287" level="INFO">Argument types are:
&lt;class 'int'&gt;
&lt;class 'str'&gt;</msg>
<arg>${response.status_code}</arg>
<arg>200</arg>
<arg>msg=Landing page for ${category} did not return a 200 status.</arg>
<doc>Fails if objects are unequal after converting them to real numbers.</doc>
<status status="PASS" start="2024-09-21T13:33:49.279804" elapsed="0.000535"/>
</kw>
<arg>Should Be Equal As Numbers</arg>
<arg>${response.status_code}</arg>
<arg>200</arg>
<arg>msg=Landing page for ${category} did not return a 200 status.</arg>
<doc>Runs the given keyword with the given arguments and ignores possible error.</doc>
<status status="PASS" start="2024-09-21T13:33:49.279613" elapsed="0.000777"/>
</kw>
<kw name="Capture Page Screenshot" owner="SeleniumLibrary">
<msg time="2024-09-21T13:33:49.369848" level="INFO" html="true">&lt;/td&gt;&lt;/tr&gt;&lt;tr&gt;&lt;td colspan="3"&gt;&lt;a href="Tietokoneet_landing_page.png"&gt;&lt;img src="Tietokoneet_landing_page.png" width="800px"&gt;&lt;/a&gt;</msg>
<arg>${category}_landing_page.png</arg>
<doc>Takes a screenshot of the current page and embeds it into a log file.</doc>
<status status="PASS" start="2024-09-21T13:33:49.280520" elapsed="0.089410"/>
</kw>
<kw name="Sleep" owner="BuiltIn">
<msg time="2024-09-21T13:33:51.372035" level="INFO">Slept 2 seconds.</msg>
<arg>2s</arg>
<doc>Pauses the test executed for the given time.</doc>
<status status="PASS" start="2024-09-21T13:33:49.370060" elapsed="2.002072"/>
</kw>
<var name="${category}">Tietokoneet</var>
<status status="PASS" start="2024-09-21T13:33:47.818628" elapsed="3.553567"/>
</iter>
<iter>
<kw name="Set Variable" owner="BuiltIn">
<msg time="2024-09-21T13:33:51.372592" level="INFO">${category_url} = https://www.jimms.fi/fi/Product/Komponentit</msg>
<var>${category_url}</var>
<arg>${BASE_URL}${category}</arg>
<doc>Returns the given values which can then be assigned to a variables.</doc>
<status status="PASS" start="2024-09-21T13:33:51.372420" elapsed="0.000215"/>
</kw>
<kw name="Go To" owner="SeleniumLibrary">
<msg time="2024-09-21T13:33:51.372836" level="INFO">Opening url 'https://www.jimms.fi/fi/Product/Komponentit'</msg>
<arg>${category_url}</arg>
<doc>Navigates the current browser window to the provided ``url``.</doc>
<status status="PASS" start="2024-09-21T13:33:51.372728" elapsed="1.208335"/>
</kw>
<kw name="GET On Session" owner="RequestsLibrary">
<msg time="2024-09-21T13:33:52.650970" level="INFO">GET Request : url=https://www.jimms.fi/fi/Product/Komponentit 
 path_url=/fi/Product/Komponentit 
 headers={'User-Agent': 'python-requests/2.32.3', 'Accept-Encoding': 'gzip, deflate', 'Accept': '*/*', 'Connection': 'keep-alive', 'Cookie': 'JW.CurrentUICulture=fi'} 
 body=None 
 </msg>
<msg time="2024-09-21T13:33:52.651363" level="INFO">GET Response : url=https://www.jimms.fi/fi/Product/Komponentit 
 status=200, reason=OK 
 headers={'Date': 'Sat, 21 Sep 2024 10:33:52 GMT', 'Content-Type': 'text/html; charset=utf-8', 'Transfer-Encoding': 'chunked', 'Connection': 'keep-alive', 'Cache-Control': 'private,private', 'access-control-allow-origin': 'https://www.jimms.fi', 'CF-Cache-Status': 'DYNAMIC', 'Report-To': '{"endpoints":[{"url":"https:\\/\\/a.nel.cloudflare.com\\/report\\/v4?s=2ELrsTzNCxEfuEk2yuuTjkwpwW6c9X8fxfeaslXeoxqmN%2BI7z30rSaEY8l1d4hyKb2u1h4KHz5%2FTFzw4UAdlwb133QVBxgEtmpp24wh1Y9L%2F4ZbtlzWT%2Ba4MnZaLvg%3D%3D"}],"group":"cf-nel","max_age":604800}', 'NEL': '{"success_fraction":0,"report_to":"cf-nel","max_age":604800}', 'Server': 'cloudflare', 'CF-RAY': '8c696647a88b8d59-HEL', 'Content-Encoding': 'gzip'} 
 body=
&lt;!DOCTYPE html&gt;
&lt;html lang="fi"&gt;
&lt;head&gt;
    &lt;meta charset="utf-8" /&gt;
    &lt;meta http-equiv="Content-Type" content="text/html; utf-8" /&gt;
    &lt;meta http-equiv="Content-language" content="fi" /&gt;

    &lt;meta name="viewport" content="width=device-width, initial-scale=1.0, minimum-scale=1.0, maximum-scale=2, user-scalable=yes, viewport-fit=auto"&gt;
    &lt;meta http-equiv="X-UA-Compatible" content="IE=edge,chrome=1" /&gt;
    &lt;meta name="format-detection" content="telephone=no" /&gt;
    &lt;meta http-equiv="cache-control" content="max-age=0" /&gt;
    &lt;meta http-equiv="cache-control" content="no-cache" /&gt;
    &lt;meta http-equiv="expires" content="0" /&gt;
    &lt;meta http-equiv="expires" content="Tue, 01 Jan 1980 1:00:00 GMT" /&gt;
    &lt;meta http-equiv="pragma" content="no-cache" /&gt;

    &lt;meta property="og:title" content="Komponentit - Jimms.fi"&gt;
&lt;meta property="og:url" content="https://www.jimms.fi/fi/Product/Komponentit"&gt;
&lt;meta property="og:image" content="http://www.jimms.fi/Content/Images/site/jimmsog.jpg"&gt;
&lt;meta property="og:image:secure_url" content="https://www.jimms.fi/Content/Images/site/jimmsog.jpg"&gt;
&lt;meta property="og:image:type" content="image/jpeg"&gt;
&lt;meta property="og:image:width" content="1200"&gt;
&lt;meta property="og:image:height" content="630"&gt;
&lt;meta property="og:description" content="Suomen kattavin valikoima komponentteja peruskoneen tai tehokkaan peli- ja ty&amp;#246;tietokoneen rakentamoiseen. Ja nettitilauksiin ilmaiset postikulut!"&gt;
&lt;meta property="og:site_name" content="Jimms.fi"&gt;
&lt;meta property="fb:app_id" content="297181540295864"&gt;
&lt;meta name="description" content="Suomen kattavin valikoima komponentteja peruskoneen tai tehokkaan peli- ja ty&amp;#246;tietokoneen rakentamoiseen. Ja nettitilauksiin ilmaiset postikulut!" /&gt;

    

	&lt;meta name="application-name" content="Jimms.fi"&gt;
	&lt;meta name="msapplication-TileColor" content="#333333"/&gt;
	&lt;meta name="msapplication-TileImage" content="/Content/SiteIcons/mstile-144x144.png"/&gt;
	&lt;meta name="theme-color" content="#bb3300"/&gt;

	&lt;link rel="apple-touch-icon" sizes="57x57" href="/Content/SiteIcons/apple-touch-icon-57x57.png"/&gt;
	&lt;link rel="apple-touch-icon" sizes="60x60" href="/Content/SiteIcons/apple-touch-icon-60x60.png"/&gt;
	&lt;link rel="apple-touch-icon" sizes="72x72" href="/Content/SiteIcons/apple-touch-icon-72x72.png"/&gt;
	&lt;link rel="apple-touch-icon" sizes="76x76" href="/Content/SiteIcons/apple-touch-icon-76x76.png"/&gt;
	&lt;link rel="apple-touch-icon" sizes="114x114" href="/Content/SiteIcons/apple-touch-icon-114x114.png"/&gt;
	&lt;link rel="apple-touch-icon" sizes="120x120" href="/Content/SiteIcons/apple-touch-icon-120x120.png"/&gt;
	&lt;link rel="apple-touch-icon" sizes="144x144" href="/Content/SiteIcons/apple-touch-icon-144x144.png"/&gt;
	&lt;link rel="apple-touch-icon" sizes="152x152" href="/Content/SiteIcons/apple-touch-icon-152x152.png"/&gt;
	&lt;link rel="apple-touch-icon" sizes="180x180" href="/Content/SiteIcons/apple-touch-icon-180x180.png"/&gt;
	
	&lt;link rel="icon" type="image/png" href="/Content/SiteIcons/favicon-32x32.png" sizes="32x32"/&gt;
	&lt;link rel="icon" type="image/png" href="/Content/SiteIcons/android-chrome-192x192.png" sizes="192x192"/&gt;
	&lt;link rel="icon" type="image/png" href="/Content/SiteIcons/favicon-96x96.png" sizes="96x96"/&gt;
	&lt;link rel="icon" type="image/png" href="/Content/SiteIcons/favicon-16x16.png" sizes="16x16"/&gt;
	
	&lt;link rel="manifest" href="/manifest.json?v4"/&gt;

	

    &lt;title&gt;Komponentit - Jimms.fi&lt;/title&gt;

    
    &lt;link rel="preload" href="/Content/fonts/opensans.woff2" as="font" type="font/woff2" crossorigin&gt;
    &lt;link rel="preload" href="/Content/fonts/material-icons-round.woff2" as="font" type="font/woff2" crossorigin&gt;
    
    &lt;link async rel="stylesheet" type="text/css" href="/Content/libs.min.css?v=fl_8" /&gt;
    &lt;link defer rel="stylesheet" type="text/css" href="/Content/jimms.min.css?v=fl_45" /&gt;

    
    &lt;script type="text/javascript"&gt;
        var languageCode = "fi";

        window.defaultTheme = 'auto';
        

    &lt;/script&gt;
    &lt;script type="text/javascript" src="/Scripts/app.bundle.js?v=fl_6"&gt;&lt;/script&gt;
    &lt;script type="text/javascript" src="/Scripts/jimmsfi.min.js?v=fl_45"&gt;&lt;/script&gt;

    
    &lt;script type="text/javascript"&gt;
        viewModel.ShoppingCart = new jimmsfi.ShoppingCartViewModel(true, 0, 0);
        

        window.DY = window.DY || {};
        DY.userActiveConsent = { accepted: false }
        DY.recommendationContext = {
            type: 'CATEGORY', 
            data: ['Komponentit'],
            lng: 'fi_FI'
        };
    &lt;/script&gt;

    
    &lt;script type="text/javascript"&gt;
        
        window.dataLayer = window.dataLayer || [];
        function gtag() { dataLayer.push(arguments); }

        gtag('consent', 'default', {'functionality_storage':'granted','security_storage':'granted','analytics_storage':'denied','personalization_storage':'denied','ad_storage':'denied','ad_user_data': 'denied','ad_personalization':'denied',wait_for_update: 100}); 

        dataLayer.push({'event': 'page_information', 'pageType': 'category'});
        dataLayer.push({'event': 'page_Theme','pageTheme': window.currentTheme});

        window.gtm_consent = {'analytics_storage':'denied','personalization_storage':'denied','ad_storage':'denied','ad_user_data': 'denied','ad_personalization':'denied'};
        gtag('set', 'ads_data_redaction', true);
    &lt;/script&gt;

    &lt;script type="text/javascript" src="/Scripts/ui.bundle.js?v=fl_8"&gt;&lt;/script&gt;
    &lt;script type="text/javascript" src="/Scripts/elements.min.js?v=fl_25"&gt;&lt;/script&gt;

    
    
 

	&lt;!-- Google Tag Manager --&gt;
&lt;script&gt;(function(w,d,s,l,i){w[l]=w[l]||[];w[l].push({'gtm.start':
new Date().getTime(),event:'gtm.js'});var f=d.getElementsByTagName(s)[0],
j=d.createElement(s),dl=l!='dataLayer'?'&amp;l='+l:'';j.async=true;j.src=
'https://www.googletagmanager.com/gtm.js?id='+i+dl;f.parentNode.insertBefore(j,f);
})(window,document,'script','dataLayer','GTM-MTKJJ5');&lt;/script&gt;
&lt;!-- End Google Tag Manager --&gt;


    






 
    



    &lt;link rel="preconnect" href="//cdn-eu.dynamicyield.com"&gt;
    &lt;link rel="preconnect" href="//st-eu.dynamicyield.com"&gt;
    &lt;link rel="preconnect" href="//rcom-eu.dynamicyield.com"&gt;
    &lt;link rel="dns-prefetch" href="//cdn-eu.dynamicyield.com"&gt;
    &lt;link rel="dns-prefetch" href="//st-eu.dynamicyield.com"&gt;
    &lt;link rel="dns-prefetch" href="//rcom-eu.dynamicyield.com"&gt;


    &lt;script type="text/plain" data-category="analytics_cookies" src="//cdn-eu.dynamicyield.com/api/9879196/api_dynamic.js"&gt;&lt;/script&gt;
    &lt;script type="text/plain" data-category="analytics_cookies" src="//cdn-eu.dynamicyield.com/api/9879196/api_static.js"&gt;&lt;/script&gt; 


    
&lt;/head&gt;

&lt;body&gt;

    &lt;!-- Google Tag Manager (noscript) --&gt;
&lt;noscript&gt;&lt;iframe src="https://www.googletagmanager.com/ns.html?id=GTM-MTKJJ5"
height="0" width="0" style="display:none;visibility:hidden"&gt;&lt;/iframe&gt;&lt;/noscript&gt;
&lt;!-- End Google Tag Manager (noscript) --&gt;

    

    &lt;div class="jim-toplinkbar"&gt;
    &lt;div class="container"&gt;

        &lt;a href="https://blog.jimms.fi" target=_blank&gt;Blogi&lt;/a&gt;
        &lt;a href="/fi/Info/Faq"&gt;UKK&lt;/a&gt;
        &lt;a href="/fi/Pages/B2B"&gt;Yritysmyynti&lt;/a&gt;
        &lt;a href="/fi/Info/Contact"&gt;Yhteystiedot&lt;/a&gt;

        &lt;div class="separator-line"&gt;

            &lt;span role="button" class="dropdown-toggle btn-icon" data-bs-toggle="dropdown" aria-haspopup="true" aria-expanded="false"&gt;
                &lt;i class="material-icon theme-icon-active"&gt;dark_mode&lt;/i&gt;
            &lt;/span&gt;

            &lt;ul class="dropdown-menu dropdown-menu-end" role="menu" style="z-index: 1100; --bs-dropdown-min-width: 12rem;"&gt;
                &lt;li&gt;&lt;button class="dropdown-item d-flex align-items-center gap-2" data-bs-theme-value="light"&gt;&lt;i class="material-icon theme-icon"&gt;light_mode&lt;/i&gt; Vaalea &lt;i class="material-icon ms-auto theme-active-check d-none"&gt;check&lt;/i&gt;&lt;/button&gt;&lt;/li&gt;
                &lt;li&gt;&lt;button class="dropdown-item d-flex align-items-center gap-2" data-bs-theme-value="dark"&gt;&lt;i class="material-icon"&gt;dark_mode&lt;/i&gt; Tumma &lt;i class="material-icon ms-auto theme-active-check d-none"&gt;check&lt;/i&gt;&lt;/button&gt;&lt;/li&gt;
                &lt;li&gt;&lt;button class="dropdown-item d-flex align-items-center gap-2" data-bs-theme-value="auto"&gt;&lt;i class="material-icon"&gt;brightness_medium&lt;/i&gt; Automaattinen &lt;i class="material-icon ms-auto theme-active-check d-none"&gt;check&lt;/i&gt;&lt;/button&gt;&lt;/li&gt;
            &lt;/ul&gt;
        &lt;/div&gt;

        &lt;jim-store-language class="jim-store-language separator-line"&gt;

            &lt;span role="button" class="dropdown-toggle text-uppercase" data-bs-toggle="dropdown" aria-haspopup="true" aria-expanded="false"&gt;
                fi
            &lt;/span&gt;

            &lt;ul class="dropdown-menu dropdown-menu-end" role="menu" style="z-index: 1100"&gt;
                &lt;li&gt;&lt;a class="dropdown-item" href="/fi/Home/ChangeCurrentCulture?newlang=fi"&gt;&lt;div class="flag-fi img-fluid border-radius-circle d-inline-block me-2" style="width: 1rem; height: 1rem"&gt;&lt;/div&gt; Suomi&lt;/a&gt;&lt;/li&gt;
                
            &lt;/ul&gt;
        &lt;/jim-store-language&gt;
    &lt;/div&gt;
&lt;/div&gt;

&lt;script&gt;
    const showActiveTheme = theme =&gt; {
        const activeThemeIcon = document.querySelector('i.theme-icon-active');
        const btnToActive = document.querySelector(`[data-bs-theme-value="${theme}"]`);
        document.querySelectorAll('[data-bs-theme-value] &gt; i.theme-active-check').forEach(element =&gt; {
            if (element.parentNode == btnToActive) {
                element.classList.remove('d-none');
                activeThemeIcon.innerHTML = btnToActive.childNodes[0].innerHTML;
            }
            else {
                element.classList.add('d-none');
            }
        });
    }
    showActiveTheme(getPreferredTheme());
   
    window.addEventListener('DOMContentLoaded', () =&gt; {
        document.querySelectorAll('[data-bs-theme-value]').forEach(toggle =&gt; {
            toggle.addEventListener('click', () =&gt; {
                const theme = tog... (set the log level to DEBUG or TRACE to see the full content) 
 </msg>
<msg time="2024-09-21T13:33:52.651584" level="INFO">/Users/dandev947366/Desktop/HAMK-8-2024/Software-Testing/SWT-Team4/SWT-Team4/Jimms-SWT/categories/venv/lib/python3.10/site-packages/urllib3/connectionpool.py:1099: InsecureRequestWarning: Unverified HTTPS request is being made to host 'www.jimms.fi'. Adding certificate verification is strongly advised. See: https://urllib3.readthedocs.io/en/latest/advanced-usage.html#tls-warnings
  warnings.warn(</msg>
<msg time="2024-09-21T13:33:52.651739" level="INFO">${response} = &lt;Response [200]&gt;</msg>
<var>${response}</var>
<arg>jimms</arg>
<arg>${category}</arg>
<doc>Sends a GET request on a previously created HTTP Session.</doc>
<status status="PASS" start="2024-09-21T13:33:52.581271" elapsed="0.070488"/>
</kw>
<kw name="Run Keyword And Ignore Error" owner="BuiltIn">
<kw name="Should Be Equal As Numbers" owner="BuiltIn">
<msg time="2024-09-21T13:33:52.652587" level="INFO">Argument types are:
&lt;class 'int'&gt;
&lt;class 'str'&gt;</msg>
<arg>${response.status_code}</arg>
<arg>200</arg>
<arg>msg=Landing page for ${category} did not return a 200 status.</arg>
<doc>Fails if objects are unequal after converting them to real numbers.</doc>
<status status="PASS" start="2024-09-21T13:33:52.652126" elapsed="0.000536"/>
</kw>
<arg>Should Be Equal As Numbers</arg>
<arg>${response.status_code}</arg>
<arg>200</arg>
<arg>msg=Landing page for ${category} did not return a 200 status.</arg>
<doc>Runs the given keyword with the given arguments and ignores possible error.</doc>
<status status="PASS" start="2024-09-21T13:33:52.651962" elapsed="0.000760"/>
</kw>
<kw name="Capture Page Screenshot" owner="SeleniumLibrary">
<msg time="2024-09-21T13:33:52.720128" level="INFO" html="true">&lt;/td&gt;&lt;/tr&gt;&lt;tr&gt;&lt;td colspan="3"&gt;&lt;a href="Komponentit_landing_page.png"&gt;&lt;img src="Komponentit_landing_page.png" width="800px"&gt;&lt;/a&gt;</msg>
<arg>${category}_landing_page.png</arg>
<doc>Takes a screenshot of the current page and embeds it into a log file.</doc>
<status status="PASS" start="2024-09-21T13:33:52.652825" elapsed="0.067378"/>
</kw>
<kw name="Sleep" owner="BuiltIn">
<msg time="2024-09-21T13:33:54.721453" level="INFO">Slept 2 seconds.</msg>
<arg>2s</arg>
<doc>Pauses the test executed for the given time.</doc>
<status status="PASS" start="2024-09-21T13:33:52.720324" elapsed="2.001278"/>
</kw>
<var name="${category}">Komponentit</var>
<status status="PASS" start="2024-09-21T13:33:51.372327" elapsed="3.349346"/>
</iter>
<iter>
<kw name="Set Variable" owner="BuiltIn">
<msg time="2024-09-21T13:33:54.722104" level="INFO">${category_url} = https://www.jimms.fi/fi/Product/Oheislaitteet</msg>
<var>${category_url}</var>
<arg>${BASE_URL}${category}</arg>
<doc>Returns the given values which can then be assigned to a variables.</doc>
<status status="PASS" start="2024-09-21T13:33:54.721920" elapsed="0.000201"/>
</kw>
<kw name="Go To" owner="SeleniumLibrary">
<msg time="2024-09-21T13:33:54.722332" level="INFO">Opening url 'https://www.jimms.fi/fi/Product/Oheislaitteet'</msg>
<arg>${category_url}</arg>
<doc>Navigates the current browser window to the provided ``url``.</doc>
<status status="PASS" start="2024-09-21T13:33:54.722209" elapsed="0.942413"/>
</kw>
<kw name="GET On Session" owner="RequestsLibrary">
<msg time="2024-09-21T13:33:55.761689" level="INFO">GET Request : url=https://www.jimms.fi/fi/Product/Oheislaitteet 
 path_url=/fi/Product/Oheislaitteet 
 headers={'User-Agent': 'python-requests/2.32.3', 'Accept-Encoding': 'gzip, deflate', 'Accept': '*/*', 'Connection': 'keep-alive', 'Cookie': 'JW.CurrentUICulture=fi'} 
 body=None 
 </msg>
<msg time="2024-09-21T13:33:55.762077" level="INFO">GET Response : url=https://www.jimms.fi/fi/Product/Oheislaitteet 
 status=200, reason=OK 
 headers={'Date': 'Sat, 21 Sep 2024 10:33:55 GMT', 'Content-Type': 'text/html; charset=utf-8', 'Transfer-Encoding': 'chunked', 'Connection': 'keep-alive', 'Cache-Control': 'private,private', 'access-control-allow-origin': 'https://www.jimms.fi', 'CF-Cache-Status': 'DYNAMIC', 'Report-To': '{"endpoints":[{"url":"https:\\/\\/a.nel.cloudflare.com\\/report\\/v4?s=sIm6BxY8m%2FrRUS5kt%2FiOWDR%2F5xGgFR6QhcG5YBv7XpFrmiwQ7ipD5%2BmsmD%2FtKTOlH1eNlYWPE7TNdCP0TxNawMfpyyGMvkeZLBzmEILWyZG4bZMbD0rRVtU%2B5%2FxMDg%3D%3D"}],"group":"cf-nel","max_age":604800}', 'NEL': '{"success_fraction":0,"report_to":"cf-nel","max_age":604800}', 'Server': 'cloudflare', 'CF-RAY': '8c69665ae83c8d59-HEL', 'Content-Encoding': 'gzip'} 
 body=
&lt;!DOCTYPE html&gt;
&lt;html lang="fi"&gt;
&lt;head&gt;
    &lt;meta charset="utf-8" /&gt;
    &lt;meta http-equiv="Content-Type" content="text/html; utf-8" /&gt;
    &lt;meta http-equiv="Content-language" content="fi" /&gt;

    &lt;meta name="viewport" content="width=device-width, initial-scale=1.0, minimum-scale=1.0, maximum-scale=2, user-scalable=yes, viewport-fit=auto"&gt;
    &lt;meta http-equiv="X-UA-Compatible" content="IE=edge,chrome=1" /&gt;
    &lt;meta name="format-detection" content="telephone=no" /&gt;
    &lt;meta http-equiv="cache-control" content="max-age=0" /&gt;
    &lt;meta http-equiv="cache-control" content="no-cache" /&gt;
    &lt;meta http-equiv="expires" content="0" /&gt;
    &lt;meta http-equiv="expires" content="Tue, 01 Jan 1980 1:00:00 GMT" /&gt;
    &lt;meta http-equiv="pragma" content="no-cache" /&gt;

    &lt;meta property="og:title" content="Oheislaitteet - Jimms.fi"&gt;
&lt;meta property="og:url" content="https://www.jimms.fi/fi/Product/Oheislaitteet"&gt;
&lt;meta property="og:image" content="http://www.jimms.fi/Content/Images/site/jimmsog.jpg"&gt;
&lt;meta property="og:image:secure_url" content="https://www.jimms.fi/Content/Images/site/jimmsog.jpg"&gt;
&lt;meta property="og:image:type" content="image/jpeg"&gt;
&lt;meta property="og:image:width" content="1200"&gt;
&lt;meta property="og:image:height" content="630"&gt;
&lt;meta property="og:description" content="L&amp;#246;yd&amp;#228;t meilt&amp;#228; n&amp;#228;pp&amp;#228;imist&amp;#246;t, hiiret, kuulokkeet, tulostimet, ylij&amp;#228;nnitesuojat sek&amp;#228; paljon muuta! Ja nettitilauksiin ilmaiset postikulut!"&gt;
&lt;meta property="og:site_name" content="Jimms.fi"&gt;
&lt;meta property="fb:app_id" content="297181540295864"&gt;
&lt;meta name="description" content="L&amp;#246;yd&amp;#228;t meilt&amp;#228; n&amp;#228;pp&amp;#228;imist&amp;#246;t, hiiret, kuulokkeet, tulostimet, ylij&amp;#228;nnitesuojat sek&amp;#228; paljon muuta! Ja nettitilauksiin ilmaiset postikulut!" /&gt;

    

	&lt;meta name="application-name" content="Jimms.fi"&gt;
	&lt;meta name="msapplication-TileColor" content="#333333"/&gt;
	&lt;meta name="msapplication-TileImage" content="/Content/SiteIcons/mstile-144x144.png"/&gt;
	&lt;meta name="theme-color" content="#bb3300"/&gt;

	&lt;link rel="apple-touch-icon" sizes="57x57" href="/Content/SiteIcons/apple-touch-icon-57x57.png"/&gt;
	&lt;link rel="apple-touch-icon" sizes="60x60" href="/Content/SiteIcons/apple-touch-icon-60x60.png"/&gt;
	&lt;link rel="apple-touch-icon" sizes="72x72" href="/Content/SiteIcons/apple-touch-icon-72x72.png"/&gt;
	&lt;link rel="apple-touch-icon" sizes="76x76" href="/Content/SiteIcons/apple-touch-icon-76x76.png"/&gt;
	&lt;link rel="apple-touch-icon" sizes="114x114" href="/Content/SiteIcons/apple-touch-icon-114x114.png"/&gt;
	&lt;link rel="apple-touch-icon" sizes="120x120" href="/Content/SiteIcons/apple-touch-icon-120x120.png"/&gt;
	&lt;link rel="apple-touch-icon" sizes="144x144" href="/Content/SiteIcons/apple-touch-icon-144x144.png"/&gt;
	&lt;link rel="apple-touch-icon" sizes="152x152" href="/Content/SiteIcons/apple-touch-icon-152x152.png"/&gt;
	&lt;link rel="apple-touch-icon" sizes="180x180" href="/Content/SiteIcons/apple-touch-icon-180x180.png"/&gt;
	
	&lt;link rel="icon" type="image/png" href="/Content/SiteIcons/favicon-32x32.png" sizes="32x32"/&gt;
	&lt;link rel="icon" type="image/png" href="/Content/SiteIcons/android-chrome-192x192.png" sizes="192x192"/&gt;
	&lt;link rel="icon" type="image/png" href="/Content/SiteIcons/favicon-96x96.png" sizes="96x96"/&gt;
	&lt;link rel="icon" type="image/png" href="/Content/SiteIcons/favicon-16x16.png" sizes="16x16"/&gt;
	
	&lt;link rel="manifest" href="/manifest.json?v4"/&gt;

	

    &lt;title&gt;Oheislaitteet - Jimms.fi&lt;/title&gt;

    
    &lt;link rel="preload" href="/Content/fonts/opensans.woff2" as="font" type="font/woff2" crossorigin&gt;
    &lt;link rel="preload" href="/Content/fonts/material-icons-round.woff2" as="font" type="font/woff2" crossorigin&gt;
    
    &lt;link async rel="stylesheet" type="text/css" href="/Content/libs.min.css?v=fl_8" /&gt;
    &lt;link defer rel="stylesheet" type="text/css" href="/Content/jimms.min.css?v=fl_45" /&gt;

    
    &lt;script type="text/javascript"&gt;
        var languageCode = "fi";

        window.defaultTheme = 'auto';
        

    &lt;/script&gt;
    &lt;script type="text/javascript" src="/Scripts/app.bundle.js?v=fl_6"&gt;&lt;/script&gt;
    &lt;script type="text/javascript" src="/Scripts/jimmsfi.min.js?v=fl_45"&gt;&lt;/script&gt;

    
    &lt;script type="text/javascript"&gt;
        viewModel.ShoppingCart = new jimmsfi.ShoppingCartViewModel(true, 0, 0);
        

        window.DY = window.DY || {};
        DY.userActiveConsent = { accepted: false }
        DY.recommendationContext = {
            type: 'CATEGORY', 
            data: ['Oheislaitteet'],
            lng: 'fi_FI'
        };
    &lt;/script&gt;

    
    &lt;script type="text/javascript"&gt;
        
        window.dataLayer = window.dataLayer || [];
        function gtag() { dataLayer.push(arguments); }

        gtag('consent', 'default', {'functionality_storage':'granted','security_storage':'granted','analytics_storage':'denied','personalization_storage':'denied','ad_storage':'denied','ad_user_data': 'denied','ad_personalization':'denied',wait_for_update: 100}); 

        dataLayer.push({'event': 'page_information', 'pageType': 'category'});
        dataLayer.push({'event': 'page_Theme','pageTheme': window.currentTheme});

        window.gtm_consent = {'analytics_storage':'denied','personalization_storage':'denied','ad_storage':'denied','ad_user_data': 'denied','ad_personalization':'denied'};
        gtag('set', 'ads_data_redaction', true);
    &lt;/script&gt;

    &lt;script type="text/javascript" src="/Scripts/ui.bundle.js?v=fl_8"&gt;&lt;/script&gt;
    &lt;script type="text/javascript" src="/Scripts/elements.min.js?v=fl_25"&gt;&lt;/script&gt;

    
    
 

	&lt;!-- Google Tag Manager --&gt;
&lt;script&gt;(function(w,d,s,l,i){w[l]=w[l]||[];w[l].push({'gtm.start':
new Date().getTime(),event:'gtm.js'});var f=d.getElementsByTagName(s)[0],
j=d.createElement(s),dl=l!='dataLayer'?'&amp;l='+l:'';j.async=true;j.src=
'https://www.googletagmanager.com/gtm.js?id='+i+dl;f.parentNode.insertBefore(j,f);
})(window,document,'script','dataLayer','GTM-MTKJJ5');&lt;/script&gt;
&lt;!-- End Google Tag Manager --&gt;


    






 
    



    &lt;link rel="preconnect" href="//cdn-eu.dynamicyield.com"&gt;
    &lt;link rel="preconnect" href="//st-eu.dynamicyield.com"&gt;
    &lt;link rel="preconnect" href="//rcom-eu.dynamicyield.com"&gt;
    &lt;link rel="dns-prefetch" href="//cdn-eu.dynamicyield.com"&gt;
    &lt;link rel="dns-prefetch" href="//st-eu.dynamicyield.com"&gt;
    &lt;link rel="dns-prefetch" href="//rcom-eu.dynamicyield.com"&gt;


    &lt;script type="text/plain" data-category="analytics_cookies" src="//cdn-eu.dynamicyield.com/api/9879196/api_dynamic.js"&gt;&lt;/script&gt;
    &lt;script type="text/plain" data-category="analytics_cookies" src="//cdn-eu.dynamicyield.com/api/9879196/api_static.js"&gt;&lt;/script&gt; 


    
&lt;/head&gt;

&lt;body&gt;

    &lt;!-- Google Tag Manager (noscript) --&gt;
&lt;noscript&gt;&lt;iframe src="https://www.googletagmanager.com/ns.html?id=GTM-MTKJJ5"
height="0" width="0" style="display:none;visibility:hidden"&gt;&lt;/iframe&gt;&lt;/noscript&gt;
&lt;!-- End Google Tag Manager (noscript) --&gt;

    

    &lt;div class="jim-toplinkbar"&gt;
    &lt;div class="container"&gt;

        &lt;a href="https://blog.jimms.fi" target=_blank&gt;Blogi&lt;/a&gt;
        &lt;a href="/fi/Info/Faq"&gt;UKK&lt;/a&gt;
        &lt;a href="/fi/Pages/B2B"&gt;Yritysmyynti&lt;/a&gt;
        &lt;a href="/fi/Info/Contact"&gt;Yhteystiedot&lt;/a&gt;

        &lt;div class="separator-line"&gt;

            &lt;span role="button" class="dropdown-toggle btn-icon" data-bs-toggle="dropdown" aria-haspopup="true" aria-expanded="false"&gt;
                &lt;i class="material-icon theme-icon-active"&gt;dark_mode&lt;/i&gt;
            &lt;/span&gt;

            &lt;ul class="dropdown-menu dropdown-menu-end" role="menu" style="z-index: 1100; --bs-dropdown-min-width: 12rem;"&gt;
                &lt;li&gt;&lt;button class="dropdown-item d-flex align-items-center gap-2" data-bs-theme-value="light"&gt;&lt;i class="material-icon theme-icon"&gt;light_mode&lt;/i&gt; Vaalea &lt;i class="material-icon ms-auto theme-active-check d-none"&gt;check&lt;/i&gt;&lt;/button&gt;&lt;/li&gt;
                &lt;li&gt;&lt;button class="dropdown-item d-flex align-items-center gap-2" data-bs-theme-value="dark"&gt;&lt;i class="material-icon"&gt;dark_mode&lt;/i&gt; Tumma &lt;i class="material-icon ms-auto theme-active-check d-none"&gt;check&lt;/i&gt;&lt;/button&gt;&lt;/li&gt;
                &lt;li&gt;&lt;button class="dropdown-item d-flex align-items-center gap-2" data-bs-theme-value="auto"&gt;&lt;i class="material-icon"&gt;brightness_medium&lt;/i&gt; Automaattinen &lt;i class="material-icon ms-auto theme-active-check d-none"&gt;check&lt;/i&gt;&lt;/button&gt;&lt;/li&gt;
            &lt;/ul&gt;
        &lt;/div&gt;

        &lt;jim-store-language class="jim-store-language separator-line"&gt;

            &lt;span role="button" class="dropdown-toggle text-uppercase" data-bs-toggle="dropdown" aria-haspopup="true" aria-expanded="false"&gt;
                fi
            &lt;/span&gt;

            &lt;ul class="dropdown-menu dropdown-menu-end" role="menu" style="z-index: 1100"&gt;
                &lt;li&gt;&lt;a class="dropdown-item" href="/fi/Home/ChangeCurrentCulture?newlang=fi"&gt;&lt;div class="flag-fi img-fluid border-radius-circle d-inline-block me-2" style="width: 1rem; height: 1rem"&gt;&lt;/div&gt; Suomi&lt;/a&gt;&lt;/li&gt;
                
            &lt;/ul&gt;
        &lt;/jim-store-language&gt;
    &lt;/div&gt;
&lt;/div&gt;

&lt;script&gt;
    const showActiveTheme = theme =&gt; {
        const activeThemeIcon = document.querySelector('i.theme-icon-active');
        const btnToActive = document.querySelector(`[data-bs-theme-value="${theme}"]`);
        document.querySelectorAll('[data-bs-theme-value] &gt; i.theme-active-check').forEach(element =&gt; {
            if (element.parentNode == btnToActive) {
                element.classList.remove('d-none');
                activeThemeIcon.innerHTML = btnToActive.childNodes[0].innerHTML;
            }
            else {
                element.classList.add('d-none');
            }
        });
    }
    showActiveTheme(getPreferredTheme());
   
    window.addEventListener('DOMContentLoaded', () =&gt; {
        document.querySelectorAll('[data-bs-theme-value]').forEach(toggle =&gt; {
            toggle.addEventLi... (set the log level to DEBUG or TRACE to see the full content) 
 </msg>
<msg time="2024-09-21T13:33:55.763450" level="INFO">/Users/dandev947366/Desktop/HAMK-8-2024/Software-Testing/SWT-Team4/SWT-Team4/Jimms-SWT/categories/venv/lib/python3.10/site-packages/urllib3/connectionpool.py:1099: InsecureRequestWarning: Unverified HTTPS request is being made to host 'www.jimms.fi'. Adding certificate verification is strongly advised. See: https://urllib3.readthedocs.io/en/latest/advanced-usage.html#tls-warnings
  warnings.warn(</msg>
<msg time="2024-09-21T13:33:55.763648" level="INFO">${response} = &lt;Response [200]&gt;</msg>
<var>${response}</var>
<arg>jimms</arg>
<arg>${category}</arg>
<doc>Sends a GET request on a previously created HTTP Session.</doc>
<status status="PASS" start="2024-09-21T13:33:55.664783" elapsed="0.098891"/>
</kw>
<kw name="Run Keyword And Ignore Error" owner="BuiltIn">
<kw name="Should Be Equal As Numbers" owner="BuiltIn">
<msg time="2024-09-21T13:33:55.764510" level="INFO">Argument types are:
&lt;class 'int'&gt;
&lt;class 'str'&gt;</msg>
<arg>${response.status_code}</arg>
<arg>200</arg>
<arg>msg=Landing page for ${category} did not return a 200 status.</arg>
<doc>Fails if objects are unequal after converting them to real numbers.</doc>
<status status="PASS" start="2024-09-21T13:33:55.764131" elapsed="0.000424"/>
</kw>
<arg>Should Be Equal As Numbers</arg>
<arg>${response.status_code}</arg>
<arg>200</arg>
<arg>msg=Landing page for ${category} did not return a 200 status.</arg>
<doc>Runs the given keyword with the given arguments and ignores possible error.</doc>
<status status="PASS" start="2024-09-21T13:33:55.763988" elapsed="0.000623"/>
</kw>
<kw name="Capture Page Screenshot" owner="SeleniumLibrary">
<msg time="2024-09-21T13:33:55.847970" level="INFO" html="true">&lt;/td&gt;&lt;/tr&gt;&lt;tr&gt;&lt;td colspan="3"&gt;&lt;a href="Oheislaitteet_landing_page.png"&gt;&lt;img src="Oheislaitteet_landing_page.png" width="800px"&gt;&lt;/a&gt;</msg>
<arg>${category}_landing_page.png</arg>
<doc>Takes a screenshot of the current page and embeds it into a log file.</doc>
<status status="PASS" start="2024-09-21T13:33:55.764745" elapsed="0.083310"/>
</kw>
<kw name="Sleep" owner="BuiltIn">
<msg time="2024-09-21T13:33:57.849337" level="INFO">Slept 2 seconds.</msg>
<arg>2s</arg>
<doc>Pauses the test executed for the given time.</doc>
<status status="PASS" start="2024-09-21T13:33:55.848186" elapsed="2.001286"/>
</kw>
<var name="${category}">Oheislaitteet</var>
<status status="PASS" start="2024-09-21T13:33:54.721827" elapsed="3.127710"/>
</iter>
<iter>
<kw name="Set Variable" owner="BuiltIn">
<msg time="2024-09-21T13:33:57.850131" level="INFO">${category_url} = https://www.jimms.fi/fi/Product/SimRacing</msg>
<var>${category_url}</var>
<arg>${BASE_URL}${category}</arg>
<doc>Returns the given values which can then be assigned to a variables.</doc>
<status status="PASS" start="2024-09-21T13:33:57.849839" elapsed="0.000348"/>
</kw>
<kw name="Go To" owner="SeleniumLibrary">
<msg time="2024-09-21T13:33:57.850520" level="INFO">Opening url 'https://www.jimms.fi/fi/Product/SimRacing'</msg>
<arg>${category_url}</arg>
<doc>Navigates the current browser window to the provided ``url``.</doc>
<status status="PASS" start="2024-09-21T13:33:57.850365" elapsed="0.789242"/>
</kw>
<kw name="GET On Session" owner="RequestsLibrary">
<msg time="2024-09-21T13:33:58.761762" level="INFO">GET Request : url=https://www.jimms.fi/fi/Product/SimRacing 
 path_url=/fi/Product/SimRacing 
 headers={'User-Agent': 'python-requests/2.32.3', 'Accept-Encoding': 'gzip, deflate', 'Accept': '*/*', 'Connection': 'keep-alive', 'Cookie': 'JW.CurrentUICulture=fi'} 
 body=None 
 </msg>
<msg time="2024-09-21T13:33:58.762164" level="INFO">GET Response : url=https://www.jimms.fi/fi/Product/SimRacing 
 status=200, reason=OK 
 headers={'Date': 'Sat, 21 Sep 2024 10:33:58 GMT', 'Content-Type': 'text/html; charset=utf-8', 'Transfer-Encoding': 'chunked', 'Connection': 'keep-alive', 'Cache-Control': 'private,private', 'access-control-allow-origin': 'https://www.jimms.fi', 'CF-Cache-Status': 'DYNAMIC', 'Report-To': '{"endpoints":[{"url":"https:\\/\\/a.nel.cloudflare.com\\/report\\/v4?s=0gC%2BIuZlNwAYNs4xvPDPQZPgPtCigQOwXRRWaLl2nv0czuIUooIcvnoVbjFnqRpOQxU6mN6Bs9DyUTfT6hsAsILj1yN9Vr2BHa8DhZs9iEcDWrqZZaVJWAqaFe5cyQ%3D%3D"}],"group":"cf-nel","max_age":604800}', 'NEL': '{"success_fraction":0,"report_to":"cf-nel","max_age":604800}', 'Server': 'cloudflare', 'CF-RAY': '8c69666d88158d59-HEL', 'Content-Encoding': 'gzip'} 
 body=
&lt;!DOCTYPE html&gt;
&lt;html lang="fi"&gt;
&lt;head&gt;
    &lt;meta charset="utf-8" /&gt;
    &lt;meta http-equiv="Content-Type" content="text/html; utf-8" /&gt;
    &lt;meta http-equiv="Content-language" content="fi" /&gt;

    &lt;meta name="viewport" content="width=device-width, initial-scale=1.0, minimum-scale=1.0, maximum-scale=2, user-scalable=yes, viewport-fit=auto"&gt;
    &lt;meta http-equiv="X-UA-Compatible" content="IE=edge,chrome=1" /&gt;
    &lt;meta name="format-detection" content="telephone=no" /&gt;
    &lt;meta http-equiv="cache-control" content="max-age=0" /&gt;
    &lt;meta http-equiv="cache-control" content="no-cache" /&gt;
    &lt;meta http-equiv="expires" content="0" /&gt;
    &lt;meta http-equiv="expires" content="Tue, 01 Jan 1980 1:00:00 GMT" /&gt;
    &lt;meta http-equiv="pragma" content="no-cache" /&gt;

    &lt;meta property="og:title" content="Sim Racing - Jimms.fi"&gt;
&lt;meta property="og:url" content="https://www.jimms.fi/fi/Product/SimRacing"&gt;
&lt;meta property="og:image" content="http://www.jimms.fi/Content/Images/site/jimmsog.jpg"&gt;
&lt;meta property="og:image:secure_url" content="https://www.jimms.fi/Content/Images/site/jimmsog.jpg"&gt;
&lt;meta property="og:image:type" content="image/jpeg"&gt;
&lt;meta property="og:image:width" content="1200"&gt;
&lt;meta property="og:image:height" content="630"&gt;
&lt;meta property="og:description" content="Jimms.fi on asiantunteva tietotekniikan, komponenttien ja viihde-elektroniikan verkkokauppa. Tilauksiin aina saatavilla ilmainen toimitusvaihtoehto!"&gt;
&lt;meta property="og:site_name" content="Jimms.fi"&gt;
&lt;meta property="fb:app_id" content="297181540295864"&gt;
&lt;meta name="description" content="Jimms.fi on asiantunteva tietotekniikan, komponenttien ja viihde-elektroniikan verkkokauppa. Tilauksiin aina saatavilla ilmainen toimitusvaihtoehto!" /&gt;

    

	&lt;meta name="application-name" content="Jimms.fi"&gt;
	&lt;meta name="msapplication-TileColor" content="#333333"/&gt;
	&lt;meta name="msapplication-TileImage" content="/Content/SiteIcons/mstile-144x144.png"/&gt;
	&lt;meta name="theme-color" content="#bb3300"/&gt;

	&lt;link rel="apple-touch-icon" sizes="57x57" href="/Content/SiteIcons/apple-touch-icon-57x57.png"/&gt;
	&lt;link rel="apple-touch-icon" sizes="60x60" href="/Content/SiteIcons/apple-touch-icon-60x60.png"/&gt;
	&lt;link rel="apple-touch-icon" sizes="72x72" href="/Content/SiteIcons/apple-touch-icon-72x72.png"/&gt;
	&lt;link rel="apple-touch-icon" sizes="76x76" href="/Content/SiteIcons/apple-touch-icon-76x76.png"/&gt;
	&lt;link rel="apple-touch-icon" sizes="114x114" href="/Content/SiteIcons/apple-touch-icon-114x114.png"/&gt;
	&lt;link rel="apple-touch-icon" sizes="120x120" href="/Content/SiteIcons/apple-touch-icon-120x120.png"/&gt;
	&lt;link rel="apple-touch-icon" sizes="144x144" href="/Content/SiteIcons/apple-touch-icon-144x144.png"/&gt;
	&lt;link rel="apple-touch-icon" sizes="152x152" href="/Content/SiteIcons/apple-touch-icon-152x152.png"/&gt;
	&lt;link rel="apple-touch-icon" sizes="180x180" href="/Content/SiteIcons/apple-touch-icon-180x180.png"/&gt;
	
	&lt;link rel="icon" type="image/png" href="/Content/SiteIcons/favicon-32x32.png" sizes="32x32"/&gt;
	&lt;link rel="icon" type="image/png" href="/Content/SiteIcons/android-chrome-192x192.png" sizes="192x192"/&gt;
	&lt;link rel="icon" type="image/png" href="/Content/SiteIcons/favicon-96x96.png" sizes="96x96"/&gt;
	&lt;link rel="icon" type="image/png" href="/Content/SiteIcons/favicon-16x16.png" sizes="16x16"/&gt;
	
	&lt;link rel="manifest" href="/manifest.json?v4"/&gt;

	

    &lt;title&gt;Sim Racing - Jimms.fi&lt;/title&gt;

    
    &lt;link rel="preload" href="/Content/fonts/opensans.woff2" as="font" type="font/woff2" crossorigin&gt;
    &lt;link rel="preload" href="/Content/fonts/material-icons-round.woff2" as="font" type="font/woff2" crossorigin&gt;
    
    &lt;link async rel="stylesheet" type="text/css" href="/Content/libs.min.css?v=fl_8" /&gt;
    &lt;link defer rel="stylesheet" type="text/css" href="/Content/jimms.min.css?v=fl_45" /&gt;

    
    &lt;script type="text/javascript"&gt;
        var languageCode = "fi";

        window.defaultTheme = 'auto';
        

    &lt;/script&gt;
    &lt;script type="text/javascript" src="/Scripts/app.bundle.js?v=fl_6"&gt;&lt;/script&gt;
    &lt;script type="text/javascript" src="/Scripts/jimmsfi.min.js?v=fl_45"&gt;&lt;/script&gt;

    
    &lt;script type="text/javascript"&gt;
        viewModel.ShoppingCart = new jimmsfi.ShoppingCartViewModel(true, 0, 0);
        

        window.DY = window.DY || {};
        DY.userActiveConsent = { accepted: false }
        DY.recommendationContext = {
            type: 'CATEGORY', 
            data: ['Sim Racing'],
            lng: 'fi_FI'
        };
    &lt;/script&gt;

    
    &lt;script type="text/javascript"&gt;
        
        window.dataLayer = window.dataLayer || [];
        function gtag() { dataLayer.push(arguments); }

        gtag('consent', 'default', {'functionality_storage':'granted','security_storage':'granted','analytics_storage':'denied','personalization_storage':'denied','ad_storage':'denied','ad_user_data': 'denied','ad_personalization':'denied',wait_for_update: 100}); 

        dataLayer.push({'event': 'page_information', 'pageType': 'category'});
        dataLayer.push({'event': 'page_Theme','pageTheme': window.currentTheme});

        window.gtm_consent = {'analytics_storage':'denied','personalization_storage':'denied','ad_storage':'denied','ad_user_data': 'denied','ad_personalization':'denied'};
        gtag('set', 'ads_data_redaction', true);
    &lt;/script&gt;

    &lt;script type="text/javascript" src="/Scripts/ui.bundle.js?v=fl_8"&gt;&lt;/script&gt;
    &lt;script type="text/javascript" src="/Scripts/elements.min.js?v=fl_25"&gt;&lt;/script&gt;

    
    
 

	&lt;!-- Google Tag Manager --&gt;
&lt;script&gt;(function(w,d,s,l,i){w[l]=w[l]||[];w[l].push({'gtm.start':
new Date().getTime(),event:'gtm.js'});var f=d.getElementsByTagName(s)[0],
j=d.createElement(s),dl=l!='dataLayer'?'&amp;l='+l:'';j.async=true;j.src=
'https://www.googletagmanager.com/gtm.js?id='+i+dl;f.parentNode.insertBefore(j,f);
})(window,document,'script','dataLayer','GTM-MTKJJ5');&lt;/script&gt;
&lt;!-- End Google Tag Manager --&gt;


    






 
    



    &lt;link rel="preconnect" href="//cdn-eu.dynamicyield.com"&gt;
    &lt;link rel="preconnect" href="//st-eu.dynamicyield.com"&gt;
    &lt;link rel="preconnect" href="//rcom-eu.dynamicyield.com"&gt;
    &lt;link rel="dns-prefetch" href="//cdn-eu.dynamicyield.com"&gt;
    &lt;link rel="dns-prefetch" href="//st-eu.dynamicyield.com"&gt;
    &lt;link rel="dns-prefetch" href="//rcom-eu.dynamicyield.com"&gt;


    &lt;script type="text/plain" data-category="analytics_cookies" src="//cdn-eu.dynamicyield.com/api/9879196/api_dynamic.js"&gt;&lt;/script&gt;
    &lt;script type="text/plain" data-category="analytics_cookies" src="//cdn-eu.dynamicyield.com/api/9879196/api_static.js"&gt;&lt;/script&gt; 


    
&lt;/head&gt;

&lt;body&gt;

    &lt;!-- Google Tag Manager (noscript) --&gt;
&lt;noscript&gt;&lt;iframe src="https://www.googletagmanager.com/ns.html?id=GTM-MTKJJ5"
height="0" width="0" style="display:none;visibility:hidden"&gt;&lt;/iframe&gt;&lt;/noscript&gt;
&lt;!-- End Google Tag Manager (noscript) --&gt;

    

    &lt;div class="jim-toplinkbar"&gt;
    &lt;div class="container"&gt;

        &lt;a href="https://blog.jimms.fi" target=_blank&gt;Blogi&lt;/a&gt;
        &lt;a href="/fi/Info/Faq"&gt;UKK&lt;/a&gt;
        &lt;a href="/fi/Pages/B2B"&gt;Yritysmyynti&lt;/a&gt;
        &lt;a href="/fi/Info/Contact"&gt;Yhteystiedot&lt;/a&gt;

        &lt;div class="separator-line"&gt;

            &lt;span role="button" class="dropdown-toggle btn-icon" data-bs-toggle="dropdown" aria-haspopup="true" aria-expanded="false"&gt;
                &lt;i class="material-icon theme-icon-active"&gt;dark_mode&lt;/i&gt;
            &lt;/span&gt;

            &lt;ul class="dropdown-menu dropdown-menu-end" role="menu" style="z-index: 1100; --bs-dropdown-min-width: 12rem;"&gt;
                &lt;li&gt;&lt;button class="dropdown-item d-flex align-items-center gap-2" data-bs-theme-value="light"&gt;&lt;i class="material-icon theme-icon"&gt;light_mode&lt;/i&gt; Vaalea &lt;i class="material-icon ms-auto theme-active-check d-none"&gt;check&lt;/i&gt;&lt;/button&gt;&lt;/li&gt;
                &lt;li&gt;&lt;button class="dropdown-item d-flex align-items-center gap-2" data-bs-theme-value="dark"&gt;&lt;i class="material-icon"&gt;dark_mode&lt;/i&gt; Tumma &lt;i class="material-icon ms-auto theme-active-check d-none"&gt;check&lt;/i&gt;&lt;/button&gt;&lt;/li&gt;
                &lt;li&gt;&lt;button class="dropdown-item d-flex align-items-center gap-2" data-bs-theme-value="auto"&gt;&lt;i class="material-icon"&gt;brightness_medium&lt;/i&gt; Automaattinen &lt;i class="material-icon ms-auto theme-active-check d-none"&gt;check&lt;/i&gt;&lt;/button&gt;&lt;/li&gt;
            &lt;/ul&gt;
        &lt;/div&gt;

        &lt;jim-store-language class="jim-store-language separator-line"&gt;

            &lt;span role="button" class="dropdown-toggle text-uppercase" data-bs-toggle="dropdown" aria-haspopup="true" aria-expanded="false"&gt;
                fi
            &lt;/span&gt;

            &lt;ul class="dropdown-menu dropdown-menu-end" role="menu" style="z-index: 1100"&gt;
                &lt;li&gt;&lt;a class="dropdown-item" href="/fi/Home/ChangeCurrentCulture?newlang=fi"&gt;&lt;div class="flag-fi img-fluid border-radius-circle d-inline-block me-2" style="width: 1rem; height: 1rem"&gt;&lt;/div&gt; Suomi&lt;/a&gt;&lt;/li&gt;
                
            &lt;/ul&gt;
        &lt;/jim-store-language&gt;
    &lt;/div&gt;
&lt;/div&gt;

&lt;script&gt;
    const showActiveTheme = theme =&gt; {
        const activeThemeIcon = document.querySelector('i.theme-icon-active');
        const btnToActive = document.querySelector(`[data-bs-theme-value="${theme}"]`);
        document.querySelectorAll('[data-bs-theme-value] &gt; i.theme-active-check').forEach(element =&gt; {
            if (element.parentNode == btnToActive) {
                element.classList.remove('d-none');
                activeThemeIcon.innerHTML = btnToActive.childNodes[0].innerHTML;
            }
            else {
                element.classList.add('d-none');
            }
        });
    }
    showActiveTheme(getPreferredTheme());
   
    window.addEventListener('DOMContentLoaded', () =&gt; {
        document.querySelectorAll('[data-bs-theme-value]').forEach(toggle =&gt; {
            toggle.addEventListener('click', () =&gt; {
                const theme = toggle.getAt... (set the log level to DEBUG or TRACE to see the full content) 
 </msg>
<msg time="2024-09-21T13:33:58.762397" level="INFO">/Users/dandev947366/Desktop/HAMK-8-2024/Software-Testing/SWT-Team4/SWT-Team4/Jimms-SWT/categories/venv/lib/python3.10/site-packages/urllib3/connectionpool.py:1099: InsecureRequestWarning: Unverified HTTPS request is being made to host 'www.jimms.fi'. Adding certificate verification is strongly advised. See: https://urllib3.readthedocs.io/en/latest/advanced-usage.html#tls-warnings
  warnings.warn(</msg>
<msg time="2024-09-21T13:33:58.762566" level="INFO">${response} = &lt;Response [200]&gt;</msg>
<var>${response}</var>
<arg>jimms</arg>
<arg>${category}</arg>
<doc>Sends a GET request on a previously created HTTP Session.</doc>
<status status="PASS" start="2024-09-21T13:33:58.639762" elapsed="0.122837"/>
</kw>
<kw name="Run Keyword And Ignore Error" owner="BuiltIn">
<kw name="Should Be Equal As Numbers" owner="BuiltIn">
<msg time="2024-09-21T13:33:58.763359" level="INFO">Argument types are:
&lt;class 'int'&gt;
&lt;class 'str'&gt;</msg>
<arg>${response.status_code}</arg>
<arg>200</arg>
<arg>msg=Landing page for ${category} did not return a 200 status.</arg>
<doc>Fails if objects are unequal after converting them to real numbers.</doc>
<status status="PASS" start="2024-09-21T13:33:58.762887" elapsed="0.000523"/>
</kw>
<arg>Should Be Equal As Numbers</arg>
<arg>${response.status_code}</arg>
<arg>200</arg>
<arg>msg=Landing page for ${category} did not return a 200 status.</arg>
<doc>Runs the given keyword with the given arguments and ignores possible error.</doc>
<status status="PASS" start="2024-09-21T13:33:58.762753" elapsed="0.000705"/>
</kw>
<kw name="Capture Page Screenshot" owner="SeleniumLibrary">
<msg time="2024-09-21T13:33:58.850627" level="INFO" html="true">&lt;/td&gt;&lt;/tr&gt;&lt;tr&gt;&lt;td colspan="3"&gt;&lt;a href="SimRacing_landing_page.png"&gt;&lt;img src="SimRacing_landing_page.png" width="800px"&gt;&lt;/a&gt;</msg>
<arg>${category}_landing_page.png</arg>
<doc>Takes a screenshot of the current page and embeds it into a log file.</doc>
<status status="PASS" start="2024-09-21T13:33:58.763545" elapsed="0.087171"/>
</kw>
<kw name="Sleep" owner="BuiltIn">
<msg time="2024-09-21T13:34:00.852743" level="INFO">Slept 2 seconds.</msg>
<arg>2s</arg>
<doc>Pauses the test executed for the given time.</doc>
<status status="PASS" start="2024-09-21T13:33:58.850865" elapsed="2.001971"/>
</kw>
<var name="${category}">SimRacing</var>
<status status="PASS" start="2024-09-21T13:33:57.849721" elapsed="3.003201"/>
</iter>
<iter>
<kw name="Set Variable" owner="BuiltIn">
<msg time="2024-09-21T13:34:00.853337" level="INFO">${category_url} = https://www.jimms.fi/fi/Product/Verkkotuotteet</msg>
<var>${category_url}</var>
<arg>${BASE_URL}${category}</arg>
<doc>Returns the given values which can then be assigned to a variables.</doc>
<status status="PASS" start="2024-09-21T13:34:00.853152" elapsed="0.000220"/>
</kw>
<kw name="Go To" owner="SeleniumLibrary">
<msg time="2024-09-21T13:34:00.853623" level="INFO">Opening url 'https://www.jimms.fi/fi/Product/Verkkotuotteet'</msg>
<arg>${category_url}</arg>
<doc>Navigates the current browser window to the provided ``url``.</doc>
<status status="PASS" start="2024-09-21T13:34:00.853511" elapsed="0.686067"/>
</kw>
<kw name="GET On Session" owner="RequestsLibrary">
<msg time="2024-09-21T13:34:01.610420" level="INFO">GET Request : url=https://www.jimms.fi/fi/Product/Verkkotuotteet 
 path_url=/fi/Product/Verkkotuotteet 
 headers={'User-Agent': 'python-requests/2.32.3', 'Accept-Encoding': 'gzip, deflate', 'Accept': '*/*', 'Connection': 'keep-alive', 'Cookie': 'JW.CurrentUICulture=fi'} 
 body=None 
 </msg>
<msg time="2024-09-21T13:34:01.610798" level="INFO">GET Response : url=https://www.jimms.fi/fi/Product/Verkkotuotteet 
 status=200, reason=OK 
 headers={'Date': 'Sat, 21 Sep 2024 10:34:01 GMT', 'Content-Type': 'text/html; charset=utf-8', 'Transfer-Encoding': 'chunked', 'Connection': 'keep-alive', 'Cache-Control': 'private,private', 'access-control-allow-origin': 'https://www.jimms.fi', 'CF-Cache-Status': 'DYNAMIC', 'Report-To': '{"endpoints":[{"url":"https:\\/\\/a.nel.cloudflare.com\\/report\\/v4?s=Flkcn1Z8TbVgrCL85fv5yB0%2BClZU4IR30vS2amI3f%2BKRVpueW%2Fh%2FM9w1%2F%2F8aBVNG03QQN7ZjYD1qp%2FPmjEPyJcnlovX5jW0Dhn6%2FBcsy8DFvpmIl5vO21B44pwwBng%3D%3D"}],"group":"cf-nel","max_age":604800}', 'NEL': '{"success_fraction":0,"report_to":"cf-nel","max_age":604800}', 'Server': 'cloudflare', 'CF-RAY': '8c69667faff48d59-HEL', 'Content-Encoding': 'gzip', 'alt-svc': 'h3=":443"; ma=86400'} 
 body=
&lt;!DOCTYPE html&gt;
&lt;html lang="fi"&gt;
&lt;head&gt;
    &lt;meta charset="utf-8" /&gt;
    &lt;meta http-equiv="Content-Type" content="text/html; utf-8" /&gt;
    &lt;meta http-equiv="Content-language" content="fi" /&gt;

    &lt;meta name="viewport" content="width=device-width, initial-scale=1.0, minimum-scale=1.0, maximum-scale=2, user-scalable=yes, viewport-fit=auto"&gt;
    &lt;meta http-equiv="X-UA-Compatible" content="IE=edge,chrome=1" /&gt;
    &lt;meta name="format-detection" content="telephone=no" /&gt;
    &lt;meta http-equiv="cache-control" content="max-age=0" /&gt;
    &lt;meta http-equiv="cache-control" content="no-cache" /&gt;
    &lt;meta http-equiv="expires" content="0" /&gt;
    &lt;meta http-equiv="expires" content="Tue, 01 Jan 1980 1:00:00 GMT" /&gt;
    &lt;meta http-equiv="pragma" content="no-cache" /&gt;

    &lt;meta property="og:title" content="Verkkotuotteet - Jimms.fi"&gt;
&lt;meta property="og:url" content="https://www.jimms.fi/fi/Product/Verkkotuotteet"&gt;
&lt;meta property="og:image" content="http://www.jimms.fi/Content/Images/site/jimmsog.jpg"&gt;
&lt;meta property="og:image:secure_url" content="https://www.jimms.fi/Content/Images/site/jimmsog.jpg"&gt;
&lt;meta property="og:image:type" content="image/jpeg"&gt;
&lt;meta property="og:image:width" content="1200"&gt;
&lt;meta property="og:image:height" content="630"&gt;
&lt;meta property="og:description" content="L&amp;#246;yd&amp;#228;t meilt&amp;#228; verkkolaitteet kotiin, m&amp;#246;kille sek&amp;#228; toimistoosi. Ja nettitilauksiin ilmaiset postikulut!"&gt;
&lt;meta property="og:site_name" content="Jimms.fi"&gt;
&lt;meta property="fb:app_id" content="297181540295864"&gt;
&lt;meta name="description" content="L&amp;#246;yd&amp;#228;t meilt&amp;#228; verkkolaitteet kotiin, m&amp;#246;kille sek&amp;#228; toimistoosi. Ja nettitilauksiin ilmaiset postikulut!" /&gt;

    

	&lt;meta name="application-name" content="Jimms.fi"&gt;
	&lt;meta name="msapplication-TileColor" content="#333333"/&gt;
	&lt;meta name="msapplication-TileImage" content="/Content/SiteIcons/mstile-144x144.png"/&gt;
	&lt;meta name="theme-color" content="#bb3300"/&gt;

	&lt;link rel="apple-touch-icon" sizes="57x57" href="/Content/SiteIcons/apple-touch-icon-57x57.png"/&gt;
	&lt;link rel="apple-touch-icon" sizes="60x60" href="/Content/SiteIcons/apple-touch-icon-60x60.png"/&gt;
	&lt;link rel="apple-touch-icon" sizes="72x72" href="/Content/SiteIcons/apple-touch-icon-72x72.png"/&gt;
	&lt;link rel="apple-touch-icon" sizes="76x76" href="/Content/SiteIcons/apple-touch-icon-76x76.png"/&gt;
	&lt;link rel="apple-touch-icon" sizes="114x114" href="/Content/SiteIcons/apple-touch-icon-114x114.png"/&gt;
	&lt;link rel="apple-touch-icon" sizes="120x120" href="/Content/SiteIcons/apple-touch-icon-120x120.png"/&gt;
	&lt;link rel="apple-touch-icon" sizes="144x144" href="/Content/SiteIcons/apple-touch-icon-144x144.png"/&gt;
	&lt;link rel="apple-touch-icon" sizes="152x152" href="/Content/SiteIcons/apple-touch-icon-152x152.png"/&gt;
	&lt;link rel="apple-touch-icon" sizes="180x180" href="/Content/SiteIcons/apple-touch-icon-180x180.png"/&gt;
	
	&lt;link rel="icon" type="image/png" href="/Content/SiteIcons/favicon-32x32.png" sizes="32x32"/&gt;
	&lt;link rel="icon" type="image/png" href="/Content/SiteIcons/android-chrome-192x192.png" sizes="192x192"/&gt;
	&lt;link rel="icon" type="image/png" href="/Content/SiteIcons/favicon-96x96.png" sizes="96x96"/&gt;
	&lt;link rel="icon" type="image/png" href="/Content/SiteIcons/favicon-16x16.png" sizes="16x16"/&gt;
	
	&lt;link rel="manifest" href="/manifest.json?v4"/&gt;

	

    &lt;title&gt;Verkkotuotteet - Jimms.fi&lt;/title&gt;

    
    &lt;link rel="preload" href="/Content/fonts/opensans.woff2" as="font" type="font/woff2" crossorigin&gt;
    &lt;link rel="preload" href="/Content/fonts/material-icons-round.woff2" as="font" type="font/woff2" crossorigin&gt;
    
    &lt;link async rel="stylesheet" type="text/css" href="/Content/libs.min.css?v=fl_8" /&gt;
    &lt;link defer rel="stylesheet" type="text/css" href="/Content/jimms.min.css?v=fl_45" /&gt;

    
    &lt;script type="text/javascript"&gt;
        var languageCode = "fi";

        window.defaultTheme = 'auto';
        

    &lt;/script&gt;
    &lt;script type="text/javascript" src="/Scripts/app.bundle.js?v=fl_6"&gt;&lt;/script&gt;
    &lt;script type="text/javascript" src="/Scripts/jimmsfi.min.js?v=fl_45"&gt;&lt;/script&gt;

    
    &lt;script type="text/javascript"&gt;
        viewModel.ShoppingCart = new jimmsfi.ShoppingCartViewModel(true, 0, 0);
        

        window.DY = window.DY || {};
        DY.userActiveConsent = { accepted: false }
        DY.recommendationContext = {
            type: 'CATEGORY', 
            data: ['Verkkotuotteet'],
            lng: 'fi_FI'
        };
    &lt;/script&gt;

    
    &lt;script type="text/javascript"&gt;
        
        window.dataLayer = window.dataLayer || [];
        function gtag() { dataLayer.push(arguments); }

        gtag('consent', 'default', {'functionality_storage':'granted','security_storage':'granted','analytics_storage':'denied','personalization_storage':'denied','ad_storage':'denied','ad_user_data': 'denied','ad_personalization':'denied',wait_for_update: 100}); 

        dataLayer.push({'event': 'page_information', 'pageType': 'category'});
        dataLayer.push({'event': 'page_Theme','pageTheme': window.currentTheme});

        window.gtm_consent = {'analytics_storage':'denied','personalization_storage':'denied','ad_storage':'denied','ad_user_data': 'denied','ad_personalization':'denied'};
        gtag('set', 'ads_data_redaction', true);
    &lt;/script&gt;

    &lt;script type="text/javascript" src="/Scripts/ui.bundle.js?v=fl_8"&gt;&lt;/script&gt;
    &lt;script type="text/javascript" src="/Scripts/elements.min.js?v=fl_25"&gt;&lt;/script&gt;

    
    
 

	&lt;!-- Google Tag Manager --&gt;
&lt;script&gt;(function(w,d,s,l,i){w[l]=w[l]||[];w[l].push({'gtm.start':
new Date().getTime(),event:'gtm.js'});var f=d.getElementsByTagName(s)[0],
j=d.createElement(s),dl=l!='dataLayer'?'&amp;l='+l:'';j.async=true;j.src=
'https://www.googletagmanager.com/gtm.js?id='+i+dl;f.parentNode.insertBefore(j,f);
})(window,document,'script','dataLayer','GTM-MTKJJ5');&lt;/script&gt;
&lt;!-- End Google Tag Manager --&gt;


    






 
    



    &lt;link rel="preconnect" href="//cdn-eu.dynamicyield.com"&gt;
    &lt;link rel="preconnect" href="//st-eu.dynamicyield.com"&gt;
    &lt;link rel="preconnect" href="//rcom-eu.dynamicyield.com"&gt;
    &lt;link rel="dns-prefetch" href="//cdn-eu.dynamicyield.com"&gt;
    &lt;link rel="dns-prefetch" href="//st-eu.dynamicyield.com"&gt;
    &lt;link rel="dns-prefetch" href="//rcom-eu.dynamicyield.com"&gt;


    &lt;script type="text/plain" data-category="analytics_cookies" src="//cdn-eu.dynamicyield.com/api/9879196/api_dynamic.js"&gt;&lt;/script&gt;
    &lt;script type="text/plain" data-category="analytics_cookies" src="//cdn-eu.dynamicyield.com/api/9879196/api_static.js"&gt;&lt;/script&gt; 


    
&lt;/head&gt;

&lt;body&gt;

    &lt;!-- Google Tag Manager (noscript) --&gt;
&lt;noscript&gt;&lt;iframe src="https://www.googletagmanager.com/ns.html?id=GTM-MTKJJ5"
height="0" width="0" style="display:none;visibility:hidden"&gt;&lt;/iframe&gt;&lt;/noscript&gt;
&lt;!-- End Google Tag Manager (noscript) --&gt;

    

    &lt;div class="jim-toplinkbar"&gt;
    &lt;div class="container"&gt;

        &lt;a href="https://blog.jimms.fi" target=_blank&gt;Blogi&lt;/a&gt;
        &lt;a href="/fi/Info/Faq"&gt;UKK&lt;/a&gt;
        &lt;a href="/fi/Pages/B2B"&gt;Yritysmyynti&lt;/a&gt;
        &lt;a href="/fi/Info/Contact"&gt;Yhteystiedot&lt;/a&gt;

        &lt;div class="separator-line"&gt;

            &lt;span role="button" class="dropdown-toggle btn-icon" data-bs-toggle="dropdown" aria-haspopup="true" aria-expanded="false"&gt;
                &lt;i class="material-icon theme-icon-active"&gt;dark_mode&lt;/i&gt;
            &lt;/span&gt;

            &lt;ul class="dropdown-menu dropdown-menu-end" role="menu" style="z-index: 1100; --bs-dropdown-min-width: 12rem;"&gt;
                &lt;li&gt;&lt;button class="dropdown-item d-flex align-items-center gap-2" data-bs-theme-value="light"&gt;&lt;i class="material-icon theme-icon"&gt;light_mode&lt;/i&gt; Vaalea &lt;i class="material-icon ms-auto theme-active-check d-none"&gt;check&lt;/i&gt;&lt;/button&gt;&lt;/li&gt;
                &lt;li&gt;&lt;button class="dropdown-item d-flex align-items-center gap-2" data-bs-theme-value="dark"&gt;&lt;i class="material-icon"&gt;dark_mode&lt;/i&gt; Tumma &lt;i class="material-icon ms-auto theme-active-check d-none"&gt;check&lt;/i&gt;&lt;/button&gt;&lt;/li&gt;
                &lt;li&gt;&lt;button class="dropdown-item d-flex align-items-center gap-2" data-bs-theme-value="auto"&gt;&lt;i class="material-icon"&gt;brightness_medium&lt;/i&gt; Automaattinen &lt;i class="material-icon ms-auto theme-active-check d-none"&gt;check&lt;/i&gt;&lt;/button&gt;&lt;/li&gt;
            &lt;/ul&gt;
        &lt;/div&gt;

        &lt;jim-store-language class="jim-store-language separator-line"&gt;

            &lt;span role="button" class="dropdown-toggle text-uppercase" data-bs-toggle="dropdown" aria-haspopup="true" aria-expanded="false"&gt;
                fi
            &lt;/span&gt;

            &lt;ul class="dropdown-menu dropdown-menu-end" role="menu" style="z-index: 1100"&gt;
                &lt;li&gt;&lt;a class="dropdown-item" href="/fi/Home/ChangeCurrentCulture?newlang=fi"&gt;&lt;div class="flag-fi img-fluid border-radius-circle d-inline-block me-2" style="width: 1rem; height: 1rem"&gt;&lt;/div&gt; Suomi&lt;/a&gt;&lt;/li&gt;
                
            &lt;/ul&gt;
        &lt;/jim-store-language&gt;
    &lt;/div&gt;
&lt;/div&gt;

&lt;script&gt;
    const showActiveTheme = theme =&gt; {
        const activeThemeIcon = document.querySelector('i.theme-icon-active');
        const btnToActive = document.querySelector(`[data-bs-theme-value="${theme}"]`);
        document.querySelectorAll('[data-bs-theme-value] &gt; i.theme-active-check').forEach(element =&gt; {
            if (element.parentNode == btnToActive) {
                element.classList.remove('d-none');
                activeThemeIcon.innerHTML = btnToActive.childNodes[0].innerHTML;
            }
            else {
                element.classList.add('d-none');
            }
        });
    }
    showActiveTheme(getPreferredTheme());
   
    window.addEventListener('DOMContentLoaded', () =&gt; {
        document.querySelectorAll('[data-bs-theme-value]').forEach(toggle =&gt; {
            toggle.addEventListener('click', () =&gt; {
                const theme = toggle.getAttribute('data-bs-theme-va... (set the log level to DEBUG or TRACE to see the full content) 
 </msg>
<msg time="2024-09-21T13:34:01.611040" level="INFO">/Users/dandev947366/Desktop/HAMK-8-2024/Software-Testing/SWT-Team4/SWT-Team4/Jimms-SWT/categories/venv/lib/python3.10/site-packages/urllib3/connectionpool.py:1099: InsecureRequestWarning: Unverified HTTPS request is being made to host 'www.jimms.fi'. Adding certificate verification is strongly advised. See: https://urllib3.readthedocs.io/en/latest/advanced-usage.html#tls-warnings
  warnings.warn(</msg>
<msg time="2024-09-21T13:34:01.611165" level="INFO">${response} = &lt;Response [200]&gt;</msg>
<var>${response}</var>
<arg>jimms</arg>
<arg>${category}</arg>
<doc>Sends a GET request on a previously created HTTP Session.</doc>
<status status="PASS" start="2024-09-21T13:34:01.539744" elapsed="0.071442"/>
</kw>
<kw name="Run Keyword And Ignore Error" owner="BuiltIn">
<kw name="Should Be Equal As Numbers" owner="BuiltIn">
<msg time="2024-09-21T13:34:01.611854" level="INFO">Argument types are:
&lt;class 'int'&gt;
&lt;class 'str'&gt;</msg>
<arg>${response.status_code}</arg>
<arg>200</arg>
<arg>msg=Landing page for ${category} did not return a 200 status.</arg>
<doc>Fails if objects are unequal after converting them to real numbers.</doc>
<status status="PASS" start="2024-09-21T13:34:01.611488" elapsed="0.000408"/>
</kw>
<arg>Should Be Equal As Numbers</arg>
<arg>${response.status_code}</arg>
<arg>200</arg>
<arg>msg=Landing page for ${category} did not return a 200 status.</arg>
<doc>Runs the given keyword with the given arguments and ignores possible error.</doc>
<status status="PASS" start="2024-09-21T13:34:01.611354" elapsed="0.000587"/>
</kw>
<kw name="Capture Page Screenshot" owner="SeleniumLibrary">
<msg time="2024-09-21T13:34:01.691465" level="INFO" html="true">&lt;/td&gt;&lt;/tr&gt;&lt;tr&gt;&lt;td colspan="3"&gt;&lt;a href="Verkkotuotteet_landing_page.png"&gt;&lt;img src="Verkkotuotteet_landing_page.png" width="800px"&gt;&lt;/a&gt;</msg>
<arg>${category}_landing_page.png</arg>
<doc>Takes a screenshot of the current page and embeds it into a log file.</doc>
<status status="PASS" start="2024-09-21T13:34:01.612020" elapsed="0.079533"/>
</kw>
<kw name="Sleep" owner="BuiltIn">
<msg time="2024-09-21T13:34:03.692264" level="INFO">Slept 2 seconds.</msg>
<arg>2s</arg>
<doc>Pauses the test executed for the given time.</doc>
<status status="PASS" start="2024-09-21T13:34:01.691687" elapsed="2.000682"/>
</kw>
<var name="${category}">Verkkotuotteet</var>
<status status="PASS" start="2024-09-21T13:34:00.853059" elapsed="2.839376"/>
</iter>
<iter>
<kw name="Set Variable" owner="BuiltIn">
<msg time="2024-09-21T13:34:03.692841" level="INFO">${category_url} = https://www.jimms.fi/fi/Product/Tarvikkeet</msg>
<var>${category_url}</var>
<arg>${BASE_URL}${category}</arg>
<doc>Returns the given values which can then be assigned to a variables.</doc>
<status status="PASS" start="2024-09-21T13:34:03.692671" elapsed="0.000188"/>
</kw>
<kw name="Go To" owner="SeleniumLibrary">
<msg time="2024-09-21T13:34:03.693092" level="INFO">Opening url 'https://www.jimms.fi/fi/Product/Tarvikkeet'</msg>
<arg>${category_url}</arg>
<doc>Navigates the current browser window to the provided ``url``.</doc>
<status status="PASS" start="2024-09-21T13:34:03.692975" elapsed="0.910440"/>
</kw>
<kw name="GET On Session" owner="RequestsLibrary">
<msg time="2024-09-21T13:34:04.727950" level="INFO">GET Request : url=https://www.jimms.fi/fi/Product/Tarvikkeet 
 path_url=/fi/Product/Tarvikkeet 
 headers={'User-Agent': 'python-requests/2.32.3', 'Accept-Encoding': 'gzip, deflate', 'Accept': '*/*', 'Connection': 'keep-alive', 'Cookie': 'JW.CurrentUICulture=fi'} 
 body=None 
 </msg>
<msg time="2024-09-21T13:34:04.728289" level="INFO">GET Response : url=https://www.jimms.fi/fi/Product/Tarvikkeet 
 status=200, reason=OK 
 headers={'Date': 'Sat, 21 Sep 2024 10:34:04 GMT', 'Content-Type': 'text/html; charset=utf-8', 'Transfer-Encoding': 'chunked', 'Connection': 'keep-alive', 'Cache-Control': 'private,private', 'access-control-allow-origin': 'https://www.jimms.fi', 'CF-Cache-Status': 'DYNAMIC', 'Report-To': '{"endpoints":[{"url":"https:\\/\\/a.nel.cloudflare.com\\/report\\/v4?s=9Uc52NaS28wOY5JrKwgi3QuskbSkFEEVIeSIVzGqNk6YcWKC3TfnQgMd5pkIb3kfFFu3pGcKpaSSMr4oDBwYjLQtyDQ6SPSkr90JPfSZbUrTzR6NsrVFqxW%2FRZOvPg%3D%3D"}],"group":"cf-nel","max_age":604800}', 'NEL': '{"success_fraction":0,"report_to":"cf-nel","max_age":604800}', 'Server': 'cloudflare', 'CF-RAY': '8c696692c91d8d59-HEL', 'Content-Encoding': 'gzip'} 
 body=
&lt;!DOCTYPE html&gt;
&lt;html lang="fi"&gt;
&lt;head&gt;
    &lt;meta charset="utf-8" /&gt;
    &lt;meta http-equiv="Content-Type" content="text/html; utf-8" /&gt;
    &lt;meta http-equiv="Content-language" content="fi" /&gt;

[...]
                fi
            &lt;/span&gt;

            &lt;ul class="dropdown-menu dropdown-menu-end" role="menu" style="z-index: 1100"&gt;
                &lt;li&gt;&lt;a class="dropdown-item" href="/fi/Home/ChangeCurrentCulture?newlang=fi"&gt;&lt;div class="flag-fi img-fluid border-radius-circle d-inline-block me-2" style="width: 1rem; height: 1rem"&gt;&lt;/div&gt; Suomi&lt;/a&gt;&lt;/li&gt;
                
            &lt;/ul&gt;
        &lt;/jim-store-language&gt;
    &lt;/div&gt;
&lt;/div&gt;

&lt;script&gt;
    const showActiveTheme = theme =&gt; {
        const activeThemeIcon = document.querySelector('i.theme-icon-active');
        const btnToActive = document.querySelector(`[data-bs-theme-value="${theme}"]`);
        document.querySelectorAll('[data-bs-theme-value] &gt; i.theme-active-check').forEach(element =&gt; {
            if (element.parentNode == btnToActive) {
                element.classList.remove('d-none');
                activeThemeIcon.innerHTML = btnToActive.childNodes[0].innerHTML;
            }
            else {
                element.classList.add('d-none');
            }
        });
    }
    showActiveTheme(getPreferredTheme());
   
    window.addEventListener('DOMContentLoade... (set the log level to DEBUG or TRACE to see the full content) 
 </msg>
<msg time="2024-09-21T13:34:07.614183" level="INFO">/Users/dandev947366/Desktop/HAMK-8-2024/Software-Testing/SWT-Team4/SWT-Team4/Jimms-SWT/categories/venv/lib/python3.10/site-packages/urllib3/connectionpool.py:1099: InsecureRequestWarning: Unverified HTTPS request is being made to host 'www.jimms.fi'. Adding certificate verification is strongly advised. See: https://urllib3.readthedocs.io/en/latest/advanced-usage.html#tls-warnings
  warnings.warn(</msg>
<msg time="2024-09-21T13:34:07.614290" level="INFO">${response} = &lt;Response [200]&gt;</msg>
<var>${response}</var>
<arg>jimms</arg>
<arg>${category}</arg>
<doc>Sends a GET request on a previously created HTTP Session.</doc>
<status status="PASS" start="2024-09-21T13:34:07.494967" elapsed="0.119342"/>
</kw>
<kw name="Run Keyword And Ignore Error" owner="BuiltIn">
<kw name="Should Be Equal As Numbers" owner="BuiltIn">
<msg time="2024-09-21T13:34:07.614899" level="INFO">Argument types are:
&lt;class 'int'&gt;
&lt;class 'str'&gt;</msg>
<arg>${response.status_code}</arg>
<arg>200</arg>
<arg>msg=Landing page for ${category} did not return a 200 status.</arg>
<doc>Fails if objects are unequal after converting them to real numbers.</doc>
<status status="PASS" start="2024-09-21T13:34:07.614553" elapsed="0.000385"/>
</kw>
<arg>Should Be Equal As Numbers</arg>
<arg>${response.status_code}</arg>
<arg>200</arg>
<arg>msg=Landing page for ${category} did not return a 200 status.</arg>
<doc>Runs the given keyword with the given arguments and ignores possible error.</doc>
<status status="PASS" start="2024-09-21T13:34:07.614444" elapsed="0.000535"/>
</kw>
<kw name="Capture Page Screenshot" owner="SeleniumLibrary">
<msg time="2024-09-21T13:34:07.695187" level="INFO" html="true">&lt;/td&gt;&lt;/tr&gt;&lt;tr&gt;&lt;td colspan="3"&gt;&lt;a href="Erikoistuotteet_landing_page.png"&gt;&lt;img src="Erikoistuotteet_landing_page.png" width="800px"&gt;&lt;/a&gt;</msg>
<arg>${category}_landing_page.png</arg>
<doc>Takes a screenshot of the current page and embeds it into a log file.</doc>
<status status="PASS" start="2024-09-21T13:34:07.615050" elapsed="0.080230"/>
</kw>
<kw name="Sleep" owner="BuiltIn">
<msg time="2024-09-21T13:34:09.696683" level="INFO">Slept 2 seconds.</msg>
<arg>2s</arg>
<doc>Pauses the test executed for the given time.</doc>
<status status="PASS" start="2024-09-21T13:34:07.695434" elapsed="2.001368"/>
</kw>
<var name="${category}">Erikoistuotteet</var>
<status status="PASS" start="2024-09-21T13:34:06.803756" elapsed="2.893111"/>
</iter>
<iter>
<kw name="Set Variable" owner="BuiltIn">
<msg time="2024-09-21T13:34:09.697307" level="INFO">${category_url} = https://www.jimms.fi/fi/Product/Ohjelmistot</msg>
<var>${category_url}</var>
<arg>${BASE_URL}${category}</arg>
<doc>Returns the given values which can then be assigned to a variables.</doc>
<status status="PASS" start="2024-09-21T13:34:09.697129" elapsed="0.000198"/>
</kw>
<kw name="Go To" owner="SeleniumLibrary">
<msg time="2024-09-21T13:34:09.697537" level="INFO">Opening url 'https://www.jimms.fi/fi/Product/Ohjelmistot'</msg>
<arg>${category_url}</arg>
<doc>Navigates the current browser window to the provided ``url``.</doc>
<status status="PASS" start="2024-09-21T13:34:09.697406" elapsed="0.856201"/>
</kw>
<kw name="GET On Session" owner="RequestsLibrary">
<msg time="2024-09-21T13:34:10.612849" level="INFO">GET Request : url=https://www.jimms.fi/fi/Product/Ohjelmistot 
 path_url=/fi/Product/Ohjelmistot 
 headers={'User-Agent': 'python-requests/2.32.3', 'Accept-Encoding': 'gzip, deflate', 'Accept': '*/*', 'Connection': 'keep-alive', 'Cookie': 'JW.CurrentUICulture=fi'} 
 body=None 
 </msg>
<msg time="2024-09-21T13:34:10.613277" level="INFO">GET Response : url=https://www.jimms.fi/fi/Product/Ohjelmistot 
 status=200, reason=OK 
 headers={'Date': 'Sat, 21 Sep 2024 10:34:10 GMT', 'Content-Type': 'text/html; charset=utf-8', 'Transfer-Encoding': 'chunked', 'Connection': 'keep-alive', 'Cache-Control': 'private,private', 'access-control-allow-origin': 'https://www.jimms.fi', 'CF-Cache-Status': 'DYNAMIC', 'Report-To': '{"endpoints":[{"url":"https:\\/\\/a.nel.cloudflare.com\\/report\\/v4?s=kRoxBFS3f6G%2Bqa7%2FiYTIqyYUgbv7o9%2Bg8iTCOSlu394aEitjVfLJWcE6J6WO4IhrJ5JyIQzEmygGWHOr6aoI3PsjMaKKe0gBPjlnaDrjrk0oulJb5yPXE%2B2oPnQfYw%3D%3D"}],"group":"cf-nel","max_age":604800}', 'NEL': '{"success_fraction":0,"report_to":"cf-nel","max_age":604800}', 'Server': 'cloudflare', 'CF-RAY': '8c6966b7f9848d59-HEL', 'Content-Encoding': 'gzip'} 
 body=
&lt;!DOCTYPE html&gt;
&lt;html lang="fi"&gt;
&lt;head&gt;
    &lt;meta charset="utf-8" /&gt;
    &lt;meta http-equiv="Content-Type" content="text/html; utf-8" /&gt;
    &lt;meta http-equiv="Content-language" content="fi" /&gt;

    &lt;meta name="viewport" content="width=device-width, initial-scale=1.0, minimum-scale=1.0, maximum-scale=2, user-scalable=yes, viewport-fit=auto"&gt;
    &lt;meta http-equiv="X-UA-Compatible" content="IE=edge,chrome=1" /&gt;
    &lt;meta name="format-detection" content="telephone=no" /&gt;
    &lt;meta http-equiv="cache-control" content="max-age=0" /&gt;
    &lt;meta http-equiv="cache-control" content="no-cache" /&gt;
    &lt;meta http-equiv="expires" content="0" /&gt;
    &lt;meta http-equiv="expires" content="Tue, 01 Jan 1980 1:00:00 GMT" /&gt;
    &lt;meta http-equiv="pragma" content="no-cache" /&gt;

    &lt;meta property="og:title" content="Ohjelmistot ja pelit - Jimms.fi"&gt;
&lt;meta property="og:url" content="https://www.jimms.fi/fi/Product/Ohjelmistot"&gt;
&lt;meta property="og:image" content="http://www.jimms.fi/Content/Images/site/jimmsog.jpg"&gt;
&lt;meta property="og:image:secure_url" content="https://www.jimms.fi/Content/Images/site/jimmsog.jpg"&gt;
&lt;meta property="og:image:type" content="image/jpeg"&gt;
&lt;meta property="og:image:width" content="1200"&gt;
&lt;meta property="og:image:height" content="630"&gt;
&lt;meta property="og:description" content="L&amp;#246;yd&amp;#228;t meilt&amp;#228; k&amp;#228;ytt&amp;#246;j&amp;#228;rjestelm&amp;#228;t, tietoturvaohjelmistot sek&amp;#228; sovellusohjelmistot. Ja nettitilauksiin ilmaiset postikulut!"&gt;
&lt;meta property="og:site_name" content="Jimms.fi"&gt;
&lt;meta property="fb:app_id" content="297181540295864"&gt;
&lt;meta name="description" content="L&amp;#246;yd&amp;#228;t meilt&amp;#228; k&amp;#228;ytt&amp;#246;j&amp;#228;rjestelm&amp;#228;t, tietoturvaohjelmistot sek&amp;#228; sovellusohjelmistot. Ja nettitilauksiin ilmaiset postikulut!" /&gt;

    

	&lt;meta name="application-name" content="Jimms.fi"&gt;
	&lt;meta name="msapplication-TileColor" content="#333333"/&gt;
	&lt;meta name="msapplication-TileImage" content="/Content/SiteIcons/mstile-144x144.png"/&gt;
	&lt;meta name="theme-color" content="#bb3300"/&gt;

	&lt;link rel="apple-touch-icon" sizes="57x57" href="/Content/SiteIcons/apple-touch-icon-57x57.png"/&gt;
	&lt;link rel="apple-touch-icon" sizes="60x60" href="/Content/SiteIcons/apple-touch-icon-60x60.png"/&gt;
	&lt;link rel="apple-touch-icon" sizes="72x72" href="/Content/SiteIcons/apple-touch-icon-72x72.png"/&gt;
	&lt;link rel="apple-touch-icon" sizes="76x76" href="/Content/SiteIcons/apple-touch-icon-76x76.png"/&gt;
	&lt;link rel="apple-touch-icon" sizes="114x114" href="/Content/SiteIcons/apple-touch-icon-114x114.png"/&gt;
	&lt;link rel="apple-touch-icon" sizes="120x120" href="/Content/SiteIcons/apple-touch-icon-120x120.png"/&gt;
	&lt;link rel="apple-touch-icon" sizes="144x144" href="/Content/SiteIcons/apple-touch-icon-144x144.png"/&gt;
	&lt;link rel="apple-touch-icon" sizes="152x152" href="/Content/SiteIcons/apple-touch-icon-152x152.png"/&gt;
	&lt;link rel="apple-touch-icon" sizes="180x180" href="/Content/SiteIcons/apple-touch-icon-180x180.png"/&gt;
	
	&lt;link rel="icon" type="image/png" href="/Content/SiteIcons/favicon-32x32.png" sizes="32x32"/&gt;
	&lt;link rel="icon" type="image/png" href="/Content/SiteIcons/android-chrome-192x192.png" sizes="192x192"/&gt;
	&lt;link rel="icon" type="image/png" href="/Content/SiteIcons/favicon-96x96.png" sizes="96x96"/&gt;
	&lt;link rel="icon" type="image/png" href="/Content/SiteIcons/favicon-16x16.png" sizes="16x16"/&gt;
	
	&lt;link rel="manifest" href="/manifest.json?v4"/&gt;

	

    &lt;title&gt;Ohjelmistot ja pelit - Jimms.fi&lt;/title&gt;

    
    &lt;link rel="preload" href="/Content/fonts/opensans.woff2" as="font" type="font/woff2" crossorigin&gt;
    &lt;link rel="preload" href="/Content/fonts/material-icons-round.woff2" as="font" type="font/woff2" crossorigin&gt;
    
    &lt;link async rel="stylesheet" type="text/css" href="/Content/libs.min.css?v=fl_8" /&gt;
    &lt;link defer rel="stylesheet" type="text/css" href="/Content/jimms.min.css?v=fl_45" /&gt;

    
    &lt;script type="text/javascript"&gt;
        var languageCode = "fi";

        window.defaultTheme = 'auto';
        

    &lt;/script&gt;
    &lt;script type="text/javascript" src="/Scripts/app.bundle.js?v=fl_6"&gt;&lt;/script&gt;
    &lt;script type="text/javascript" src="/Scripts/jimmsfi.min.js?v=fl_45"&gt;&lt;/script&gt;

    
    &lt;script type="text/javascript"&gt;
        viewModel.ShoppingCart = new jimmsfi.ShoppingCartViewModel(true, 0, 0);
        

        window.DY = window.DY || {};
        DY.userActiveConsent = { accepted: false }
        DY.recommendationContext = {
            type: 'CATEGORY', 
            data: ['Ohjelmistot ja pelit'],
            lng: 'fi_FI'
        };
    &lt;/script&gt;

    
    &lt;script type="text/javascript"&gt;
        
        window.dataLayer = window.dataLayer || [];
        function gtag() { dataLayer.push(arguments); }

        gtag('consent', 'default', {'functionality_storage':'granted','security_storage':'granted','analytics_storage':'denied','personalization_storage':'denied','ad_storage':'denied','ad_user_data': 'denied','ad_personalization':'denied',wait_for_update: 100}); 

        dataLayer.push({'event': 'page_information', 'pageType': 'category'});
        dataLayer.push({'event': 'page_Theme','pageTheme': window.currentTheme});

        window.gtm_consent = {'analytics_storage':'denied','personalization_storage':'denied','ad_storage':'denied','ad_user_data': 'denied','ad_personalization':'denied'};
        gtag('set', 'ads_data_redaction', true);
    &lt;/script&gt;

    &lt;script type="text/javascript" src="/Scripts/ui.bundle.js?v=fl_8"&gt;&lt;/script&gt;
    &lt;script type="text/javascript" src="/Scripts/elements.min.js?v=fl_25"&gt;&lt;/script&gt;

    
    
 

	&lt;!-- Google Tag Manager --&gt;
&lt;script&gt;(function(w,d,s,l,i){w[l]=w[l]||[];w[l].push({'gtm.start':
new Date().getTime(),event:'gtm.js'});var f=d.getElementsByTagName(s)[0],
j=d.createElement(s),dl=l!='dataLayer'?'&amp;l='+l:'';j.async=true;j.src=
'https://www.googletagmanager.com/gtm.js?id='+i+dl;f.parentNode.insertBefore(j,f);
})(window,document,'script','dataLayer','GTM-MTKJJ5');&lt;/script&gt;
&lt;!-- End Google Tag Manager --&gt;


    






 
    



    &lt;link rel="preconnect" href="//cdn-eu.dynamicyield.com"&gt;
    &lt;link rel="preconnect" href="//st-eu.dynamicyield.com"&gt;
    &lt;link rel="preconnect" href="//rcom-eu.dynamicyield.com"&gt;
    &lt;link rel="dns-prefetch" href="//cdn-eu.dynamicyield.com"&gt;
    &lt;link rel="dns-prefetch" href="//st-eu.dynamicyield.com"&gt;
    &lt;link rel="dns-prefetch" href="//rcom-eu.dynamicyield.com"&gt;


    &lt;script type="text/plain" data-category="analytics_cookies" src="//cdn-eu.dynamicyield.com/api/9879196/api_dynamic.js"&gt;&lt;/script&gt;
    &lt;script type="text/plain" data-category="analytics_cookies" src="//cdn-eu.dynamicyield.com/api/9879196/api_static.js"&gt;&lt;/script&gt; 


    
&lt;/head&gt;

&lt;body&gt;

    &lt;!-- Google Tag Manager (noscript) --&gt;
&lt;noscript&gt;&lt;iframe src="https://www.googletagmanager.com/ns.html?id=GTM-MTKJJ5"
height="0" width="0" style="display:none;visibility:hidden"&gt;&lt;/iframe&gt;&lt;/noscript&gt;
&lt;!-- End Google Tag Manager (noscript) --&gt;

    

    &lt;div class="jim-toplinkbar"&gt;
    &lt;div class="container"&gt;

        &lt;a href="https://blog.jimms.fi" target=_blank&gt;Blogi&lt;/a&gt;
        &lt;a href="/fi/Info/Faq"&gt;UKK&lt;/a&gt;
        &lt;a href="/fi/Pages/B2B"&gt;Yritysmyynti&lt;/a&gt;
        &lt;a href="/fi/Info/Contact"&gt;Yhteystiedot&lt;/a&gt;

        &lt;div class="separator-line"&gt;

            &lt;span role="button" class="dropdown-toggle btn-icon" data-bs-toggle="dropdown" aria-haspopup="true" aria-expanded="false"&gt;
                &lt;i class="material-icon theme-icon-active"&gt;dark_mode&lt;/i&gt;
            &lt;/span&gt;

            &lt;ul class="dropdown-menu dropdown-menu-end" role="menu" style="z-index: 1100; --bs-dropdown-min-width: 12rem;"&gt;
                &lt;li&gt;&lt;button class="dropdown-item d-flex align-items-center gap-2" data-bs-theme-value="light"&gt;&lt;i class="material-icon theme-icon"&gt;light_mode&lt;/i&gt; Vaalea &lt;i class="material-icon ms-auto theme-active-check d-none"&gt;check&lt;/i&gt;&lt;/button&gt;&lt;/li&gt;
                &lt;li&gt;&lt;button class="dropdown-item d-flex align-items-center gap-2" data-bs-theme-value="dark"&gt;&lt;i class="material-icon"&gt;dark_mode&lt;/i&gt; Tumma &lt;i class="material-icon ms-auto theme-active-check d-none"&gt;check&lt;/i&gt;&lt;/button&gt;&lt;/li&gt;
                &lt;li&gt;&lt;button class="dropdown-item d-flex align-items-center gap-2" data-bs-theme-value="auto"&gt;&lt;i class="material-icon"&gt;brightness_medium&lt;/i&gt; Automaattinen &lt;i class="material-icon ms-auto theme-active-check d-none"&gt;check&lt;/i&gt;&lt;/button&gt;&lt;/li&gt;
            &lt;/ul&gt;
        &lt;/div&gt;

        &lt;jim-store-language class="jim-store-language separator-line"&gt;

            &lt;span role="button" class="dropdown-toggle text-uppercase" data-bs-toggle="dropdown" aria-haspopup="true" aria-expanded="false"&gt;
                fi
            &lt;/span&gt;

            &lt;ul class="dropdown-menu dropdown-menu-end" role="menu" style="z-index: 1100"&gt;
                &lt;li&gt;&lt;a class="dropdown-item" href="/fi/Home/ChangeCurrentCulture?newlang=fi"&gt;&lt;div class="flag-fi img-fluid border-radius-circle d-inline-block me-2" style="width: 1rem; height: 1rem"&gt;&lt;/div&gt; Suomi&lt;/a&gt;&lt;/li&gt;
                
            &lt;/ul&gt;
        &lt;/jim-store-language&gt;
    &lt;/div&gt;
&lt;/div&gt;

&lt;script&gt;
    const showActiveTheme = theme =&gt; {
        const activeThemeIcon = document.querySelector('i.theme-icon-active');
        const btnToActive = document.querySelector(`[data-bs-theme-value="${theme}"]`);
        document.querySelectorAll('[data-bs-theme-value] &gt; i.theme-active-check').forEach(element =&gt; {
            if (element.parentNode == btnToActive) {
                element.classList.remove('d-none');
                activeThemeIcon.innerHTML = btnToActive.childNodes[0].innerHTML;
            }
            else {
                element.classList.add('d-none');
            }
        });
    }
    showActiveTheme(getPreferredTheme());
   
    window.addEventListener('DOMContentLoaded', () =&gt; {
        document.querySelectorAll('[data-bs-theme-value]').forEach(toggle =&gt; {
            toggle.addEventListener('c... (set the log level to DEBUG or TRACE to see the full content) 
 </msg>
<msg time="2024-09-21T13:34:10.613512" level="INFO">/Users/dandev947366/Desktop/HAMK-8-2024/Software-Testing/SWT-Team4/SWT-Team4/Jimms-SWT/categories/venv/lib/python3.10/site-packages/urllib3/connectionpool.py:1099: InsecureRequestWarning: Unverified HTTPS request is being made to host 'www.jimms.fi'. Adding certificate verification is strongly advised. See: https://urllib3.readthedocs.io/en/latest/advanced-usage.html#tls-warnings
  warnings.warn(</msg>
<msg time="2024-09-21T13:34:10.613794" level="INFO">${response} = &lt;Response [200]&gt;</msg>
<var>${response}</var>
<arg>jimms</arg>
<arg>${category}</arg>
<doc>Sends a GET request on a previously created HTTP Session.</doc>
<status status="PASS" start="2024-09-21T13:34:10.553771" elapsed="0.060044"/>
</kw>
<kw name="Run Keyword And Ignore Error" owner="BuiltIn">
<kw name="Should Be Equal As Numbers" owner="BuiltIn">
<msg time="2024-09-21T13:34:10.614415" level="INFO">Argument types are:
&lt;class 'int'&gt;
&lt;class 'str'&gt;</msg>
<arg>${response.status_code}</arg>
<arg>200</arg>
<arg>msg=Landing page for ${category} did not return a 200 status.</arg>
<doc>Fails if objects are unequal after converting them to real numbers.</doc>
<status status="PASS" start="2024-09-21T13:34:10.614077" elapsed="0.000377"/>
</kw>
<arg>Should Be Equal As Numbers</arg>
<arg>${response.status_code}</arg>
<arg>200</arg>
<arg>msg=Landing page for ${category} did not return a 200 status.</arg>
<doc>Runs the given keyword with the given arguments and ignores possible error.</doc>
<status status="PASS" start="2024-09-21T13:34:10.613955" elapsed="0.000540"/>
</kw>
<kw name="Capture Page Screenshot" owner="SeleniumLibrary">
<msg time="2024-09-21T13:34:10.691631" level="INFO" html="true">&lt;/td&gt;&lt;/tr&gt;&lt;tr&gt;&lt;td colspan="3"&gt;&lt;a href="Ohjelmistot_landing_page.png"&gt;&lt;img src="Ohjelmistot_landing_page.png" width="800px"&gt;&lt;/a&gt;</msg>
<arg>${category}_landing_page.png</arg>
<doc>Takes a screenshot of the current page and embeds it into a log file.</doc>
<status status="PASS" start="2024-09-21T13:34:10.614565" elapsed="0.077175"/>
</kw>
<kw name="Sleep" owner="BuiltIn">
<msg time="2024-09-21T13:34:12.692784" level="INFO">Slept 2 seconds.</msg>
<arg>2s</arg>
<doc>Pauses the test executed for the given time.</doc>
<status status="PASS" start="2024-09-21T13:34:10.691887" elapsed="2.001006"/>
</kw>
<var name="${category}">Ohjelmistot</var>
<status status="PASS" start="2024-09-21T13:34:09.697001" elapsed="2.996012"/>
</iter>
<var>${category}</var>
<value>@{CATEGORIES}</value>
<status status="PASS" start="2024-09-21T13:33:47.818329" elapsed="24.874743"/>
</for>
<kw name="Close Browser" owner="SeleniumLibrary">
<doc>Closes the current browser.</doc>
<status status="PASS" start="2024-09-21T13:34:12.693320" elapsed="0.130379"/>
</kw>
<doc>This test case verifies that all product categories return a valid landing page, opens the browser to display each page, and takes a screenshot.</doc>
<status status="PASS" start="2024-09-21T13:33:43.100854" elapsed="29.723042"/>
</test>
<status status="PASS" start="2024-09-21T13:33:42.903584" elapsed="29.920610"/>
</suite>
<statistics>
<total>
<stat pass="1" fail="0" skip="0">All Tests</stat>
</total>
<tag>
</tag>
<suite>
<stat pass="1" fail="0" skip="0" id="s1" name="Test Categories">Test Categories</stat>
</suite>
</statistics>
<errors>
</errors>
</robot>
