<?xml version="1.0" encoding="UTF-8"?>
<robot generator="Robot 7.1 (Python 3.10.12 on darwin)" generated="2024-09-21T13:39:43.438271" rpa="false" schemaversion="5">
<suite id="s1" name="Test Cart Icon" source="/Users/dandev947366/Desktop/HAMK-8-2024/Software-Testing/SWT-Team4/SWT-Team4/Jimms-SWT/icon/test_cart_icon.robot">
<test id="s1-t1" name="Verify All Product Categories Have Landing Pages And Add To Cart Button And Icon" line="16">
<kw name="Create Session" owner="RequestsLibrary">
<msg time="2024-09-21T13:39:43.611358" level="INFO">Creating Session using : alias=jimms, url=https://www.jimms.fi/fi/Product/, headers={},                     cookies={}, auth=None, timeout=None, proxies=None, verify=False,                     debug=0 </msg>
<arg>jimms</arg>
<arg>${BASE_URL}</arg>
<doc>Create Session: create a HTTP session to a server</doc>
<status status="PASS" start="2024-09-21T13:39:43.611228" elapsed="0.000237"/>
</kw>
<kw name="Open Browser" owner="SeleniumLibrary">
<msg time="2024-09-21T13:39:43.611711" level="INFO">Opening browser 'Chrome' to base url 'https://www.jimms.fi/fi/Product/'.</msg>
<arg>${BASE_URL}</arg>
<arg>${BROWSER}</arg>
<doc>Opens a new browser instance to the optional ``url``.</doc>
<status status="PASS" start="2024-09-21T13:39:43.611579" elapsed="4.583227"/>
</kw>
<for flavor="IN">
<iter>
<kw name="Set Variable" owner="BuiltIn">
<msg time="2024-09-21T13:39:48.195717" level="INFO">${category_url} = https://www.jimms.fi/fi/Product/Tietokoneet</msg>
<var>${category_url}</var>
<arg>${BASE_URL}${category}</arg>
<doc>Returns the given values which can then be assigned to a variables.</doc>
<status status="PASS" start="2024-09-21T13:39:48.195526" elapsed="0.000210"/>
</kw>
<kw name="Go To" owner="SeleniumLibrary">
<msg time="2024-09-21T13:39:48.195911" level="INFO">Opening url 'https://www.jimms.fi/fi/Product/Tietokoneet'</msg>
<arg>${category_url}</arg>
<doc>Navigates the current browser window to the provided ``url``.</doc>
<status status="PASS" start="2024-09-21T13:39:48.195820" elapsed="0.930507"/>
</kw>
<kw name="Element Should Be Visible" owner="SeleniumLibrary">
<msg time="2024-09-21T13:39:49.146412" level="INFO">Element 'xpath=//*[@class='addto-cart-wrapper']' is displayed.</msg>
<arg>xpath=//*[@class='addto-cart-wrapper']</arg>
<arg>msg=Add to cart button not found for ${category}.</arg>
<doc>Verifies that the element identified by ``locator`` is visible.</doc>
<status status="PASS" start="2024-09-21T13:39:49.126494" elapsed="0.020001"/>
</kw>
<kw name="Element Should Be Visible" owner="SeleniumLibrary">
<msg time="2024-09-21T13:39:49.162261" level="INFO">Element 'xpath=//*[@class='btn btn-success btn-icon js-cart-btn' and @title='Lisää koriin']' is displayed.</msg>
<arg>xpath=//*[@class='btn btn-success btn-icon js-cart-btn' and @title='Lisää koriin']</arg>
<arg>msg="Lisää koriin" button not found for ${category}.</arg>
<doc>Verifies that the element identified by ``locator`` is visible.</doc>
<status status="PASS" start="2024-09-21T13:39:49.146638" elapsed="0.015709"/>
</kw>
<kw name="Scroll Element Into View" owner="SeleniumLibrary">
<arg>xpath=//*[@class='btn btn-success btn-icon js-cart-btn' and @title='Lisää koriin']</arg>
<doc>Scrolls the element identified by ``locator`` into view.</doc>
<status status="PASS" start="2024-09-21T13:39:49.162537" elapsed="0.272393"/>
</kw>
<kw name="Get WebElement" owner="SeleniumLibrary">
<msg time="2024-09-21T13:39:49.443586" level="INFO">${icon_element} = &lt;selenium.webdriver.remote.webelement.WebElement (session="63144d6e9bc6635ee3ef0d7d9db49829", element="f.A988E291C0E678B1A5DEB3767BE975EE.d.8D8AC052DBA472671BB10ABEA86B8153.e.132")&gt;</msg>
<var>${icon_element}</var>
<arg>xpath=//*[@class='material-icon me-1']</arg>
<doc>Returns the first WebElement matching the given ``locator``.</doc>
<status status="PASS" start="2024-09-21T13:39:49.435124" elapsed="0.008499"/>
</kw>
<kw name="Element Should Be Visible" owner="SeleniumLibrary">
<msg time="2024-09-21T13:39:49.448275" level="INFO">Element '&lt;selenium.webdriver.remote.webelement.WebElement (session="63144d6e9bc6635ee3ef0d7d9db49829", element="f.A988E291C0E678B1A5DEB3767BE975EE.d.8D8AC052DBA472671BB10ABEA86B8153.e.132")&gt;' is displayed.</msg>
<arg>${icon_element}</arg>
<arg>msg=Icon for "Lisää koriin" not found for ${category}.</arg>
<doc>Verifies that the element identified by ``locator`` is visible.</doc>
<status status="PASS" start="2024-09-21T13:39:49.443797" elapsed="0.004554"/>
</kw>
<kw name="Capture Element Screenshot" owner="SeleniumLibrary">
<msg time="2024-09-21T13:39:49.484295" level="INFO" html="true">&lt;/td&gt;&lt;/tr&gt;&lt;tr&gt;&lt;td colspan="3"&gt;&lt;a href="icon_screenshot_Tietokoneet.png"&gt;&lt;img src="icon_screenshot_Tietokoneet.png" width="400px"&gt;&lt;/a&gt;</msg>
<arg>${icon_element}</arg>
<arg>icon_screenshot_${category}.png</arg>
<doc>Captures a screenshot from the element identified by ``locator`` and embeds it into log file.</doc>
<status status="PASS" start="2024-09-21T13:39:49.448482" elapsed="0.035898"/>
</kw>
<kw name="Sleep" owner="BuiltIn">
<msg time="2024-09-21T13:39:51.485608" level="INFO">Slept 2 seconds.</msg>
<arg>2</arg>
<doc>Pauses the test executed for the given time.</doc>
<status status="PASS" start="2024-09-21T13:39:49.484526" elapsed="2.001221"/>
</kw>
<var name="${category}">Tietokoneet</var>
<status status="PASS" start="2024-09-21T13:39:48.195347" elapsed="3.290514"/>
</iter>
<iter>
<kw name="Set Variable" owner="BuiltIn">
<msg time="2024-09-21T13:39:51.486439" level="INFO">${category_url} = https://www.jimms.fi/fi/Product/Komponentit</msg>
<var>${category_url}</var>
<arg>${BASE_URL}${category}</arg>
<doc>Returns the given values which can then be assigned to a variables.</doc>
<status status="PASS" start="2024-09-21T13:39:51.486176" elapsed="0.000288"/>
</kw>
<kw name="Go To" owner="SeleniumLibrary">
<msg time="2024-09-21T13:39:51.486672" level="INFO">Opening url 'https://www.jimms.fi/fi/Product/Komponentit'</msg>
<arg>${category_url}</arg>
<doc>Navigates the current browser window to the provided ``url``.</doc>
<status status="PASS" start="2024-09-21T13:39:51.486575" elapsed="1.301986"/>
</kw>
<kw name="Element Should Be Visible" owner="SeleniumLibrary">
<msg time="2024-09-21T13:39:52.801323" level="INFO">Element 'xpath=//*[@class='addto-cart-wrapper']' is displayed.</msg>
<arg>xpath=//*[@class='addto-cart-wrapper']</arg>
<arg>msg=Add to cart button not found for ${category}.</arg>
<doc>Verifies that the element identified by ``locator`` is visible.</doc>
<status status="PASS" start="2024-09-21T13:39:52.788781" elapsed="0.012616"/>
</kw>
<kw name="Element Should Be Visible" owner="SeleniumLibrary">
<msg time="2024-09-21T13:39:52.812427" level="INFO">Element 'xpath=//*[@class='btn btn-success btn-icon js-cart-btn' and @title='Lisää koriin']' is displayed.</msg>
<arg>xpath=//*[@class='btn btn-success btn-icon js-cart-btn' and @title='Lisää koriin']</arg>
<arg>msg="Lisää koriin" button not found for ${category}.</arg>
<doc>Verifies that the element identified by ``locator`` is visible.</doc>
<status status="PASS" start="2024-09-21T13:39:52.801527" elapsed="0.010984"/>
</kw>
<kw name="Scroll Element Into View" owner="SeleniumLibrary">
<arg>xpath=//*[@class='btn btn-success btn-icon js-cart-btn' and @title='Lisää koriin']</arg>
<doc>Scrolls the element identified by ``locator`` into view.</doc>
<status status="PASS" start="2024-09-21T13:39:52.812692" elapsed="0.268902"/>
</kw>
<kw name="Get WebElement" owner="SeleniumLibrary">
<msg time="2024-09-21T13:39:53.088684" level="INFO">${icon_element} = &lt;selenium.webdriver.remote.webelement.WebElement (session="63144d6e9bc6635ee3ef0d7d9db49829", element="f.A988E291C0E678B1A5DEB3767BE975EE.d.A6C9A3B3C2AAF638534F94ACA023D586.e.202")&gt;</msg>
<var>${icon_element}</var>
<arg>xpath=//*[@class='material-icon me-1']</arg>
<doc>Returns the first WebElement matching the given ``locator``.</doc>
<status status="PASS" start="2024-09-21T13:39:53.081780" elapsed="0.006936"/>
</kw>
<kw name="Element Should Be Visible" owner="SeleniumLibrary">
<msg time="2024-09-21T13:39:53.095224" level="INFO">Element '&lt;selenium.webdriver.remote.webelement.WebElement (session="63144d6e9bc6635ee3ef0d7d9db49829", element="f.A988E291C0E678B1A5DEB3767BE975EE.d.A6C9A3B3C2AAF638534F94ACA023D586.e.202")&gt;' is displayed.</msg>
<arg>${icon_element}</arg>
<arg>msg=Icon for "Lisää koriin" not found for ${category}.</arg>
<doc>Verifies that the element identified by ``locator`` is visible.</doc>
<status status="PASS" start="2024-09-21T13:39:53.088869" elapsed="0.006540"/>
</kw>
<kw name="Capture Element Screenshot" owner="SeleniumLibrary">
<msg time="2024-09-21T13:39:53.127932" level="INFO" html="true">&lt;/td&gt;&lt;/tr&gt;&lt;tr&gt;&lt;td colspan="3"&gt;&lt;a href="icon_screenshot_Komponentit.png"&gt;&lt;img src="icon_screenshot_Komponentit.png" width="400px"&gt;&lt;/a&gt;</msg>
<arg>${icon_element}</arg>
<arg>icon_screenshot_${category}.png</arg>
<doc>Captures a screenshot from the element identified by ``locator`` and embeds it into log file.</doc>
<status status="PASS" start="2024-09-21T13:39:53.095569" elapsed="0.032447"/>
</kw>
<kw name="Sleep" owner="BuiltIn">
<msg time="2024-09-21T13:39:55.129770" level="INFO">Slept 2 seconds.</msg>
<arg>2</arg>
<doc>Pauses the test executed for the given time.</doc>
<status status="PASS" start="2024-09-21T13:39:53.128334" elapsed="2.001557"/>
</kw>
<var name="${category}">Komponentit</var>
<status status="PASS" start="2024-09-21T13:39:51.486056" elapsed="3.643898"/>
</iter>
<iter>
<kw name="Set Variable" owner="BuiltIn">
<msg time="2024-09-21T13:39:55.130374" level="INFO">${category_url} = https://www.jimms.fi/fi/Product/Oheislaitteet</msg>
<var>${category_url}</var>
<arg>${BASE_URL}${category}</arg>
<doc>Returns the given values which can then be assigned to a variables.</doc>
<status status="PASS" start="2024-09-21T13:39:55.130206" elapsed="0.000187"/>
</kw>
<kw name="Go To" owner="SeleniumLibrary">
<msg time="2024-09-21T13:39:55.130554" level="INFO">Opening url 'https://www.jimms.fi/fi/Product/Oheislaitteet'</msg>
<arg>${category_url}</arg>
<doc>Navigates the current browser window to the provided ``url``.</doc>
<status status="PASS" start="2024-09-21T13:39:55.130469" elapsed="0.880022"/>
</kw>
<kw name="Element Should Be Visible" owner="SeleniumLibrary">
<msg time="2024-09-21T13:39:56.028691" level="INFO">Element 'xpath=//*[@class='addto-cart-wrapper']' is displayed.</msg>
<arg>xpath=//*[@class='addto-cart-wrapper']</arg>
<arg>msg=Add to cart button not found for ${category}.</arg>
<doc>Verifies that the element identified by ``locator`` is visible.</doc>
<status status="PASS" start="2024-09-21T13:39:56.010640" elapsed="0.018159"/>
</kw>
<kw name="Element Should Be Visible" owner="SeleniumLibrary">
<msg time="2024-09-21T13:39:56.046047" level="INFO">Element 'xpath=//*[@class='btn btn-success btn-icon js-cart-btn' and @title='Lisää koriin']' is displayed.</msg>
<arg>xpath=//*[@class='btn btn-success btn-icon js-cart-btn' and @title='Lisää koriin']</arg>
<arg>msg="Lisää koriin" button not found for ${category}.</arg>
<doc>Verifies that the element identified by ``locator`` is visible.</doc>
<status status="PASS" start="2024-09-21T13:39:56.028962" elapsed="0.017168"/>
</kw>
<kw name="Scroll Element Into View" owner="SeleniumLibrary">
<arg>xpath=//*[@class='btn btn-success btn-icon js-cart-btn' and @title='Lisää koriin']</arg>
<doc>Scrolls the element identified by ``locator`` into view.</doc>
<status status="PASS" start="2024-09-21T13:39:56.046318" elapsed="0.267943"/>
</kw>
<kw name="Get WebElement" owner="SeleniumLibrary">
<msg time="2024-09-21T13:39:56.322006" level="INFO">${icon_element} = &lt;selenium.webdriver.remote.webelement.WebElement (session="63144d6e9bc6635ee3ef0d7d9db49829", element="f.A988E291C0E678B1A5DEB3767BE975EE.d.5652C0BC281553560C4C3E192260D710.e.278")&gt;</msg>
<var>${icon_element}</var>
<arg>xpath=//*[@class='material-icon me-1']</arg>
<doc>Returns the first WebElement matching the given ``locator``.</doc>
<status status="PASS" start="2024-09-21T13:39:56.314461" elapsed="0.007580"/>
</kw>
<kw name="Element Should Be Visible" owner="SeleniumLibrary">
<msg time="2024-09-21T13:39:56.329419" level="INFO">Element '&lt;selenium.webdriver.remote.webelement.WebElement (session="63144d6e9bc6635ee3ef0d7d9db49829", element="f.A988E291C0E678B1A5DEB3767BE975EE.d.5652C0BC281553560C4C3E192260D710.e.278")&gt;' is displayed.</msg>
<arg>${icon_element}</arg>
<arg>msg=Icon for "Lisää koriin" not found for ${category}.</arg>
<doc>Verifies that the element identified by ``locator`` is visible.</doc>
<status status="PASS" start="2024-09-21T13:39:56.322204" elapsed="0.007296"/>
</kw>
<kw name="Capture Element Screenshot" owner="SeleniumLibrary">
<msg time="2024-09-21T13:39:56.368992" level="INFO" html="true">&lt;/td&gt;&lt;/tr&gt;&lt;tr&gt;&lt;td colspan="3"&gt;&lt;a href="icon_screenshot_Oheislaitteet.png"&gt;&lt;img src="icon_screenshot_Oheislaitteet.png" width="400px"&gt;&lt;/a&gt;</msg>
<arg>${icon_element}</arg>
<arg>icon_screenshot_${category}.png</arg>
<doc>Captures a screenshot from the element identified by ``locator`` and embeds it into log file.</doc>
<status status="PASS" start="2024-09-21T13:39:56.329639" elapsed="0.039442"/>
</kw>
<kw name="Sleep" owner="BuiltIn">
<msg time="2024-09-21T13:39:58.369876" level="INFO">Slept 2 seconds.</msg>
<arg>2</arg>
<doc>Pauses the test executed for the given time.</doc>
<status status="PASS" start="2024-09-21T13:39:56.369221" elapsed="2.000795"/>
</kw>
<var name="${category}">Oheislaitteet</var>
<status status="PASS" start="2024-09-21T13:39:55.130113" elapsed="3.239981"/>
</iter>
<iter>
<kw name="Set Variable" owner="BuiltIn">
<msg time="2024-09-21T13:39:58.370724" level="INFO">${category_url} = https://www.jimms.fi/fi/Product/SimRacing</msg>
<var>${category_url}</var>
<arg>${BASE_URL}${category}</arg>
<doc>Returns the given values which can then be assigned to a variables.</doc>
<status status="PASS" start="2024-09-21T13:39:58.370444" elapsed="0.000300"/>
</kw>
<kw name="Go To" owner="SeleniumLibrary">
<msg time="2024-09-21T13:39:58.370927" level="INFO">Opening url 'https://www.jimms.fi/fi/Product/SimRacing'</msg>
<arg>${category_url}</arg>
<doc>Navigates the current browser window to the provided ``url``.</doc>
<status status="PASS" start="2024-09-21T13:39:58.370834" elapsed="0.737917"/>
</kw>
<kw name="Element Should Be Visible" owner="SeleniumLibrary">
<msg time="2024-09-21T13:39:59.129113" level="INFO">Element 'xpath=//*[@class='addto-cart-wrapper']' is displayed.</msg>
<arg>xpath=//*[@class='addto-cart-wrapper']</arg>
<arg>msg=Add to cart button not found for ${category}.</arg>
<doc>Verifies that the element identified by ``locator`` is visible.</doc>
<status status="PASS" start="2024-09-21T13:39:59.108915" elapsed="0.020281"/>
</kw>
<kw name="Element Should Be Visible" owner="SeleniumLibrary">
<msg time="2024-09-21T13:39:59.143625" level="INFO">Element 'xpath=//*[@class='btn btn-success btn-icon js-cart-btn' and @title='Lisää koriin']' is displayed.</msg>
<arg>xpath=//*[@class='btn btn-success btn-icon js-cart-btn' and @title='Lisää koriin']</arg>
<arg>msg="Lisää koriin" button not found for ${category}.</arg>
<doc>Verifies that the element identified by ``locator`` is visible.</doc>
<status status="PASS" start="2024-09-21T13:39:59.129338" elapsed="0.014455"/>
</kw>
<kw name="Scroll Element Into View" owner="SeleniumLibrary">
<arg>xpath=//*[@class='btn btn-success btn-icon js-cart-btn' and @title='Lisää koriin']</arg>
<doc>Scrolls the element identified by ``locator`` into view.</doc>
<status status="PASS" start="2024-09-21T13:39:59.144011" elapsed="0.272594"/>
</kw>
<kw name="Get WebElement" owner="SeleniumLibrary">
<msg time="2024-09-21T13:39:59.423021" level="INFO">${icon_element} = &lt;selenium.webdriver.remote.webelement.WebElement (session="63144d6e9bc6635ee3ef0d7d9db49829", element="f.A988E291C0E678B1A5DEB3767BE975EE.d.88B49482340A686FFC0E64017D325B9B.e.353")&gt;</msg>
<var>${icon_element}</var>
<arg>xpath=//*[@class='material-icon me-1']</arg>
<doc>Returns the first WebElement matching the given ``locator``.</doc>
<status status="PASS" start="2024-09-21T13:39:59.416769" elapsed="0.006294"/>
</kw>
<kw name="Element Should Be Visible" owner="SeleniumLibrary">
<msg time="2024-09-21T13:39:59.427715" level="INFO">Element '&lt;selenium.webdriver.remote.webelement.WebElement (session="63144d6e9bc6635ee3ef0d7d9db49829", element="f.A988E291C0E678B1A5DEB3767BE975EE.d.88B49482340A686FFC0E64017D325B9B.e.353")&gt;' is displayed.</msg>
<arg>${icon_element}</arg>
<arg>msg=Icon for "Lisää koriin" not found for ${category}.</arg>
<doc>Verifies that the element identified by ``locator`` is visible.</doc>
<status status="PASS" start="2024-09-21T13:39:59.423230" elapsed="0.004581"/>
</kw>
<kw name="Capture Element Screenshot" owner="SeleniumLibrary">
<msg time="2024-09-21T13:39:59.459752" level="INFO" html="true">&lt;/td&gt;&lt;/tr&gt;&lt;tr&gt;&lt;td colspan="3"&gt;&lt;a href="icon_screenshot_SimRacing.png"&gt;&lt;img src="icon_screenshot_SimRacing.png" width="400px"&gt;&lt;/a&gt;</msg>
<arg>${icon_element}</arg>
<arg>icon_screenshot_${category}.png</arg>
<doc>Captures a screenshot from the element identified by ``locator`` and embeds it into log file.</doc>
<status status="PASS" start="2024-09-21T13:39:59.427996" elapsed="0.031847"/>
</kw>
<kw name="Sleep" owner="BuiltIn">
<msg time="2024-09-21T13:40:01.460423" level="INFO">Slept 2 seconds.</msg>
<arg>2</arg>
<doc>Pauses the test executed for the given time.</doc>
<status status="PASS" start="2024-09-21T13:39:59.459978" elapsed="2.000541"/>
</kw>
<var name="${category}">SimRacing</var>
<status status="PASS" start="2024-09-21T13:39:58.370253" elapsed="3.090325"/>
</iter>
<iter>
<kw name="Set Variable" owner="BuiltIn">
<msg time="2024-09-21T13:40:01.461038" level="INFO">${category_url} = https://www.jimms.fi/fi/Product/Verkkotuotteet</msg>
<var>${category_url}</var>
<arg>${BASE_URL}${category}</arg>
<doc>Returns the given values which can then be assigned to a variables.</doc>
<status status="PASS" start="2024-09-21T13:40:01.460876" elapsed="0.000180"/>
</kw>
<kw name="Go To" owner="SeleniumLibrary">
<msg time="2024-09-21T13:40:01.461317" level="INFO">Opening url 'https://www.jimms.fi/fi/Product/Verkkotuotteet'</msg>
<arg>${category_url}</arg>
<doc>Navigates the current browser window to the provided ``url``.</doc>
<status status="PASS" start="2024-09-21T13:40:01.461156" elapsed="0.859249"/>
</kw>
<kw name="Element Should Be Visible" owner="SeleniumLibrary">
<msg time="2024-09-21T13:40:02.340194" level="INFO">Element 'xpath=//*[@class='addto-cart-wrapper']' is displayed.</msg>
<arg>xpath=//*[@class='addto-cart-wrapper']</arg>
<arg>msg=Add to cart button not found for ${category}.</arg>
<doc>Verifies that the element identified by ``locator`` is visible.</doc>
<status status="PASS" start="2024-09-21T13:40:02.320676" elapsed="0.019594"/>
</kw>
<kw name="Element Should Be Visible" owner="SeleniumLibrary">
<msg time="2024-09-21T13:40:02.354498" level="INFO">Element 'xpath=//*[@class='btn btn-success btn-icon js-cart-btn' and @title='Lisää koriin']' is displayed.</msg>
<arg>xpath=//*[@class='btn btn-success btn-icon js-cart-btn' and @title='Lisää koriin']</arg>
<arg>msg="Lisää koriin" button not found for ${category}.</arg>
<doc>Verifies that the element identified by ``locator`` is visible.</doc>
<status status="PASS" start="2024-09-21T13:40:02.340406" elapsed="0.014168"/>
</kw>
<kw name="Scroll Element Into View" owner="SeleniumLibrary">
<arg>xpath=//*[@class='btn btn-success btn-icon js-cart-btn' and @title='Lisää koriin']</arg>
<doc>Scrolls the element identified by ``locator`` into view.</doc>
<status status="PASS" start="2024-09-21T13:40:02.354784" elapsed="0.279994"/>
</kw>
<kw name="Get WebElement" owner="SeleniumLibrary">
<msg time="2024-09-21T13:40:02.641586" level="INFO">${icon_element} = &lt;selenium.webdriver.remote.webelement.WebElement (session="63144d6e9bc6635ee3ef0d7d9db49829", element="f.A988E291C0E678B1A5DEB3767BE975EE.d.835B62FE23BF542E7C25BE457BE1FD87.e.418")&gt;</msg>
<var>${icon_element}</var>
<arg>xpath=//*[@class='material-icon me-1']</arg>
<doc>Returns the first WebElement matching the given ``locator``.</doc>
<status status="PASS" start="2024-09-21T13:40:02.634952" elapsed="0.006669"/>
</kw>
<kw name="Element Should Be Visible" owner="SeleniumLibrary">
<msg time="2024-09-21T13:40:02.647324" level="INFO">Element '&lt;selenium.webdriver.remote.webelement.WebElement (session="63144d6e9bc6635ee3ef0d7d9db49829", element="f.A988E291C0E678B1A5DEB3767BE975EE.d.835B62FE23BF542E7C25BE457BE1FD87.e.418")&gt;' is displayed.</msg>
<arg>${icon_element}</arg>
<arg>msg=Icon for "Lisää koriin" not found for ${category}.</arg>
<doc>Verifies that the element identified by ``locator`` is visible.</doc>
<status status="PASS" start="2024-09-21T13:40:02.641822" elapsed="0.005588"/>
</kw>
<kw name="Capture Element Screenshot" owner="SeleniumLibrary">
<msg time="2024-09-21T13:40:02.676294" level="INFO" html="true">&lt;/td&gt;&lt;/tr&gt;&lt;tr&gt;&lt;td colspan="3"&gt;&lt;a href="icon_screenshot_Verkkotuotteet.png"&gt;&lt;img src="icon_screenshot_Verkkotuotteet.png" width="400px"&gt;&lt;/a&gt;</msg>
<arg>${icon_element}</arg>
<arg>icon_screenshot_${category}.png</arg>
<doc>Captures a screenshot from the element identified by ``locator`` and embeds it into log file.</doc>
<status status="PASS" start="2024-09-21T13:40:02.647568" elapsed="0.028814"/>
</kw>
<kw name="Sleep" owner="BuiltIn">
<msg time="2024-09-21T13:40:04.678354" level="INFO">Slept 2 seconds.</msg>
<arg>2</arg>
<doc>Pauses the test executed for the given time.</doc>
<status status="PASS" start="2024-09-21T13:40:02.676525" elapsed="2.001984"/>
</kw>
<var name="${category}">Verkkotuotteet</var>
<status status="PASS" start="2024-09-21T13:40:01.460783" elapsed="3.217795"/>
</iter>
<iter>
<kw name="Set Variable" owner="BuiltIn">
<msg time="2024-09-21T13:40:04.679068" level="INFO">${category_url} = https://www.jimms.fi/fi/Product/Tarvikkeet</msg>
<var>${category_url}</var>
<arg>${BASE_URL}${category}</arg>
<doc>Returns the given values which can then be assigned to a variables.</doc>
<status status="PASS" start="2024-09-21T13:40:04.678864" elapsed="0.000227"/>
</kw>
<kw name="Go To" owner="SeleniumLibrary">
<msg time="2024-09-21T13:40:04.679308" level="INFO">Opening url 'https://www.jimms.fi/fi/Product/Tarvikkeet'</msg>
<arg>${category_url}</arg>
<doc>Navigates the current browser window to the provided ``url``.</doc>
<status status="PASS" start="2024-09-21T13:40:04.679177" elapsed="1.036001"/>
</kw>
<kw name="Element Should Be Visible" owner="SeleniumLibrary">
<msg time="2024-09-21T13:40:05.736128" level="INFO">Element 'xpath=//*[@class='addto-cart-wrapper']' is displayed.</msg>
<arg>xpath=//*[@class='addto-cart-wrapper']</arg>
<arg>msg=Add to cart button not found for ${category}.</arg>
<doc>Verifies that the element identified by ``locator`` is visible.</doc>
<status status="PASS" start="2024-09-21T13:40:05.715338" elapsed="0.020884"/>
</kw>
<kw name="Element Should Be Visible" owner="SeleniumLibrary">
<msg time="2024-09-21T13:40:05.747149" level="INFO">Element 'xpath=//*[@class='btn btn-success btn-icon js-cart-btn' and @title='Lisää koriin']' is displayed.</msg>
<arg>xpath=//*[@class='btn btn-success btn-icon js-cart-btn' and @title='Lisää koriin']</arg>
<arg>msg="Lisää koriin" button not found for ${category}.</arg>
<doc>Verifies that the element identified by ``locator`` is visible.</doc>
<status status="PASS" start="2024-09-21T13:40:05.736447" elapsed="0.010786"/>
</kw>
<kw name="Scroll Element Into View" owner="SeleniumLibrary">
<arg>xpath=//*[@class='btn btn-success btn-icon js-cart-btn' and @title='Lisää koriin']</arg>
<doc>Scrolls the element identified by ``locator`` into view.</doc>
<status status="PASS" start="2024-09-21T13:40:05.747438" elapsed="0.288406"/>
</kw>
<kw name="Get WebElement" owner="SeleniumLibrary">
<msg time="2024-09-21T13:40:06.042705" level="INFO">${icon_element} = &lt;selenium.webdriver.remote.webelement.WebElement (session="63144d6e9bc6635ee3ef0d7d9db49829", element="f.A988E291C0E678B1A5DEB3767BE975EE.d.039115A14599FAF7A117FFBA099E5E48.e.506")&gt;</msg>
<var>${icon_element}</var>
<arg>xpath=//*[@class='material-icon me-1']</arg>
<doc>Returns the first WebElement matching the given ``locator``.</doc>
<status status="PASS" start="2024-09-21T13:40:06.036033" elapsed="0.006709"/>
</kw>
<kw name="Element Should Be Visible" owner="SeleniumLibrary">
<msg time="2024-09-21T13:40:06.047220" level="INFO">Element '&lt;selenium.webdriver.remote.webelement.WebElement (session="63144d6e9bc6635ee3ef0d7d9db49829", element="f.A988E291C0E678B1A5DEB3767BE975EE.d.039115A14599FAF7A117FFBA099E5E48.e.506")&gt;' is displayed.</msg>
<arg>${icon_element}</arg>
<arg>msg=Icon for "Lisää koriin" not found for ${category}.</arg>
<doc>Verifies that the element identified by ``locator`` is visible.</doc>
<status status="PASS" start="2024-09-21T13:40:06.042930" elapsed="0.004377"/>
</kw>
<kw name="Capture Element Screenshot" owner="SeleniumLibrary">
<msg time="2024-09-21T13:40:06.076552" level="INFO" html="true">&lt;/td&gt;&lt;/tr&gt;&lt;tr&gt;&lt;td colspan="3"&gt;&lt;a href="icon_screenshot_Tarvikkeet.png"&gt;&lt;img src="icon_screenshot_Tarvikkeet.png" width="400px"&gt;&lt;/a&gt;</msg>
<arg>${icon_element}</arg>
<arg>icon_screenshot_${category}.png</arg>
<doc>Captures a screenshot from the element identified by ``locator`` and embeds it into log file.</doc>
<status status="PASS" start="2024-09-21T13:40:06.047551" elapsed="0.029091"/>
</kw>
<kw name="Sleep" owner="BuiltIn">
<msg time="2024-09-21T13:40:08.078291" level="INFO">Slept 2 seconds.</msg>
<arg>2</arg>
<doc>Pauses the test executed for the given time.</doc>
<status status="PASS" start="2024-09-21T13:40:06.076785" elapsed="2.001728"/>
</kw>
<var name="${category}">Tarvikkeet</var>
<status status="PASS" start="2024-09-21T13:40:04.678734" elapsed="3.399858"/>
</iter>
<iter>
<kw name="Set Variable" owner="BuiltIn">
<msg time="2024-09-21T13:40:08.078991" level="INFO">${category_url} = https://www.jimms.fi/fi/Product/Erikoistuotteet</msg>
<var>${category_url}</var>
<arg>${BASE_URL}${category}</arg>
<doc>Returns the given values which can then be assigned to a variables.</doc>
<status status="PASS" start="2024-09-21T13:40:08.078834" elapsed="0.000173"/>
</kw>
<kw name="Go To" owner="SeleniumLibrary">
<msg time="2024-09-21T13:40:08.079157" level="INFO">Opening url 'https://www.jimms.fi/fi/Product/Erikoistuotteet'</msg>
<arg>${category_url}</arg>
<doc>Navigates the current browser window to the provided ``url``.</doc>
<status status="PASS" start="2024-09-21T13:40:08.079077" elapsed="0.676914"/>
</kw>
<kw name="Element Should Be Visible" owner="SeleniumLibrary">
<msg time="2024-09-21T13:40:08.779460" level="INFO">Element 'xpath=//*[@class='addto-cart-wrapper']' is displayed.</msg>
<arg>xpath=//*[@class='addto-cart-wrapper']</arg>
<arg>msg=Add to cart button not found for ${category}.</arg>
<doc>Verifies that the element identified by ``locator`` is visible.</doc>
<status status="PASS" start="2024-09-21T13:40:08.756150" elapsed="0.023387"/>
</kw>
<kw name="Element Should Be Visible" owner="SeleniumLibrary">
<msg time="2024-09-21T13:40:08.793125" level="INFO">Element 'xpath=//*[@class='btn btn-success btn-icon js-cart-btn' and @title='Lisää koriin']' is displayed.</msg>
<arg>xpath=//*[@class='btn btn-success btn-icon js-cart-btn' and @title='Lisää koriin']</arg>
<arg>msg="Lisää koriin" button not found for ${category}.</arg>
<doc>Verifies that the element identified by ``locator`` is visible.</doc>
<status status="PASS" start="2024-09-21T13:40:08.779671" elapsed="0.013582"/>
</kw>
<kw name="Scroll Element Into View" owner="SeleniumLibrary">
<arg>xpath=//*[@class='btn btn-success btn-icon js-cart-btn' and @title='Lisää koriin']</arg>
<doc>Scrolls the element identified by ``locator`` into view.</doc>
<status status="PASS" start="2024-09-21T13:40:08.793435" elapsed="0.271609"/>
</kw>
<kw name="Get WebElement" owner="SeleniumLibrary">
<msg time="2024-09-21T13:40:09.072181" level="INFO">${icon_element} = &lt;selenium.webdriver.remote.webelement.WebElement (session="63144d6e9bc6635ee3ef0d7d9db49829", element="f.A988E291C0E678B1A5DEB3767BE975EE.d.D40F499BFE1383BCF11E34AE07F16BA1.e.583")&gt;</msg>
<var>${icon_element}</var>
<arg>xpath=//*[@class='material-icon me-1']</arg>
<doc>Returns the first WebElement matching the given ``locator``.</doc>
<status status="PASS" start="2024-09-21T13:40:09.065225" elapsed="0.007009"/>
</kw>
<kw name="Element Should Be Visible" owner="SeleniumLibrary">
<msg time="2024-09-21T13:40:09.078848" level="INFO">Element '&lt;selenium.webdriver.remote.webelement.WebElement (session="63144d6e9bc6635ee3ef0d7d9db49829", element="f.A988E291C0E678B1A5DEB3767BE975EE.d.D40F499BFE1383BCF11E34AE07F16BA1.e.583")&gt;' is displayed.</msg>
<arg>${icon_element}</arg>
<arg>msg=Icon for "Lisää koriin" not found for ${category}.</arg>
<doc>Verifies that the element identified by ``locator`` is visible.</doc>
<status status="PASS" start="2024-09-21T13:40:09.072407" elapsed="0.006530"/>
</kw>
<kw name="Capture Element Screenshot" owner="SeleniumLibrary">
<msg time="2024-09-21T13:40:09.117527" level="INFO" html="true">&lt;/td&gt;&lt;/tr&gt;&lt;tr&gt;&lt;td colspan="3"&gt;&lt;a href="icon_screenshot_Erikoistuotteet.png"&gt;&lt;img src="icon_screenshot_Erikoistuotteet.png" width="400px"&gt;&lt;/a&gt;</msg>
<arg>${icon_element}</arg>
<arg>icon_screenshot_${category}.png</arg>
<doc>Captures a screenshot from the element identified by ``locator`` and embeds it into log file.</doc>
<status status="PASS" start="2024-09-21T13:40:09.079083" elapsed="0.038526"/>
</kw>
<kw name="Sleep" owner="BuiltIn">
<msg time="2024-09-21T13:40:11.118648" level="INFO">Slept 2 seconds.</msg>
<arg>2</arg>
<doc>Pauses the test executed for the given time.</doc>
<status status="PASS" start="2024-09-21T13:40:09.117798" elapsed="2.000956"/>
</kw>
<var name="${category}">Erikoistuotteet</var>
<status status="PASS" start="2024-09-21T13:40:08.078737" elapsed="3.040078"/>
</iter>
<iter>
<kw name="Set Variable" owner="BuiltIn">
<msg time="2024-09-21T13:40:11.119202" level="INFO">${category_url} = https://www.jimms.fi/fi/Product/Ohjelmistot</msg>
<var>${category_url}</var>
<arg>${BASE_URL}${category}</arg>
<doc>Returns the given values which can then be assigned to a variables.</doc>
<status status="PASS" start="2024-09-21T13:40:11.119046" elapsed="0.000173"/>
</kw>
<kw name="Go To" owner="SeleniumLibrary">
<msg time="2024-09-21T13:40:11.119386" level="INFO">Opening url 'https://www.jimms.fi/fi/Product/Ohjelmistot'</msg>
<arg>${category_url}</arg>
<doc>Navigates the current browser window to the provided ``url``.</doc>
<status status="PASS" start="2024-09-21T13:40:11.119299" elapsed="0.687664"/>
</kw>
<kw name="Element Should Be Visible" owner="SeleniumLibrary">
<msg time="2024-09-21T13:40:11.824169" level="INFO">Element 'xpath=//*[@class='addto-cart-wrapper']' is displayed.</msg>
<arg>xpath=//*[@class='addto-cart-wrapper']</arg>
<arg>msg=Add to cart button not found for ${category}.</arg>
<doc>Verifies that the element identified by ``locator`` is visible.</doc>
<status status="PASS" start="2024-09-21T13:40:11.807190" elapsed="0.017060"/>
</kw>
<kw name="Element Should Be Visible" owner="SeleniumLibrary">
<msg time="2024-09-21T13:40:11.847090" level="INFO">Element 'xpath=//*[@class='btn btn-success btn-icon js-cart-btn' and @title='Lisää koriin']' is displayed.</msg>
<arg>xpath=//*[@class='btn btn-success btn-icon js-cart-btn' and @title='Lisää koriin']</arg>
<arg>msg="Lisää koriin" button not found for ${category}.</arg>
<doc>Verifies that the element identified by ``locator`` is visible.</doc>
<status status="PASS" start="2024-09-21T13:40:11.824392" elapsed="0.022879"/>
</kw>
<kw name="Scroll Element Into View" owner="SeleniumLibrary">
<arg>xpath=//*[@class='btn btn-success btn-icon js-cart-btn' and @title='Lisää koriin']</arg>
<doc>Scrolls the element identified by ``locator`` into view.</doc>
<status status="PASS" start="2024-09-21T13:40:11.847430" elapsed="0.280598"/>
</kw>
<kw name="Get WebElement" owner="SeleniumLibrary">
<msg time="2024-09-21T13:40:12.134699" level="INFO">${icon_element} = &lt;selenium.webdriver.remote.webelement.WebElement (session="63144d6e9bc6635ee3ef0d7d9db49829", element="f.A988E291C0E678B1A5DEB3767BE975EE.d.1B1FE94453CCE62B7BCDF13B89259F43.e.649")&gt;</msg>
<var>${icon_element}</var>
<arg>xpath=//*[@class='material-icon me-1']</arg>
<doc>Returns the first WebElement matching the given ``locator``.</doc>
<status status="PASS" start="2024-09-21T13:40:12.128199" elapsed="0.006543"/>
</kw>
<kw name="Element Should Be Visible" owner="SeleniumLibrary">
<msg time="2024-09-21T13:40:12.140602" level="INFO">Element '&lt;selenium.webdriver.remote.webelement.WebElement (session="63144d6e9bc6635ee3ef0d7d9db49829", element="f.A988E291C0E678B1A5DEB3767BE975EE.d.1B1FE94453CCE62B7BCDF13B89259F43.e.649")&gt;' is displayed.</msg>
<arg>${icon_element}</arg>
<arg>msg=Icon for "Lisää koriin" not found for ${category}.</arg>
<doc>Verifies that the element identified by ``locator`` is visible.</doc>
<status status="PASS" start="2024-09-21T13:40:12.134944" elapsed="0.005747"/>
</kw>
<kw name="Capture Element Screenshot" owner="SeleniumLibrary">
<msg time="2024-09-21T13:40:12.174671" level="INFO" html="true">&lt;/td&gt;&lt;/tr&gt;&lt;tr&gt;&lt;td colspan="3"&gt;&lt;a href="icon_screenshot_Ohjelmistot.png"&gt;&lt;img src="icon_screenshot_Ohjelmistot.png" width="400px"&gt;&lt;/a&gt;</msg>
<arg>${icon_element}</arg>
<arg>icon_screenshot_${category}.png</arg>
<doc>Captures a screenshot from the element identified by ``locator`` and embeds it into log file.</doc>
<status status="PASS" start="2024-09-21T13:40:12.140864" elapsed="0.033893"/>
</kw>
<kw name="Sleep" owner="BuiltIn">
<msg time="2024-09-21T13:40:14.175788" level="INFO">Slept 2 seconds.</msg>
<arg>2</arg>
<doc>Pauses the test executed for the given time.</doc>
<status status="PASS" start="2024-09-21T13:40:12.174930" elapsed="2.000969"/>
</kw>
<var name="${category}">Ohjelmistot</var>
<status status="PASS" start="2024-09-21T13:40:11.118951" elapsed="3.057008"/>
</iter>
<var>${category}</var>
<value>@{CATEGORIES}</value>
<status status="PASS" start="2024-09-21T13:39:48.195074" elapsed="25.980954"/>
</for>
<kw name="Close Browser" owner="SeleniumLibrary">
<doc>Closes the current browser.</doc>
<status status="PASS" start="2024-09-21T13:40:14.176306" elapsed="0.145239"/>
</kw>
<doc>This test case verifies that all product categories return a valid landing page and contain the addto-cart-wrapper and its icon.</doc>
<status status="PASS" start="2024-09-21T13:39:43.610466" elapsed="30.711287"/>
</test>
<status status="PASS" start="2024-09-21T13:39:43.439660" elapsed="30.882401"/>
</suite>
<statistics>
<total>
<stat pass="1" fail="0" skip="0">All Tests</stat>
</total>
<tag>
</tag>
<suite>
<stat pass="1" fail="0" skip="0" id="s1" name="Test Cart Icon">Test Cart Icon</stat>
</suite>
</statistics>
<errors>
</errors>
</robot>
