<?xml version="1.0" encoding="UTF-8"?>
<robot generator="Robot 7.1 (Python 3.10.12 on darwin)" generated="2024-09-25T20:34:30.159726" rpa="false" schemaversion="5">
<suite id="s1" name="Test Cart Icon" source="/Users/dandev947366/Desktop/HAMK-8-2024/Software-Testing/SWT-Team4/SWT-Team4/Jimms-SWT/icon/test_cart_icon.robot">
<test id="s1-t1" name="Verify All Product Categories Have Landing Pages And Add To Cart Button And Icon" line="16">
<kw name="Create Session" owner="RequestsLibrary">
<msg time="2024-09-25T20:34:30.354045" level="INFO">Creating Session using : alias=jimms, url=https://www.jimms.fi/fi/Product/, headers={},                     cookies={}, auth=None, timeout=None, proxies=None, verify=False,                     debug=0 </msg>
<arg>jimms</arg>
<arg>${BASE_URL}</arg>
<doc>Create Session: create a HTTP session to a server</doc>
<status status="PASS" start="2024-09-25T20:34:30.353934" elapsed="0.000214"/>
</kw>
<kw name="Open Browser" owner="SeleniumLibrary">
<msg time="2024-09-25T20:34:30.354389" level="INFO">Opening browser 'Chrome' to base url 'https://www.jimms.fi/fi/Product/'.</msg>
<arg>${BASE_URL}</arg>
<arg>${BROWSER}</arg>
<doc>Opens a new browser instance to the optional ``url``.</doc>
<status status="PASS" start="2024-09-25T20:34:30.354263" elapsed="2.809957"/>
</kw>
<for flavor="IN">
<iter>
<kw name="Set Variable" owner="BuiltIn">
<msg time="2024-09-25T20:34:33.165232" level="INFO">${category_url} = https://www.jimms.fi/fi/Product/Tietokoneet</msg>
<var>${category_url}</var>
<arg>${BASE_URL}${category}</arg>
<doc>Returns the given values which can then be assigned to a variables.</doc>
<status status="PASS" start="2024-09-25T20:34:33.165056" elapsed="0.000197"/>
</kw>
<kw name="Go To" owner="SeleniumLibrary">
<msg time="2024-09-25T20:34:33.165435" level="INFO">Opening url 'https://www.jimms.fi/fi/Product/Tietokoneet'</msg>
<arg>${category_url}</arg>
<doc>Navigates the current browser window to the provided ``url``.</doc>
<status status="PASS" start="2024-09-25T20:34:33.165339" elapsed="0.278151"/>
</kw>
<kw name="Element Should Be Visible" owner="SeleniumLibrary">
<msg time="2024-09-25T20:34:33.460499" level="INFO">Element 'xpath=//*[@class='addto-cart-wrapper']' is displayed.</msg>
<arg>xpath=//*[@class='addto-cart-wrapper']</arg>
<arg>msg=Add to cart button not found for ${category}.</arg>
<doc>Verifies that the element identified by ``locator`` is visible.</doc>
<status status="PASS" start="2024-09-25T20:34:33.443717" elapsed="0.016866"/>
</kw>
<kw name="Element Should Be Visible" owner="SeleniumLibrary">
<msg time="2024-09-25T20:34:33.472426" level="INFO">Element 'xpath=//*[@class='btn btn-success btn-icon js-cart-btn' and @title='Lisää koriin']' is displayed.</msg>
<arg>xpath=//*[@class='btn btn-success btn-icon js-cart-btn' and @title='Lisää koriin']</arg>
<arg>msg="Lisää koriin" button not found for ${category}.</arg>
<doc>Verifies that the element identified by ``locator`` is visible.</doc>
<status status="PASS" start="2024-09-25T20:34:33.460738" elapsed="0.011800"/>
</kw>
<kw name="Scroll Element Into View" owner="SeleniumLibrary">
<arg>xpath=//*[@class='btn btn-success btn-icon js-cart-btn' and @title='Lisää koriin']</arg>
<doc>Scrolls the element identified by ``locator`` into view.</doc>
<status status="PASS" start="2024-09-25T20:34:33.472719" elapsed="0.274495"/>
</kw>
<kw name="Get WebElement" owner="SeleniumLibrary">
<msg time="2024-09-25T20:34:33.755129" level="INFO">${icon_element} = &lt;selenium.webdriver.remote.webelement.WebElement (session="e156a1e909a81d050f65018577cf19d3", element="f.0DEAEFEC625B426A52FE173A7BEDAEC3.d.7F3CED2CB3BD0F8F7845537415BBE8E1.e.106")&gt;</msg>
<var>${icon_element}</var>
<arg>xpath=//*[@class='material-icon me-1']</arg>
<doc>Returns the first WebElement matching the given ``locator``.</doc>
<status status="PASS" start="2024-09-25T20:34:33.747409" elapsed="0.007753"/>
</kw>
<kw name="Element Should Be Visible" owner="SeleniumLibrary">
<msg time="2024-09-25T20:34:33.758855" level="INFO">Element '&lt;selenium.webdriver.remote.webelement.WebElement (session="e156a1e909a81d050f65018577cf19d3", element="f.0DEAEFEC625B426A52FE173A7BEDAEC3.d.7F3CED2CB3BD0F8F7845537415BBE8E1.e.106")&gt;' is displayed.</msg>
<arg>${icon_element}</arg>
<arg>msg=Icon for "Lisää koriin" not found for ${category}.</arg>
<doc>Verifies that the element identified by ``locator`` is visible.</doc>
<status status="PASS" start="2024-09-25T20:34:33.755301" elapsed="0.003643"/>
</kw>
<kw name="Capture Element Screenshot" owner="SeleniumLibrary">
<msg time="2024-09-25T20:34:33.788083" level="INFO" html="true">&lt;/td&gt;&lt;/tr&gt;&lt;tr&gt;&lt;td colspan="3"&gt;&lt;a href="icon_screenshot_Tietokoneet.png"&gt;&lt;img src="icon_screenshot_Tietokoneet.png" width="400px"&gt;&lt;/a&gt;</msg>
<arg>${icon_element}</arg>
<arg>icon_screenshot_${category}.png</arg>
<doc>Captures a screenshot from the element identified by ``locator`` and embeds it into log file.</doc>
<status status="PASS" start="2024-09-25T20:34:33.759056" elapsed="0.029162"/>
</kw>
<kw name="Sleep" owner="BuiltIn">
<msg time="2024-09-25T20:34:35.790715" level="INFO">Slept 2 seconds.</msg>
<arg>2</arg>
<doc>Pauses the test executed for the given time.</doc>
<status status="PASS" start="2024-09-25T20:34:33.788374" elapsed="2.002434"/>
</kw>
<var name="${category}">Tietokoneet</var>
<status status="PASS" start="2024-09-25T20:34:33.164912" elapsed="2.625957"/>
</iter>
<iter>
<kw name="Set Variable" owner="BuiltIn">
<msg time="2024-09-25T20:34:35.791257" level="INFO">${category_url} = https://www.jimms.fi/fi/Product/Komponentit</msg>
<var>${category_url}</var>
<arg>${BASE_URL}${category}</arg>
<doc>Returns the given values which can then be assigned to a variables.</doc>
<status status="PASS" start="2024-09-25T20:34:35.791100" elapsed="0.000174"/>
</kw>
<kw name="Go To" owner="SeleniumLibrary">
<msg time="2024-09-25T20:34:35.791430" level="INFO">Opening url 'https://www.jimms.fi/fi/Product/Komponentit'</msg>
<arg>${category_url}</arg>
<doc>Navigates the current browser window to the provided ``url``.</doc>
<status status="PASS" start="2024-09-25T20:34:35.791346" elapsed="0.226089"/>
</kw>
<kw name="Element Should Be Visible" owner="SeleniumLibrary">
<msg time="2024-09-25T20:34:36.028227" level="INFO">Element 'xpath=//*[@class='addto-cart-wrapper']' is displayed.</msg>
<arg>xpath=//*[@class='addto-cart-wrapper']</arg>
<arg>msg=Add to cart button not found for ${category}.</arg>
<doc>Verifies that the element identified by ``locator`` is visible.</doc>
<status status="PASS" start="2024-09-25T20:34:36.017588" elapsed="0.010743"/>
</kw>
<kw name="Element Should Be Visible" owner="SeleniumLibrary">
<msg time="2024-09-25T20:34:36.038118" level="INFO">Element 'xpath=//*[@class='btn btn-success btn-icon js-cart-btn' and @title='Lisää koriin']' is displayed.</msg>
<arg>xpath=//*[@class='btn btn-success btn-icon js-cart-btn' and @title='Lisää koriin']</arg>
<arg>msg="Lisää koriin" button not found for ${category}.</arg>
<doc>Verifies that the element identified by ``locator`` is visible.</doc>
<status status="PASS" start="2024-09-25T20:34:36.028521" elapsed="0.009680"/>
</kw>
<kw name="Scroll Element Into View" owner="SeleniumLibrary">
<arg>xpath=//*[@class='btn btn-success btn-icon js-cart-btn' and @title='Lisää koriin']</arg>
<doc>Scrolls the element identified by ``locator`` into view.</doc>
<status status="PASS" start="2024-09-25T20:34:36.038352" elapsed="0.268168"/>
</kw>
<kw name="Get WebElement" owner="SeleniumLibrary">
<msg time="2024-09-25T20:34:36.313267" level="INFO">${icon_element} = &lt;selenium.webdriver.remote.webelement.WebElement (session="e156a1e909a81d050f65018577cf19d3", element="f.0DEAEFEC625B426A52FE173A7BEDAEC3.d.D64DE56836039707C7BBF9B1F88DA573.e.213")&gt;</msg>
<var>${icon_element}</var>
<arg>xpath=//*[@class='material-icon me-1']</arg>
<doc>Returns the first WebElement matching the given ``locator``.</doc>
<status status="PASS" start="2024-09-25T20:34:36.306676" elapsed="0.006680"/>
</kw>
<kw name="Element Should Be Visible" owner="SeleniumLibrary">
<msg time="2024-09-25T20:34:36.317667" level="INFO">Element '&lt;selenium.webdriver.remote.webelement.WebElement (session="e156a1e909a81d050f65018577cf19d3", element="f.0DEAEFEC625B426A52FE173A7BEDAEC3.d.D64DE56836039707C7BBF9B1F88DA573.e.213")&gt;' is displayed.</msg>
<arg>${icon_element}</arg>
<arg>msg=Icon for "Lisää koriin" not found for ${category}.</arg>
<doc>Verifies that the element identified by ``locator`` is visible.</doc>
<status status="PASS" start="2024-09-25T20:34:36.313520" elapsed="0.004296"/>
</kw>
<kw name="Capture Element Screenshot" owner="SeleniumLibrary">
<msg time="2024-09-25T20:34:36.347281" level="INFO" html="true">&lt;/td&gt;&lt;/tr&gt;&lt;tr&gt;&lt;td colspan="3"&gt;&lt;a href="icon_screenshot_Komponentit.png"&gt;&lt;img src="icon_screenshot_Komponentit.png" width="400px"&gt;&lt;/a&gt;</msg>
<arg>${icon_element}</arg>
<arg>icon_screenshot_${category}.png</arg>
<doc>Captures a screenshot from the element identified by ``locator`` and embeds it into log file.</doc>
<status status="PASS" start="2024-09-25T20:34:36.317994" elapsed="0.029378"/>
</kw>
<kw name="Sleep" owner="BuiltIn">
<msg time="2024-09-25T20:34:38.347780" level="INFO">Slept 2 seconds.</msg>
<arg>2</arg>
<doc>Pauses the test executed for the given time.</doc>
<status status="PASS" start="2024-09-25T20:34:36.347506" elapsed="2.000400"/>
</kw>
<var name="${category}">Komponentit</var>
<status status="PASS" start="2024-09-25T20:34:35.791010" elapsed="2.556974"/>
</iter>
<iter>
<kw name="Set Variable" owner="BuiltIn">
<msg time="2024-09-25T20:34:38.348399" level="INFO">${category_url} = https://www.jimms.fi/fi/Product/Oheislaitteet</msg>
<var>${category_url}</var>
<arg>${BASE_URL}${category}</arg>
<doc>Returns the given values which can then be assigned to a variables.</doc>
<status status="PASS" start="2024-09-25T20:34:38.348234" elapsed="0.000183"/>
</kw>
<kw name="Go To" owner="SeleniumLibrary">
<msg time="2024-09-25T20:34:38.348631" level="INFO">Opening url 'https://www.jimms.fi/fi/Product/Oheislaitteet'</msg>
<arg>${category_url}</arg>
<doc>Navigates the current browser window to the provided ``url``.</doc>
<status status="PASS" start="2024-09-25T20:34:38.348521" elapsed="0.324161"/>
</kw>
<kw name="Element Should Be Visible" owner="SeleniumLibrary">
<msg time="2024-09-25T20:34:38.682636" level="INFO">Element 'xpath=//*[@class='addto-cart-wrapper']' is displayed.</msg>
<arg>xpath=//*[@class='addto-cart-wrapper']</arg>
<arg>msg=Add to cart button not found for ${category}.</arg>
<doc>Verifies that the element identified by ``locator`` is visible.</doc>
<status status="PASS" start="2024-09-25T20:34:38.672830" elapsed="0.009941"/>
</kw>
<kw name="Element Should Be Visible" owner="SeleniumLibrary">
<msg time="2024-09-25T20:34:38.692119" level="INFO">Element 'xpath=//*[@class='btn btn-success btn-icon js-cart-btn' and @title='Lisää koriin']' is displayed.</msg>
<arg>xpath=//*[@class='btn btn-success btn-icon js-cart-btn' and @title='Lisää koriin']</arg>
<arg>msg="Lisää koriin" button not found for ${category}.</arg>
<doc>Verifies that the element identified by ``locator`` is visible.</doc>
<status status="PASS" start="2024-09-25T20:34:38.682923" elapsed="0.009272"/>
</kw>
<kw name="Scroll Element Into View" owner="SeleniumLibrary">
<arg>xpath=//*[@class='btn btn-success btn-icon js-cart-btn' and @title='Lisää koriin']</arg>
<doc>Scrolls the element identified by ``locator`` into view.</doc>
<status status="PASS" start="2024-09-25T20:34:38.692327" elapsed="0.269675"/>
</kw>
<kw name="Get WebElement" owner="SeleniumLibrary">
<msg time="2024-09-25T20:34:38.967650" level="INFO">${icon_element} = &lt;selenium.webdriver.remote.webelement.WebElement (session="e156a1e909a81d050f65018577cf19d3", element="f.0DEAEFEC625B426A52FE173A7BEDAEC3.d.B43BD97E3E8BA1A8E00C6362EA485F0D.e.294")&gt;</msg>
<var>${icon_element}</var>
<arg>xpath=//*[@class='material-icon me-1']</arg>
<doc>Returns the first WebElement matching the given ``locator``.</doc>
<status status="PASS" start="2024-09-25T20:34:38.962154" elapsed="0.005527"/>
</kw>
<kw name="Element Should Be Visible" owner="SeleniumLibrary">
<msg time="2024-09-25T20:34:38.971519" level="INFO">Element '&lt;selenium.webdriver.remote.webelement.WebElement (session="e156a1e909a81d050f65018577cf19d3", element="f.0DEAEFEC625B426A52FE173A7BEDAEC3.d.B43BD97E3E8BA1A8E00C6362EA485F0D.e.294")&gt;' is displayed.</msg>
<arg>${icon_element}</arg>
<arg>msg=Icon for "Lisää koriin" not found for ${category}.</arg>
<doc>Verifies that the element identified by ``locator`` is visible.</doc>
<status status="PASS" start="2024-09-25T20:34:38.967819" elapsed="0.003784"/>
</kw>
<kw name="Capture Element Screenshot" owner="SeleniumLibrary">
<msg time="2024-09-25T20:34:38.997962" level="INFO" html="true">&lt;/td&gt;&lt;/tr&gt;&lt;tr&gt;&lt;td colspan="3"&gt;&lt;a href="icon_screenshot_Oheislaitteet.png"&gt;&lt;img src="icon_screenshot_Oheislaitteet.png" width="400px"&gt;&lt;/a&gt;</msg>
<arg>${icon_element}</arg>
<arg>icon_screenshot_${category}.png</arg>
<doc>Captures a screenshot from the element identified by ``locator`` and embeds it into log file.</doc>
<status status="PASS" start="2024-09-25T20:34:38.971737" elapsed="0.026308"/>
</kw>
<kw name="Sleep" owner="BuiltIn">
<msg time="2024-09-25T20:34:40.998935" level="INFO">Slept 2 seconds.</msg>
<arg>2</arg>
<doc>Pauses the test executed for the given time.</doc>
<status status="PASS" start="2024-09-25T20:34:38.998181" elapsed="2.000864"/>
</kw>
<var name="${category}">Oheislaitteet</var>
<status status="PASS" start="2024-09-25T20:34:38.348142" elapsed="2.650971"/>
</iter>
<iter>
<kw name="Set Variable" owner="BuiltIn">
<msg time="2024-09-25T20:34:40.999777" level="INFO">${category_url} = https://www.jimms.fi/fi/Product/SimRacing</msg>
<var>${category_url}</var>
<arg>${BASE_URL}${category}</arg>
<doc>Returns the given values which can then be assigned to a variables.</doc>
<status status="PASS" start="2024-09-25T20:34:40.999490" elapsed="0.000307"/>
</kw>
<kw name="Go To" owner="SeleniumLibrary">
<msg time="2024-09-25T20:34:41.000034" level="INFO">Opening url 'https://www.jimms.fi/fi/Product/SimRacing'</msg>
<arg>${category_url}</arg>
<doc>Navigates the current browser window to the provided ``url``.</doc>
<status status="PASS" start="2024-09-25T20:34:40.999906" elapsed="0.307329"/>
</kw>
<kw name="Element Should Be Visible" owner="SeleniumLibrary">
<msg time="2024-09-25T20:34:41.316961" level="INFO">Element 'xpath=//*[@class='addto-cart-wrapper']' is displayed.</msg>
<arg>xpath=//*[@class='addto-cart-wrapper']</arg>
<arg>msg=Add to cart button not found for ${category}.</arg>
<doc>Verifies that the element identified by ``locator`` is visible.</doc>
<status status="PASS" start="2024-09-25T20:34:41.307401" elapsed="0.009639"/>
</kw>
<kw name="Element Should Be Visible" owner="SeleniumLibrary">
<msg time="2024-09-25T20:34:41.327435" level="INFO">Element 'xpath=//*[@class='btn btn-success btn-icon js-cart-btn' and @title='Lisää koriin']' is displayed.</msg>
<arg>xpath=//*[@class='btn btn-success btn-icon js-cart-btn' and @title='Lisää koriin']</arg>
<arg>msg="Lisää koriin" button not found for ${category}.</arg>
<doc>Verifies that the element identified by ``locator`` is visible.</doc>
<status status="PASS" start="2024-09-25T20:34:41.317176" elapsed="0.010341"/>
</kw>
<kw name="Scroll Element Into View" owner="SeleniumLibrary">
<arg>xpath=//*[@class='btn btn-success btn-icon js-cart-btn' and @title='Lisää koriin']</arg>
<doc>Scrolls the element identified by ``locator`` into view.</doc>
<status status="PASS" start="2024-09-25T20:34:41.327700" elapsed="0.268945"/>
</kw>
<kw name="Get WebElement" owner="SeleniumLibrary">
<msg time="2024-09-25T20:34:41.603156" level="INFO">${icon_element} = &lt;selenium.webdriver.remote.webelement.WebElement (session="e156a1e909a81d050f65018577cf19d3", element="f.0DEAEFEC625B426A52FE173A7BEDAEC3.d.670A5E560A6200FF3CCE16A6418FB899.e.375")&gt;</msg>
<var>${icon_element}</var>
<arg>xpath=//*[@class='material-icon me-1']</arg>
<doc>Returns the first WebElement matching the given ``locator``.</doc>
<status status="PASS" start="2024-09-25T20:34:41.596849" elapsed="0.006342"/>
</kw>
<kw name="Element Should Be Visible" owner="SeleniumLibrary">
<msg time="2024-09-25T20:34:41.606782" level="INFO">Element '&lt;selenium.webdriver.remote.webelement.WebElement (session="e156a1e909a81d050f65018577cf19d3", element="f.0DEAEFEC625B426A52FE173A7BEDAEC3.d.670A5E560A6200FF3CCE16A6418FB899.e.375")&gt;' is displayed.</msg>
<arg>${icon_element}</arg>
<arg>msg=Icon for "Lisää koriin" not found for ${category}.</arg>
<doc>Verifies that the element identified by ``locator`` is visible.</doc>
<status status="PASS" start="2024-09-25T20:34:41.603375" elapsed="0.003472"/>
</kw>
<kw name="Capture Element Screenshot" owner="SeleniumLibrary">
<msg time="2024-09-25T20:34:41.637647" level="INFO" html="true">&lt;/td&gt;&lt;/tr&gt;&lt;tr&gt;&lt;td colspan="3"&gt;&lt;a href="icon_screenshot_SimRacing.png"&gt;&lt;img src="icon_screenshot_SimRacing.png" width="400px"&gt;&lt;/a&gt;</msg>
<arg>${icon_element}</arg>
<arg>icon_screenshot_${category}.png</arg>
<doc>Captures a screenshot from the element identified by ``locator`` and embeds it into log file.</doc>
<status status="PASS" start="2024-09-25T20:34:41.606957" elapsed="0.030816"/>
</kw>
<kw name="Sleep" owner="BuiltIn">
<msg time="2024-09-25T20:34:43.638927" level="INFO">Slept 2 seconds.</msg>
<arg>2</arg>
<doc>Pauses the test executed for the given time.</doc>
<status status="PASS" start="2024-09-25T20:34:41.637956" elapsed="2.001065"/>
</kw>
<var name="${category}">SimRacing</var>
<status status="PASS" start="2024-09-25T20:34:40.999309" elapsed="2.639773"/>
</iter>
<iter>
<kw name="Set Variable" owner="BuiltIn">
<msg time="2024-09-25T20:34:43.639492" level="INFO">${category_url} = https://www.jimms.fi/fi/Product/Verkkotuotteet</msg>
<var>${category_url}</var>
<arg>${BASE_URL}${category}</arg>
<doc>Returns the given values which can then be assigned to a variables.</doc>
<status status="PASS" start="2024-09-25T20:34:43.639333" elapsed="0.000177"/>
</kw>
<kw name="Go To" owner="SeleniumLibrary">
<msg time="2024-09-25T20:34:43.639667" level="INFO">Opening url 'https://www.jimms.fi/fi/Product/Verkkotuotteet'</msg>
<arg>${category_url}</arg>
<doc>Navigates the current browser window to the provided ``url``.</doc>
<status status="PASS" start="2024-09-25T20:34:43.639582" elapsed="0.300304"/>
</kw>
<kw name="Element Should Be Visible" owner="SeleniumLibrary">
<msg time="2024-09-25T20:34:43.949712" level="INFO">Element 'xpath=//*[@class='addto-cart-wrapper']' is displayed.</msg>
<arg>xpath=//*[@class='addto-cart-wrapper']</arg>
<arg>msg=Add to cart button not found for ${category}.</arg>
<doc>Verifies that the element identified by ``locator`` is visible.</doc>
<status status="PASS" start="2024-09-25T20:34:43.940045" elapsed="0.009744"/>
</kw>
<kw name="Element Should Be Visible" owner="SeleniumLibrary">
<msg time="2024-09-25T20:34:43.959527" level="INFO">Element 'xpath=//*[@class='btn btn-success btn-icon js-cart-btn' and @title='Lisää koriin']' is displayed.</msg>
<arg>xpath=//*[@class='btn btn-success btn-icon js-cart-btn' and @title='Lisää koriin']</arg>
<arg>msg="Lisää koriin" button not found for ${category}.</arg>
<doc>Verifies that the element identified by ``locator`` is visible.</doc>
<status status="PASS" start="2024-09-25T20:34:43.949924" elapsed="0.009665"/>
</kw>
<kw name="Scroll Element Into View" owner="SeleniumLibrary">
<arg>xpath=//*[@class='btn btn-success btn-icon js-cart-btn' and @title='Lisää koriin']</arg>
<doc>Scrolls the element identified by ``locator`` into view.</doc>
<status status="PASS" start="2024-09-25T20:34:43.959710" elapsed="0.272009"/>
</kw>
<kw name="Get WebElement" owner="SeleniumLibrary">
<msg time="2024-09-25T20:34:44.237797" level="INFO">${icon_element} = &lt;selenium.webdriver.remote.webelement.WebElement (session="e156a1e909a81d050f65018577cf19d3", element="f.0DEAEFEC625B426A52FE173A7BEDAEC3.d.4358E03B4622DDBADF6473CBAE84B9B4.e.448")&gt;</msg>
<var>${icon_element}</var>
<arg>xpath=//*[@class='material-icon me-1']</arg>
<doc>Returns the first WebElement matching the given ``locator``.</doc>
<status status="PASS" start="2024-09-25T20:34:44.231892" elapsed="0.005939"/>
</kw>
<kw name="Element Should Be Visible" owner="SeleniumLibrary">
<msg time="2024-09-25T20:34:44.241661" level="INFO">Element '&lt;selenium.webdriver.remote.webelement.WebElement (session="e156a1e909a81d050f65018577cf19d3", element="f.0DEAEFEC625B426A52FE173A7BEDAEC3.d.4358E03B4622DDBADF6473CBAE84B9B4.e.448")&gt;' is displayed.</msg>
<arg>${icon_element}</arg>
<arg>msg=Icon for "Lisää koriin" not found for ${category}.</arg>
<doc>Verifies that the element identified by ``locator`` is visible.</doc>
<status status="PASS" start="2024-09-25T20:34:44.238018" elapsed="0.003719"/>
</kw>
<kw name="Capture Element Screenshot" owner="SeleniumLibrary">
<msg time="2024-09-25T20:34:44.271079" level="INFO" html="true">&lt;/td&gt;&lt;/tr&gt;&lt;tr&gt;&lt;td colspan="3"&gt;&lt;a href="icon_screenshot_Verkkotuotteet.png"&gt;&lt;img src="icon_screenshot_Verkkotuotteet.png" width="400px"&gt;&lt;/a&gt;</msg>
<arg>${icon_element}</arg>
<arg>icon_screenshot_${category}.png</arg>
<doc>Captures a screenshot from the element identified by ``locator`` and embeds it into log file.</doc>
<status status="PASS" start="2024-09-25T20:34:44.241873" elapsed="0.029339"/>
</kw>
<kw name="Sleep" owner="BuiltIn">
<msg time="2024-09-25T20:34:46.272990" level="INFO">Slept 2 seconds.</msg>
<arg>2</arg>
<doc>Pauses the test executed for the given time.</doc>
<status status="PASS" start="2024-09-25T20:34:44.271416" elapsed="2.001669"/>
</kw>
<var name="${category}">Verkkotuotteet</var>
<status status="PASS" start="2024-09-25T20:34:43.639240" elapsed="2.633905"/>
</iter>
<iter>
<kw name="Set Variable" owner="BuiltIn">
<msg time="2024-09-25T20:34:46.273573" level="INFO">${category_url} = https://www.jimms.fi/fi/Product/Tarvikkeet</msg>
<var>${category_url}</var>
<arg>${BASE_URL}${category}</arg>
<doc>Returns the given values which can then be assigned to a variables.</doc>
<status status="PASS" start="2024-09-25T20:34:46.273405" elapsed="0.000187"/>
</kw>
<kw name="Go To" owner="SeleniumLibrary">
<msg time="2024-09-25T20:34:46.273852" level="INFO">Opening url 'https://www.jimms.fi/fi/Product/Tarvikkeet'</msg>
<arg>${category_url}</arg>
<doc>Navigates the current browser window to the provided ``url``.</doc>
<status status="PASS" start="2024-09-25T20:34:46.273742" elapsed="0.318326"/>
</kw>
<kw name="Element Should Be Visible" owner="SeleniumLibrary">
<msg time="2024-09-25T20:34:46.605341" level="INFO">Element 'xpath=//*[@class='addto-cart-wrapper']' is displayed.</msg>
<arg>xpath=//*[@class='addto-cart-wrapper']</arg>
<arg>msg=Add to cart button not found for ${category}.</arg>
<doc>Verifies that the element identified by ``locator`` is visible.</doc>
<status status="PASS" start="2024-09-25T20:34:46.592239" elapsed="0.013215"/>
</kw>
<kw name="Element Should Be Visible" owner="SeleniumLibrary">
<msg time="2024-09-25T20:34:46.615124" level="INFO">Element 'xpath=//*[@class='btn btn-success btn-icon js-cart-btn' and @title='Lisää koriin']' is displayed.</msg>
<arg>xpath=//*[@class='btn btn-success btn-icon js-cart-btn' and @title='Lisää koriin']</arg>
<arg>msg="Lisää koriin" button not found for ${category}.</arg>
<doc>Verifies that the element identified by ``locator`` is visible.</doc>
<status status="PASS" start="2024-09-25T20:34:46.605598" elapsed="0.009626"/>
</kw>
<kw name="Scroll Element Into View" owner="SeleniumLibrary">
<arg>xpath=//*[@class='btn btn-success btn-icon js-cart-btn' and @title='Lisää koriin']</arg>
<doc>Scrolls the element identified by ``locator`` into view.</doc>
<status status="PASS" start="2024-09-25T20:34:46.615363" elapsed="0.276501"/>
</kw>
<kw name="Get WebElement" owner="SeleniumLibrary">
<msg time="2024-09-25T20:34:46.898094" level="INFO">${icon_element} = &lt;selenium.webdriver.remote.webelement.WebElement (session="e156a1e909a81d050f65018577cf19d3", element="f.0DEAEFEC625B426A52FE173A7BEDAEC3.d.E6147177ABA2A213818DF00B5FB6021E.e.522")&gt;</msg>
<var>${icon_element}</var>
<arg>xpath=//*[@class='material-icon me-1']</arg>
<doc>Returns the first WebElement matching the given ``locator``.</doc>
<status status="PASS" start="2024-09-25T20:34:46.892018" elapsed="0.006130"/>
</kw>
<kw name="Element Should Be Visible" owner="SeleniumLibrary">
<msg time="2024-09-25T20:34:46.902174" level="INFO">Element '&lt;selenium.webdriver.remote.webelement.WebElement (session="e156a1e909a81d050f65018577cf19d3", element="f.0DEAEFEC625B426A52FE173A7BEDAEC3.d.E6147177ABA2A213818DF00B5FB6021E.e.522")&gt;' is displayed.</msg>
<arg>${icon_element}</arg>
<arg>msg=Icon for "Lisää koriin" not found for ${category}.</arg>
<doc>Verifies that the element identified by ``locator`` is visible.</doc>
<status status="PASS" start="2024-09-25T20:34:46.898363" elapsed="0.003864"/>
</kw>
<kw name="Capture Element Screenshot" owner="SeleniumLibrary">
<msg time="2024-09-25T20:34:46.931486" level="INFO" html="true">&lt;/td&gt;&lt;/tr&gt;&lt;tr&gt;&lt;td colspan="3"&gt;&lt;a href="icon_screenshot_Tarvikkeet.png"&gt;&lt;img src="icon_screenshot_Tarvikkeet.png" width="400px"&gt;&lt;/a&gt;</msg>
<arg>${icon_element}</arg>
<arg>icon_screenshot_${category}.png</arg>
<doc>Captures a screenshot from the element identified by ``locator`` and embeds it into log file.</doc>
<status status="PASS" start="2024-09-25T20:34:46.902327" elapsed="0.029254"/>
</kw>
<kw name="Sleep" owner="BuiltIn">
<msg time="2024-09-25T20:34:48.932324" level="INFO">Slept 2 seconds.</msg>
<arg>2</arg>
<doc>Pauses the test executed for the given time.</doc>
<status status="PASS" start="2024-09-25T20:34:46.931765" elapsed="2.000653"/>
</kw>
<var name="${category}">Tarvikkeet</var>
<status status="PASS" start="2024-09-25T20:34:46.273282" elapsed="2.659195"/>
</iter>
<iter>
<kw name="Set Variable" owner="BuiltIn">
<msg time="2024-09-25T20:34:48.932944" level="INFO">${category_url} = https://www.jimms.fi/fi/Product/Erikoistuotteet</msg>
<var>${category_url}</var>
<arg>${BASE_URL}${category}</arg>
<doc>Returns the given values which can then be assigned to a variables.</doc>
<status status="PASS" start="2024-09-25T20:34:48.932742" elapsed="0.000225"/>
</kw>
<kw name="Go To" owner="SeleniumLibrary">
<msg time="2024-09-25T20:34:48.933159" level="INFO">Opening url 'https://www.jimms.fi/fi/Product/Erikoistuotteet'</msg>
<arg>${category_url}</arg>
<doc>Navigates the current browser window to the provided ``url``.</doc>
<status status="PASS" start="2024-09-25T20:34:48.933051" elapsed="0.275432"/>
</kw>
<kw name="Element Should Be Visible" owner="SeleniumLibrary">
<msg time="2024-09-25T20:34:49.217939" level="INFO">Element 'xpath=//*[@class='addto-cart-wrapper']' is displayed.</msg>
<arg>xpath=//*[@class='addto-cart-wrapper']</arg>
<arg>msg=Add to cart button not found for ${category}.</arg>
<doc>Verifies that the element identified by ``locator`` is visible.</doc>
<status status="PASS" start="2024-09-25T20:34:49.208647" elapsed="0.009369"/>
</kw>
<kw name="Element Should Be Visible" owner="SeleniumLibrary">
<msg time="2024-09-25T20:34:49.227213" level="INFO">Element 'xpath=//*[@class='btn btn-success btn-icon js-cart-btn' and @title='Lisää koriin']' is displayed.</msg>
<arg>xpath=//*[@class='btn btn-success btn-icon js-cart-btn' and @title='Lisää koriin']</arg>
<arg>msg="Lisää koriin" button not found for ${category}.</arg>
<doc>Verifies that the element identified by ``locator`` is visible.</doc>
<status status="PASS" start="2024-09-25T20:34:49.218147" elapsed="0.009139"/>
</kw>
<kw name="Scroll Element Into View" owner="SeleniumLibrary">
<arg>xpath=//*[@class='btn btn-success btn-icon js-cart-btn' and @title='Lisää koriin']</arg>
<doc>Scrolls the element identified by ``locator`` into view.</doc>
<status status="PASS" start="2024-09-25T20:34:49.227412" elapsed="0.267988"/>
</kw>
<kw name="Get WebElement" owner="SeleniumLibrary">
<msg time="2024-09-25T20:34:49.501288" level="INFO">${icon_element} = &lt;selenium.webdriver.remote.webelement.WebElement (session="e156a1e909a81d050f65018577cf19d3", element="f.0DEAEFEC625B426A52FE173A7BEDAEC3.d.C4A4A3FB8866823837105A011205C5B9.e.600")&gt;</msg>
<var>${icon_element}</var>
<arg>xpath=//*[@class='material-icon me-1']</arg>
<doc>Returns the first WebElement matching the given ``locator``.</doc>
<status status="PASS" start="2024-09-25T20:34:49.495558" elapsed="0.005763"/>
</kw>
<kw name="Element Should Be Visible" owner="SeleniumLibrary">
<msg time="2024-09-25T20:34:49.505017" level="INFO">Element '&lt;selenium.webdriver.remote.webelement.WebElement (session="e156a1e909a81d050f65018577cf19d3", element="f.0DEAEFEC625B426A52FE173A7BEDAEC3.d.C4A4A3FB8866823837105A011205C5B9.e.600")&gt;' is displayed.</msg>
<arg>${icon_element}</arg>
<arg>msg=Icon for "Lisää koriin" not found for ${category}.</arg>
<doc>Verifies that the element identified by ``locator`` is visible.</doc>
<status status="PASS" start="2024-09-25T20:34:49.501457" elapsed="0.003649"/>
</kw>
<kw name="Capture Element Screenshot" owner="SeleniumLibrary">
<msg time="2024-09-25T20:34:49.530939" level="INFO" html="true">&lt;/td&gt;&lt;/tr&gt;&lt;tr&gt;&lt;td colspan="3"&gt;&lt;a href="icon_screenshot_Erikoistuotteet.png"&gt;&lt;img src="icon_screenshot_Erikoistuotteet.png" width="400px"&gt;&lt;/a&gt;</msg>
<arg>${icon_element}</arg>
<arg>icon_screenshot_${category}.png</arg>
<doc>Captures a screenshot from the element identified by ``locator`` and embeds it into log file.</doc>
<status status="PASS" start="2024-09-25T20:34:49.505224" elapsed="0.025798"/>
</kw>
<kw name="Sleep" owner="BuiltIn">
<msg time="2024-09-25T20:34:51.531854" level="INFO">Slept 2 seconds.</msg>
<arg>2</arg>
<doc>Pauses the test executed for the given time.</doc>
<status status="PASS" start="2024-09-25T20:34:49.531157" elapsed="2.000798"/>
</kw>
<var name="${category}">Erikoistuotteet</var>
<status status="PASS" start="2024-09-25T20:34:48.932627" elapsed="2.599393"/>
</iter>
<iter>
<kw name="Set Variable" owner="BuiltIn">
<msg time="2024-09-25T20:34:51.532456" level="INFO">${category_url} = https://www.jimms.fi/fi/Product/Ohjelmistot</msg>
<var>${category_url}</var>
<arg>${BASE_URL}${category}</arg>
<doc>Returns the given values which can then be assigned to a variables.</doc>
<status status="PASS" start="2024-09-25T20:34:51.532296" elapsed="0.000178"/>
</kw>
<kw name="Go To" owner="SeleniumLibrary">
<msg time="2024-09-25T20:34:51.532643" level="INFO">Opening url 'https://www.jimms.fi/fi/Product/Ohjelmistot'</msg>
<arg>${category_url}</arg>
<doc>Navigates the current browser window to the provided ``url``.</doc>
<status status="PASS" start="2024-09-25T20:34:51.532550" elapsed="0.374460"/>
</kw>
<kw name="Element Should Be Visible" owner="SeleniumLibrary">
<msg time="2024-09-25T20:34:51.925874" level="INFO">Element 'xpath=//*[@class='addto-cart-wrapper']' is displayed.</msg>
<arg>xpath=//*[@class='addto-cart-wrapper']</arg>
<arg>msg=Add to cart button not found for ${category}.</arg>
<doc>Verifies that the element identified by ``locator`` is visible.</doc>
<status status="PASS" start="2024-09-25T20:34:51.907270" elapsed="0.018685"/>
</kw>
<kw name="Element Should Be Visible" owner="SeleniumLibrary">
<msg time="2024-09-25T20:34:51.935463" level="INFO">Element 'xpath=//*[@class='btn btn-success btn-icon js-cart-btn' and @title='Lisää koriin']' is displayed.</msg>
<arg>xpath=//*[@class='btn btn-success btn-icon js-cart-btn' and @title='Lisää koriin']</arg>
<arg>msg="Lisää koriin" button not found for ${category}.</arg>
<doc>Verifies that the element identified by ``locator`` is visible.</doc>
<status status="PASS" start="2024-09-25T20:34:51.926110" elapsed="0.009451"/>
</kw>
<kw name="Scroll Element Into View" owner="SeleniumLibrary">
<arg>xpath=//*[@class='btn btn-success btn-icon js-cart-btn' and @title='Lisää koriin']</arg>
<doc>Scrolls the element identified by ``locator`` into view.</doc>
<status status="PASS" start="2024-09-25T20:34:51.935712" elapsed="0.266629"/>
</kw>
<kw name="Get WebElement" owner="SeleniumLibrary">
<msg time="2024-09-25T20:34:52.207792" level="INFO">${icon_element} = &lt;selenium.webdriver.remote.webelement.WebElement (session="e156a1e909a81d050f65018577cf19d3", element="f.0DEAEFEC625B426A52FE173A7BEDAEC3.d.D24FB8AAEFBA973FFCF610A2627D0945.e.670")&gt;</msg>
<var>${icon_element}</var>
<arg>xpath=//*[@class='material-icon me-1']</arg>
<doc>Returns the first WebElement matching the given ``locator``.</doc>
<status status="PASS" start="2024-09-25T20:34:52.202495" elapsed="0.005348"/>
</kw>
<kw name="Element Should Be Visible" owner="SeleniumLibrary">
<msg time="2024-09-25T20:34:52.211629" level="INFO">Element '&lt;selenium.webdriver.remote.webelement.WebElement (session="e156a1e909a81d050f65018577cf19d3", element="f.0DEAEFEC625B426A52FE173A7BEDAEC3.d.D24FB8AAEFBA973FFCF610A2627D0945.e.670")&gt;' is displayed.</msg>
<arg>${icon_element}</arg>
<arg>msg=Icon for "Lisää koriin" not found for ${category}.</arg>
<doc>Verifies that the element identified by ``locator`` is visible.</doc>
<status status="PASS" start="2024-09-25T20:34:52.208035" elapsed="0.003676"/>
</kw>
<kw name="Capture Element Screenshot" owner="SeleniumLibrary">
<msg time="2024-09-25T20:34:52.237347" level="INFO" html="true">&lt;/td&gt;&lt;/tr&gt;&lt;tr&gt;&lt;td colspan="3"&gt;&lt;a href="icon_screenshot_Ohjelmistot.png"&gt;&lt;img src="icon_screenshot_Ohjelmistot.png" width="400px"&gt;&lt;/a&gt;</msg>
<arg>${icon_element}</arg>
<arg>icon_screenshot_${category}.png</arg>
<doc>Captures a screenshot from the element identified by ``locator`` and embeds it into log file.</doc>
<status status="PASS" start="2024-09-25T20:34:52.211853" elapsed="0.025615"/>
</kw>
<kw name="Sleep" owner="BuiltIn">
<msg time="2024-09-25T20:34:54.239702" level="INFO">Slept 2 seconds.</msg>
<arg>2</arg>
<doc>Pauses the test executed for the given time.</doc>
<status status="PASS" start="2024-09-25T20:34:52.237654" elapsed="2.002144"/>
</kw>
<var name="${category}">Ohjelmistot</var>
<status status="PASS" start="2024-09-25T20:34:51.532207" elapsed="2.707648"/>
</iter>
<var>${category}</var>
<value>@{CATEGORIES}</value>
<status status="PASS" start="2024-09-25T20:34:33.164601" elapsed="21.075295"/>
</for>
<kw name="Close Browser" owner="SeleniumLibrary">
<doc>Closes the current browser.</doc>
<status status="PASS" start="2024-09-25T20:34:54.240059" elapsed="0.132603"/>
</kw>
<doc>This test case verifies that all product categories return a valid landing page and contain the addto-cart-wrapper and its icon.</doc>
<status status="PASS" start="2024-09-25T20:34:30.353209" elapsed="24.019631"/>
</test>
<status status="PASS" start="2024-09-25T20:34:30.163845" elapsed="24.209285"/>
</suite>
<statistics>
<total>
<stat pass="1" fail="0" skip="0">All Tests</stat>
</total>
<tag>
</tag>
<suite>
<stat pass="1" fail="0" skip="0" id="s1" name="Test Cart Icon">Test Cart Icon</stat>
</suite>
</statistics>
<errors>
</errors>
</robot>
